#
# A fatal error has been detected by the Java Runtime Environment:
#
#  SIGBUS (0x7) at pc=0x00007f5332d3b707, pid=49, tid=0x00007f5330acf640
#
# JRE version: OpenJDK Runtime Environment (Zulu 8.48.0.53-CA-linux64) (8.0_265-b11) (build 1.8.0_265-b11)
# Java VM: OpenJDK 64-Bit Server VM (25.265-b11 mixed mode linux-amd64 compressed oops)
# Problematic frame:
# V  [libjvm.so+0x9c6707]  RuntimeService::record_safepoint_synchronized()+0x57
#
# Core dump written. Default location: /home/runner/eaglerx-server2/server/core or core.49
#
# If you would like to submit a bug report, please visit:
#   http://www.azulsystems.com/support/
#

---------------  T H R E A D  ---------------

Current thread (0x00007f532c096000):  VMThread [stack: 0x00007f53309d0000,0x00007f5330ad0000] [id=68]

siginfo: si_signo: 7 (SIGBUS), si_code: 2 (BUS_ADRERR), si_addr: 0x00007f5331d4c5d0

Registers:
RAX=0x00000009f00594f2, RBX=0x431bde82d7b634db, RCX=0x0000000000000000, RDX=0x00007f5331d4c5d0
RSP=0x00007f5330ace910, RBP=0x00007f5330ace910, RSI=0x0000000000000000, RDI=0x000000000000843a
R8 =0x0000000000000000, R9 =0x0000000000000000, R10=0x0000000000000000, R11=0x0000000000000000
R12=0x00007f5333358a5c, R13=0x0000000000000000, R14=0x0000000000000000, R15=0x00007f533337b268
RIP=0x00007f5332d3b707, EFLAGS=0x0000000000010202, CSGSFS=0x002b000000000033, ERR=0x0000000000000007
  TRAPNO=0x000000000000000e

Top of Stack: (sp=0x00007f5330ace910)
0x00007f5330ace910:   00007f5330acea40 00007f5332d41677
0x00007f5330ace920:   0000000000000100 00007f531d005410
0x00007f5330ace930:   00007f52f0289800 00007f5300000000
0x00007f5330ace940:   00007f5300000000 00007f532c096000
0x00007f5330ace950:   00007f5330ace9c0 00007f532c007fd0
0x00007f5330ace960:   0000000000000000 0000001630acea50
0x00007f5330ace970:   0000000000000000 000000002c0080d0
0x00007f5330ace980:   00007f5300000004 00007f5333329e23
0x00007f5330ace990:   00007f5332efa52f 00007f533334d700
0x00007f5330ace9a0:   0000000000000000 00000000ffffffff
0x00007f5330ace9b0:   00007f5330acea40 00000000000003e8
0x00007f5330ace9c0:   0000000000000000 0000000000000000
0x00007f5330ace9d0:   00007f531d005400 0000000000000000
0x00007f5330ace9e0:   00007f52fdbfe4e0 00007f52fdbfe470
0x00007f5330ace9f0:   0000000000000000 0000000000000000
0x00007f5330acea00:   00007f532c008000 00007f532c096000
0x00007f5330acea10:   00007f532c096000 0000000000000000
0x00007f5330acea20:   00007f5330aceab0 00007f532c096000
0x00007f5330acea30:   00007f532c0080d0 00007f5333361010
0x00007f5330acea40:   00007f5330aced00 00007f5332e5901f
0x00007f5330acea50:   00007f5330acec20 00007f532c0080d0
0x00007f5330acea60:   00007f5330acebc0 00007f5330acea70
0x00007f5330acea70:   00007f532c096000 00007f532c096920
0x00007f5330acea80:   00007f532c096960 00007f532c096970
0x00007f5330acea90:   00007f532c096a48 00000000000000d8
0x00007f5330aceaa0:   00007f532c096b50 00007f5330acec90
0x00007f5330aceab0:   00007f5330aceab8 6e69747563657845
0x00007f5330aceac0:   73656c616f632067 6566617320646563
0x00007f5330acead0:   4d5620746e696f70 6974617265706f20
0x00007f5330aceae0:   6f766552203a6e6f 642073616942656b
0x00007f5330aceaf0:   00656e6f00656e6f 656e6f64206e6f69
0x00007f5330aceb00:   00007f5330acec00 00007f5332caed43 

Instructions: (pc=0x00007f5332d3b707)
0x00007f5332d3b6e7:   2e 0f 1f 84 00 00 00 00 00 48 8d 3d 69 a6 62 00
0x00007f5332d3b6f7:   e8 84 f3 0c 00 48 8b 15 65 a6 62 00 48 8b 52 28
0x00007f5332d3b707:   48 01 02 eb b4 0f 1f 40 00 55 48 89 e5 53 48 83
0x00007f5332d3b717:   ec 08 90 48 8b 05 ef 9a 5e 00 80 38 00 74 0a 48 

Register to memory mapping:

RAX=0x00000009f00594f2 is an unknown value
RBX=0x431bde82d7b634db is an unknown value
RCX=0x0000000000000000 is an unknown value
RDX=0x00007f5331d4c5d0 is an unknown value
RSP=0x00007f5330ace910 is an unknown value
RBP=0x00007f5330ace910 is an unknown value
RSI=0x0000000000000000 is an unknown value
RDI=0x000000000000843a is an unknown value
R8 =0x0000000000000000 is an unknown value
R9 =0x0000000000000000 is an unknown value
R10=0x0000000000000000 is an unknown value
R11=0x0000000000000000 is an unknown value
R12=0x00007f5333358a5c: <offset 0xfe3a5c> in /nix/store/d9zjaa4bsa3ld40bpfjxz6fssjlz5nv1-zulu-8.48.0.53/jre/lib/amd64/server/libjvm.so at 0x00007f5332375000
R13=0x0000000000000000 is an unknown value
R14=0x0000000000000000 is an unknown value
R15=0x00007f533337b268: <offset 0x1006268> in /nix/store/d9zjaa4bsa3ld40bpfjxz6fssjlz5nv1-zulu-8.48.0.53/jre/lib/amd64/server/libjvm.so at 0x00007f5332375000


Stack: [0x00007f53309d0000,0x00007f5330ad0000],  sp=0x00007f5330ace910,  free space=1018k
Native frames: (J=compiled Java code, j=interpreted, Vv=VM code, C=native code)
V  [libjvm.so+0x9c6707]  RuntimeService::record_safepoint_synchronized()+0x57
V  [libjvm.so+0x9cc677]  SafepointSynchronize::begin()+0x827
V  [libjvm.so+0xae401f]  VMThread::loop()+0x1ef
V  [libjvm.so+0xae44e3]  VMThread::run()+0x83
V  [libjvm.so+0x935fb2]  java_start(Thread*)+0x132

VM_Operation (0x00007f52fe5fdd40): GenCollectForAllocation, mode: safepoint, requested by thread 0x00007f532c71a800


---------------  P R O C E S S  ---------------

Java Threads: ( => current thread )
  0x00007f52f043f000 JavaThread "Craft Scheduler Thread - 35" [_thread_blocked, id=194, stack(0x00007f52c2400000,0x00007f52c2500000)]
  0x00007f52f23a3800 JavaThread "File IO Thread" [_thread_blocked, id=181, stack(0x00007f52c1000000,0x00007f52c1100000)]
  0x00007f52f23bc000 JavaThread "Timer-2" daemon [_thread_blocked, id=172, stack(0x00007f52c1300000,0x00007f52c1400000)]
  0x00007f52f2674800 JavaThread "bStats-Metrics" [_thread_blocked, id=111, stack(0x00007f52ffadb000,0x00007f52ffbdb000)]
  0x00007f52f26ee000 JavaThread "pool-10-thread-1" [_thread_blocked, id=110, stack(0x00007f52fc3b0000,0x00007f52fc4b0000)]
  0x00007f52f2569800 JavaThread "Timer-1" [_thread_blocked, id=109, stack(0x00007f52fd200000,0x00007f52fd300000)]
  0x00007f52f24cf000 JavaThread "bStats-Metrics" [_thread_blocked, id=108, stack(0x00007f52fc6b0000,0x00007f52fc7b0000)]
  0x00007f52f052d800 JavaThread "Timer-0" daemon [_thread_blocked, id=89, stack(0x00007f52fd300000,0x00007f52fd400000)]
  0x00007f52f0289800 JavaThread "Netty Epoll Server IO #0" daemon [_thread_in_native, id=87, stack(0x00007f52fdb00000,0x00007f52fdc00000)]
  0x00007f52f00e9800 JavaThread "bStats-Metrics" [_thread_blocked, id=86, stack(0x00007f52fde00000,0x00007f52fdf00000)]
  0x00007f52f00dd800 JavaThread "PandaSpigot Watchdog Thread" [_thread_blocked, id=85, stack(0x00007f52fdf00000,0x00007f52fe000000)]
  0x00007f52f0001800 JavaThread "Server console handler" daemon [_thread_blocked, id=83, stack(0x00007f52fe400000,0x00007f52fe500000)]
  0x00007f532c009800 JavaThread "DestroyJavaVM" [_thread_blocked, id=67, stack(0x00007f533219c000,0x00007f533229c000)]
  0x00007f532c71a800 JavaThread "Server thread" [_thread_blocked, id=82, stack(0x00007f52fe500000,0x00007f52fe600000)]
  0x00007f532c719000 JavaThread "Server Infinisleeper" daemon [_thread_blocked, id=81, stack(0x00007f52feeff000,0x00007f52fefff000)]
  0x00007f532c68e000 JavaThread "Snooper Timer" daemon [_thread_blocked, id=80, stack(0x00007f531c64a000,0x00007f531c74a000)]
  0x00007f532c0e9800 JavaThread "Service Thread" daemon [_thread_blocked, id=74, stack(0x00007f53300e0000,0x00007f53301e0000)]
  0x00007f532c0dc000 JavaThread "C1 CompilerThread1" daemon [_thread_blocked, id=73, stack(0x00007f53301e1000,0x00007f53302e1000)]
  0x00007f532c0da000 JavaThread "C2 CompilerThread0" daemon [_thread_blocked, id=72, stack(0x00007f53302e2000,0x00007f53303e2000)]
  0x00007f532c0d4800 JavaThread "Signal Dispatcher" daemon [_thread_blocked, id=71, stack(0x00007f53303e9000,0x00007f53304e9000)]
  0x00007f532c0a4800 JavaThread "Finalizer" daemon [_thread_blocked, id=70, stack(0x00007f53307cf000,0x00007f53308cf000)]
  0x00007f532c0a0000 JavaThread "Reference Handler" daemon [_thread_blocked, id=69, stack(0x00007f53308cf000,0x00007f53309cf000)]

Other Threads:
=>0x00007f532c096000 VMThread [stack: 0x00007f53309d0000,0x00007f5330ad0000] [id=68]
  0x00007f532c0ec000 WatcherThread [stack: 0x00007f531cf00000,0x00007f531d000000] [id=75]

VM state:at safepoint (normal execution)

VM Mutex/Monitor currently owned by a thread:  ([mutex/lock_event])
[0x00007f532c007fd0] Safepoint_lock - owner thread: 0x00007f532c096000
[0x00007f532c008050] Threads_lock - owner thread: 0x00007f532c096000
[0x00007f532c008550] Heap_lock - owner thread: 0x00007f532c71a800

heap address: 0x00000000e0000000, size: 512 MB, Compressed Oops mode: 32-bit
Narrow klass base: 0x0000000000000000, Narrow klass shift: 3
Compressed class space size: 1073741824 Address: 0x0000000100000000

Heap:
 def new generation   total 153664K, used 144571K [0x00000000e0000000, 0x00000000ea6b0000, 0x00000000eaaa0000)
  eden space 136640K, 100% used [0x00000000e0000000, 0x00000000e8570000, 0x00000000e8570000)
  from space 17024K,  46% used [0x00000000e8570000, 0x00000000e8d2ed98, 0x00000000e9610000)
  to   space 17024K,   0% used [0x00000000e9610000, 0x00000000e9610000, 0x00000000ea6b0000)
 tenured generation   total 341172K, used 224950K [0x00000000eaaa0000, 0x00000000ff7cd000, 0x0000000100000000)
   the space 341172K,  65% used [0x00000000eaaa0000, 0x00000000f864d810, 0x00000000f864da00, 0x00000000ff7cd000)
 Metaspace       used 59664K, capacity 62662K, committed 62888K, reserved 1103872K
  class space    used 7376K, capacity 8012K, committed 8112K, reserved 1048576K

Card table byte_map: [0x00007f533166d000,0x00007f533176e000] byte_map_base: 0x00007f5330f6d000

Polling page: 0x00007f5331d55000

CodeCache: size=245760Kb used=19769Kb max_used=20632Kb free=225990Kb
 bounds [0x00007f531d000000, 0x00007f531e470000, 0x00007f532c000000]
 total_blobs=7170 nmethods=6384 adapters=697
 compilation: enabled

Compilation events (10 events):
Event: 1188.325 Thread 0x00007f532c0dc000 9125       3       javax.crypto.Cipher$Transform::matches (48 bytes)
Event: 1188.326 Thread 0x00007f532c0dc000 nmethod 9125 0x00007f531df78950 code [0x00007f531df78b40, 0x00007f531df79418]
Event: 1188.326 Thread 0x00007f532c0dc000 9126       3       sun.nio.cs.StreamEncoder::implFlushBuffer (15 bytes)
Event: 1188.326 Thread 0x00007f532c0dc000 nmethod 9126 0x00007f531df26410 code [0x00007f531df26580, 0x00007f531df267e8]
Event: 1209.410 Thread 0x00007f532c0dc000 9127       3       net.minecraft.server.v1_8_R3.WorldServer::doTick (653 bytes)
Event: 1209.413 Thread 0x00007f532c0dc000 nmethod 9127 0x00007f531df0f590 code [0x00007f531df0fb40, 0x00007f531df13388]
Event: 1211.710 Thread 0x00007f532c0da000 9128       4       net.minecraft.server.v1_8_R3.NavigationAbstract::n (16 bytes)
Event: 1211.710 Thread 0x00007f532c0da000 nmethod 9128 0x00007f531d750690 code [0x00007f531d7507e0, 0x00007f531d750858]
Event: 1216.061 Thread 0x00007f532c0da000 9129       4       net.minecraft.server.v1_8_R3.VillageSiege::a (183 bytes)
Event: 1216.063 Thread 0x00007f532c0da000 nmethod 9129 0x00007f531d434fd0 code [0x00007f531d435160, 0x00007f531d435308]

GC Heap History (10 events):
Event: 989.961 GC heap before
{Heap before GC invocations=60 (full 9):
 def new generation   total 153664K, used 144510K [0x00000000e0000000, 0x00000000ea6b0000, 0x00000000eaaa0000)
  eden space 136640K, 100% used [0x00000000e0000000, 0x00000000e8570000, 0x00000000e8570000)
  from space 17024K,  46% used [0x00000000e9610000, 0x00000000e9dbf948, 0x00000000ea6b0000)
  to   space 17024K,   0% used [0x00000000e8570000, 0x00000000e8570000, 0x00000000e9610000)
 tenured generation   total 341172K, used 224139K [0x00000000eaaa0000, 0x00000000ff7cd000, 0x0000000100000000)
   the space 341172K,  65% used [0x00000000eaaa0000, 0x00000000f8582d98, 0x00000000f8582e00, 0x00000000ff7cd000)
 Metaspace       used 59641K, capacity 62594K, committed 62888K, reserved 1103872K
  class space    used 7376K, capacity 8012K, committed 8112K, reserved 1048576K
Event: 989.982 GC heap after
Heap after GC invocations=61 (full 9):
 def new generation   total 153664K, used 8185K [0x00000000e0000000, 0x00000000ea6b0000, 0x00000000eaaa0000)
  eden space 136640K,   0% used [0x00000000e0000000, 0x00000000e0000000, 0x00000000e8570000)
  from space 17024K,  48% used [0x00000000e8570000, 0x00000000e8d6e710, 0x00000000e9610000)
  to   space 17024K,   0% used [0x00000000e9610000, 0x00000000e9610000, 0x00000000ea6b0000)
 tenured generation   total 341172K, used 224349K [0x00000000eaaa0000, 0x00000000ff7cd000, 0x0000000100000000)
   the space 341172K,  65% used [0x00000000eaaa0000, 0x00000000f85b7428, 0x00000000f85b7600, 0x00000000ff7cd000)
 Metaspace       used 59641K, capacity 62594K, committed 62888K, reserved 1103872K
  class space    used 7376K, capacity 8012K, committed 8112K, reserved 1048576K
}
Event: 1043.061 GC heap before
{Heap before GC invocations=61 (full 9):
 def new generation   total 153664K, used 144825K [0x00000000e0000000, 0x00000000ea6b0000, 0x00000000eaaa0000)
  eden space 136640K, 100% used [0x00000000e0000000, 0x00000000e8570000, 0x00000000e8570000)
  from space 17024K,  48% used [0x00000000e8570000, 0x00000000e8d6e710, 0x00000000e9610000)
  to   space 17024K,   0% used [0x00000000e9610000, 0x00000000e9610000, 0x00000000ea6b0000)
 tenured generation   total 341172K, used 224349K [0x00000000eaaa0000, 0x00000000ff7cd000, 0x0000000100000000)
   the space 341172K,  65% used [0x00000000eaaa0000, 0x00000000f85b7428, 0x00000000f85b7600, 0x00000000ff7cd000)
 Metaspace       used 59650K, capacity 62594K, committed 62888K, reserved 1103872K
  class space    used 7376K, capacity 8012K, committed 8112K, reserved 1048576K
Event: 1043.080 GC heap after
Heap after GC invocations=62 (full 9):
 def new generation   total 153664K, used 8226K [0x00000000e0000000, 0x00000000ea6b0000, 0x00000000eaaa0000)
  eden space 136640K,   0% used [0x00000000e0000000, 0x00000000e0000000, 0x00000000e8570000)
  from space 17024K,  48% used [0x00000000e9610000, 0x00000000e9e18bc8, 0x00000000ea6b0000)
  to   space 17024K,   0% used [0x00000000e8570000, 0x00000000e8570000, 0x00000000e9610000)
 tenured generation   total 341172K, used 224568K [0x00000000eaaa0000, 0x00000000ff7cd000, 0x0000000100000000)
   the space 341172K,  65% used [0x00000000eaaa0000, 0x00000000f85ee308, 0x00000000f85ee400, 0x00000000ff7cd000)
 Metaspace       used 59650K, capacity 62594K, committed 62888K, reserved 1103872K
  class space    used 7376K, capacity 8012K, committed 8112K, reserved 1048576K
}
Event: 1096.061 GC heap before
{Heap before GC invocations=62 (full 9):
 def new generation   total 153664K, used 144866K [0x00000000e0000000, 0x00000000ea6b0000, 0x00000000eaaa0000)
  eden space 136640K, 100% used [0x00000000e0000000, 0x00000000e8570000, 0x00000000e8570000)
  from space 17024K,  48% used [0x00000000e9610000, 0x00000000e9e18bc8, 0x00000000ea6b0000)
  to   space 17024K,   0% used [0x00000000e8570000, 0x00000000e8570000, 0x00000000e9610000)
 tenured generation   total 341172K, used 224568K [0x00000000eaaa0000, 0x00000000ff7cd000, 0x0000000100000000)
   the space 341172K,  65% used [0x00000000eaaa0000, 0x00000000f85ee308, 0x00000000f85ee400, 0x00000000ff7cd000)
 Metaspace       used 59650K, capacity 62594K, committed 62888K, reserved 1103872K
  class space    used 7376K, capacity 8012K, committed 8112K, reserved 1048576K
Event: 1096.083 GC heap after
Heap after GC invocations=63 (full 9):
 def new generation   total 153664K, used 8203K [0x00000000e0000000, 0x00000000ea6b0000, 0x00000000eaaa0000)
  eden space 136640K,   0% used [0x00000000e0000000, 0x00000000e0000000, 0x00000000e8570000)
  from space 17024K,  48% used [0x00000000e8570000, 0x00000000e8d72e00, 0x00000000e9610000)
  to   space 17024K,   0% used [0x00000000e9610000, 0x00000000e9610000, 0x00000000ea6b0000)
 tenured generation   total 341172K, used 224715K [0x00000000eaaa0000, 0x00000000ff7cd000, 0x0000000100000000)
   the space 341172K,  65% used [0x00000000eaaa0000, 0x00000000f8612ec8, 0x00000000f8613000, 0x00000000ff7cd000)
 Metaspace       used 59650K, capacity 62594K, committed 62888K, reserved 1103872K
  class space    used 7376K, capacity 8012K, committed 8112K, reserved 1048576K
}
Event: 1149.011 GC heap before
{Heap before GC invocations=63 (full 9):
 def new generation   total 153664K, used 144843K [0x00000000e0000000, 0x00000000ea6b0000, 0x00000000eaaa0000)
  eden space 136640K, 100% used [0x00000000e0000000, 0x00000000e8570000, 0x00000000e8570000)
  from space 17024K,  48% used [0x00000000e8570000, 0x00000000e8d72e00, 0x00000000e9610000)
  to   space 17024K,   0% used [0x00000000e9610000, 0x00000000e9610000, 0x00000000ea6b0000)
 tenured generation   total 341172K, used 224715K [0x00000000eaaa0000, 0x00000000ff7cd000, 0x0000000100000000)
   the space 341172K,  65% used [0x00000000eaaa0000, 0x00000000f8612ec8, 0x00000000f8613000, 0x00000000ff7cd000)
 Metaspace       used 59650K, capacity 62594K, committed 62888K, reserved 1103872K
  class space    used 7376K, capacity 8012K, committed 8112K, reserved 1048576K
Event: 1149.033 GC heap after
Heap after GC invocations=64 (full 9):
 def new generation   total 153664K, used 7914K [0x00000000e0000000, 0x00000000ea6b0000, 0x00000000eaaa0000)
  eden space 136640K,   0% used [0x00000000e0000000, 0x00000000e0000000, 0x00000000e8570000)
  from space 17024K,  46% used [0x00000000e9610000, 0x00000000e9dcabf8, 0x00000000ea6b0000)
  to   space 17024K,   0% used [0x00000000e8570000, 0x00000000e8570000, 0x00000000e9610000)
 tenured generation   total 341172K, used 224796K [0x00000000eaaa0000, 0x00000000ff7cd000, 0x0000000100000000)
   the space 341172K,  65% used [0x00000000eaaa0000, 0x00000000f86270b0, 0x00000000f8627200, 0x00000000ff7cd000)
 Metaspace       used 59650K, capacity 62594K, committed 62888K, reserved 1103872K
  class space    used 7376K, capacity 8012K, committed 8112K, reserved 1048576K
}
Event: 1197.410 GC heap before
{Heap before GC invocations=64 (full 9):
 def new generation   total 153664K, used 144554K [0x00000000e0000000, 0x00000000ea6b0000, 0x00000000eaaa0000)
  eden space 136640K, 100% used [0x00000000e0000000, 0x00000000e8570000, 0x00000000e8570000)
  from space 17024K,  46% used [0x00000000e9610000, 0x00000000e9dcabf8, 0x00000000ea6b0000)
  to   space 17024K,   0% used [0x00000000e8570000, 0x00000000e8570000, 0x00000000e9610000)
 tenured generation   total 341172K, used 224796K [0x00000000eaaa0000, 0x00000000ff7cd000, 0x0000000100000000)
   the space 341172K,  65% used [0x00000000eaaa0000, 0x00000000f86270b0, 0x00000000f8627200, 0x00000000ff7cd000)
 Metaspace       used 59664K, capacity 62662K, committed 62888K, reserved 1103872K
  class space    used 7376K, capacity 8012K, committed 8112K, reserved 1048576K
Event: 1197.436 GC heap after
Heap after GC invocations=65 (full 9):
 def new generation   total 153664K, used 7931K [0x00000000e0000000, 0x00000000ea6b0000, 0x00000000eaaa0000)
  eden space 136640K,   0% used [0x00000000e0000000, 0x00000000e0000000, 0x00000000e8570000)
  from space 17024K,  46% used [0x00000000e8570000, 0x00000000e8d2ed98, 0x00000000e9610000)
  to   space 17024K,   0% used [0x00000000e9610000, 0x00000000e9610000, 0x00000000ea6b0000)
 tenured generation   total 341172K, used 224950K [0x00000000eaaa0000, 0x00000000ff7cd000, 0x0000000100000000)
   the space 341172K,  65% used [0x00000000eaaa0000, 0x00000000f864d810, 0x00000000f864da00, 0x00000000ff7cd000)
 Metaspace       used 59664K, capacity 62662K, committed 62888K, reserved 1103872K
  class space    used 7376K, capacity 8012K, committed 8112K, reserved 1048576K
}

Deoptimization events (10 events):
Event: 964.810 Thread 0x00007f532c71a800 Uncommon trap: reason=unstable_if action=reinterpret pc=0x00007f531e08b960 method=java.util.concurrent.ConcurrentLinkedQueue.updateHead(Ljava/util/concurrent/ConcurrentLinkedQueue$Node;Ljava/util/concurrent/ConcurrentLinkedQueue$Node;)V @ 2
Event: 964.810 Thread 0x00007f532c71a800 Uncommon trap: reason=unstable_if action=reinterpret pc=0x00007f531da443b4 method=java.lang.ref.SoftReference.get()Ljava/lang/Object; @ 6
Event: 987.261 Thread 0x00007f52f055d800 Uncommon trap: reason=class_check action=maybe_recompile pc=0x00007f531df3dbc0 method=java.util.Collections$SynchronizedCollection.isEmpty()Z @ 11
Event: 987.261 Thread 0x00007f52f041b000 Uncommon trap: reason=class_check action=maybe_recompile pc=0x00007f531e148e34 method=java.util.Collections$SynchronizedCollection.size()I @ 11
Event: 987.292 Thread 0x00007f52f03f4000 Uncommon trap: reason=class_check action=maybe_recompile pc=0x00007f531e148e34 method=java.util.Collections$SynchronizedCollection.size()I @ 11
Event: 987.292 Thread 0x00007f52f03f4000 Uncommon trap: reason=bimorphic action=maybe_recompile pc=0x00007f531d34f87c method=java.util.Collections$SynchronizedCollection.iterator()Ljava/util/Iterator; @ 4
Event: 1009.659 Thread 0x00007f532c71a800 Uncommon trap: reason=unstable_if action=reinterpret pc=0x00007f531e221e94 method=net.minecraft.server.v1_8_R3.WorldProvider.a(JF)F @ 25
Event: 1074.160 Thread 0x00007f532c71a800 Uncommon trap: reason=unstable_if action=reinterpret pc=0x00007f531e36751c method=net.minecraft.server.v1_8_R3.EntityLiving.bL()V @ 98
Event: 1074.160 Thread 0x00007f532c71a800 Uncommon trap: reason=unstable_if action=reinterpret pc=0x00007f531e459c30 method=net.minecraft.server.v1_8_R3.Entity.move(DDD)V @ 1426
Event: 1208.059 Thread 0x00007f532c71a800 Uncommon trap: reason=unstable_if action=reinterpret pc=0x00007f531e10b6b8 method=org.spigotmc.AntiXray.flushUpdates(Lnet/minecraft/server/v1_8_R3/World;)V @ 19

Classes redefined (0 events):
No events

Internal exceptions (10 events):
Event: 85.599 Thread 0x00007f52f0416000 Exception <a 'java/lang/NullPointerException'> (0x00000000e4e0d2b8) thrown at [/export/home/tester/jenkins/workspace/zulu8-silver-build-rhel64/zulu-src/hotspot/src/share/vm/interpreter/linkResolver.cpp, line 1185]
Event: 85.611 Thread 0x00007f52f0412800 Exception <a 'java/lang/NullPointerException'> (0x00000000e4f68f48) thrown at [/export/home/tester/jenkins/workspace/zulu8-silver-build-rhel64/zulu-src/hotspot/src/share/vm/interpreter/linkResolver.cpp, line 1185]
Event: 90.192 Thread 0x00007f532c71a800 Implicit null exception at 0x00007f531e058cf4 to 0x00007f531e05910d
Event: 92.912 Thread 0x00007f532c71a800 Implicit null exception at 0x00007f531dfa871f to 0x00007f531dfa9279
Event: 92.912 Thread 0x00007f532c71a800 Implicit null exception at 0x00007f531df6522c to 0x00007f531df65525
Event: 101.198 Thread 0x00007f532c68e000 Exception <a 'java/net/UnknownHostException'> (0x00000000e707beb8) thrown at [/export/home/tester/jenkins/workspace/zulu8-silver-build-rhel64/zulu-src/hotspot/src/share/vm/prims/jni.cpp, line 711]
Event: 102.204 Thread 0x00007f532c71a800 Implicit null exception at 0x00007f531e22d590 to 0x00007f531e230531
Event: 964.810 Thread 0x00007f532c71a800 Implicit null exception at 0x00007f531da43f00 to 0x00007f531da44399
Event: 987.292 Thread 0x00007f52f041d800 Exception <a 'java/lang/NoSuchMethodError': org.bukkit.Server.getOnlinePlayers()[Lorg/bukkit/entity/Player;> (0x00000000e7dade28) thrown at [/export/home/tester/jenkins/workspace/zulu8-silver-build-rhel64/zulu-src/hotspot/src/share/vm/interpreter/linkReso
Event: 1001.162 Thread 0x00007f532c68e000 Exception <a 'java/net/UnknownHostException'> (0x00000000e1b667f0) thrown at [/export/home/tester/jenkins/workspace/zulu8-silver-build-rhel64/zulu-src/hotspot/src/share/vm/prims/jni.cpp, line 711]

Events (10 events):
Event: 1188.300 Executing VM operation: RevokeBias
Event: 1188.302 Executing VM operation: RevokeBias done
Event: 1188.326 Thread 0x00007f52cc010000 Thread added: 0x00007f52cc010000
Event: 1188.326 Thread 0x00007f52cc010000 Thread exited: 0x00007f52cc010000
Event: 1197.410 Executing VM operation: GenCollectForAllocation
Event: 1197.436 Executing VM operation: GenCollectForAllocation done
Event: 1208.059 Thread 0x00007f532c71a800 Uncommon trap: trap_request=0xffffff65 fr.pc=0x00007f531e10b6b8
Event: 1208.059 Thread 0x00007f532c71a800 DEOPT PACKING pc=0x00007f531e10b6b8 sp=0x00007f52fe5fe360
Event: 1208.059 Thread 0x00007f532c71a800 DEOPT UNPACKING pc=0x00007f531d04557a sp=0x00007f52fe5fe2c8 mode 2
Event: 1243.760 Executing VM operation: GenCollectForAllocation


Dynamic libraries:
e0000000-ea6b0000 rw-p 00000000 00:00 0 
ea6b0000-eaaa0000 ---p 00000000 00:00 0 
eaaa0000-ff7cd000 rw-p 00000000 00:00 0 
ff7cd000-100000000 ---p 00000000 00:00 0 
100000000-1007ec000 rw-p 00000000 00:00 0 
1007ec000-140000000 ---p 00000000 00:00 0 
562558400000-562558401000 r-xp 00000000 00:743 4611686018756995491       /nix/store/d9zjaa4bsa3ld40bpfjxz6fssjlz5nv1-zulu-8.48.0.53/bin/.java-wrapped
562558600000-562558601000 r--p 00000000 00:743 4611686018756995491       /nix/store/d9zjaa4bsa3ld40bpfjxz6fssjlz5nv1-zulu-8.48.0.53/bin/.java-wrapped
562558601000-562558602000 rw-p 00001000 00:743 4611686018756995491       /nix/store/d9zjaa4bsa3ld40bpfjxz6fssjlz5nv1-zulu-8.48.0.53/bin/.java-wrapped
562558602000-562558603000 rw-p 00002000 00:743 4611686018756995491       /nix/store/d9zjaa4bsa3ld40bpfjxz6fssjlz5nv1-zulu-8.48.0.53/bin/.java-wrapped
562558603000-562558604000 rw-p 00003000 00:743 4611686018756995491       /nix/store/d9zjaa4bsa3ld40bpfjxz6fssjlz5nv1-zulu-8.48.0.53/bin/.java-wrapped
562558934000-562558997000 rw-p 00000000 00:00 0                          [heap]
7f52bc000000-7f52bc067000 rw-p 00000000 00:00 0 
7f52bc067000-7f52c0000000 ---p 00000000 00:00 0 
7f52c0400000-7f52c0580000 rw-p 00000000 00:00 0 
7f52c0580000-7f52c0600000 ---p 00000000 00:00 0 
7f52c0600000-7f52c0684000 r-xp 00000000 00:6dc 507                       /tmp/sqlite-3.7.2-libsqlitejdbc.so
7f52c0684000-7f52c0884000 ---p 00084000 00:6dc 507                       /tmp/sqlite-3.7.2-libsqlitejdbc.so
7f52c0884000-7f52c0885000 r--p 00084000 00:6dc 507                       /tmp/sqlite-3.7.2-libsqlitejdbc.so
7f52c0885000-7f52c0888000 rw-p 00085000 00:6dc 507                       /tmp/sqlite-3.7.2-libsqlitejdbc.so
7f52c096e000-7f52c098c000 r--p 00000000 00:743 4611686018734303091       /nix/store/31359c9yjmw4c45172z6xmpjz2wsh0zk-libX11-1.7.2/lib/libX11.so.6.4.0
7f52c098c000-7f52c0a18000 r-xp 0001e000 00:743 4611686018734303091       /nix/store/31359c9yjmw4c45172z6xmpjz2wsh0zk-libX11-1.7.2/lib/libX11.so.6.4.0
7f52c0a18000-7f52c0aac000 r--p 000aa000 00:743 4611686018734303091       /nix/store/31359c9yjmw4c45172z6xmpjz2wsh0zk-libX11-1.7.2/lib/libX11.so.6.4.0
7f52c0aac000-7f52c0aad000 ---p 0013e000 00:743 4611686018734303091       /nix/store/31359c9yjmw4c45172z6xmpjz2wsh0zk-libX11-1.7.2/lib/libX11.so.6.4.0
7f52c0aad000-7f52c0aae000 r--p 0013e000 00:743 4611686018734303091       /nix/store/31359c9yjmw4c45172z6xmpjz2wsh0zk-libX11-1.7.2/lib/libX11.so.6.4.0
7f52c0aae000-7f52c0ab3000 rw-p 0013f000 00:743 4611686018734303091       /nix/store/31359c9yjmw4c45172z6xmpjz2wsh0zk-libX11-1.7.2/lib/libX11.so.6.4.0
7f52c0ab3000-7f52c0b15000 r-xp 00000000 00:743 4611686018756995773       /nix/store/d9zjaa4bsa3ld40bpfjxz6fssjlz5nv1-zulu-8.48.0.53/jre/lib/amd64/libawt_xawt.so
7f52c0b15000-7f52c0d15000 ---p 00062000 00:743 4611686018756995773       /nix/store/d9zjaa4bsa3ld40bpfjxz6fssjlz5nv1-zulu-8.48.0.53/jre/lib/amd64/libawt_xawt.so
7f52c0d15000-7f52c0d16000 r--p 00062000 00:743 4611686018756995773       /nix/store/d9zjaa4bsa3ld40bpfjxz6fssjlz5nv1-zulu-8.48.0.53/jre/lib/amd64/libawt_xawt.so
7f52c0d16000-7f52c0d19000 rw-p 00063000 00:743 4611686018756995773       /nix/store/d9zjaa4bsa3ld40bpfjxz6fssjlz5nv1-zulu-8.48.0.53/jre/lib/amd64/libawt_xawt.so
7f52c0d19000-7f52c0d1b000 rw-p 00000000 00:00 0 
7f52c0d1b000-7f52c0d23000 rw-p 0007d000 00:743 4611686018756995773       /nix/store/d9zjaa4bsa3ld40bpfjxz6fssjlz5nv1-zulu-8.48.0.53/jre/lib/amd64/libawt_xawt.so
7f52c0d23000-7f52c0dc7000 r-xp 00000000 00:743 4611686018756995771       /nix/store/d9zjaa4bsa3ld40bpfjxz6fssjlz5nv1-zulu-8.48.0.53/jre/lib/amd64/libawt.so
7f52c0dc7000-7f52c0fc6000 ---p 000a4000 00:743 4611686018756995771       /nix/store/d9zjaa4bsa3ld40bpfjxz6fssjlz5nv1-zulu-8.48.0.53/jre/lib/amd64/libawt.so
7f52c0fc6000-7f52c0fc7000 r--p 000a3000 00:743 4611686018756995771       /nix/store/d9zjaa4bsa3ld40bpfjxz6fssjlz5nv1-zulu-8.48.0.53/jre/lib/amd64/libawt.so
7f52c0fc7000-7f52c0fd2000 rw-p 000a4000 00:743 4611686018756995771       /nix/store/d9zjaa4bsa3ld40bpfjxz6fssjlz5nv1-zulu-8.48.0.53/jre/lib/amd64/libawt.so
7f52c0fd2000-7f52c0ff7000 rw-p 00000000 00:00 0 
7f52c0ff7000-7f52c1000000 rw-p 000be000 00:743 4611686018756995771       /nix/store/d9zjaa4bsa3ld40bpfjxz6fssjlz5nv1-zulu-8.48.0.53/jre/lib/amd64/libawt.so
7f52c1000000-7f52c1004000 ---p 00000000 00:00 0 
7f52c1004000-7f52c1100000 rw-p 00000000 00:00 0 
7f52c1100000-7f52c1104000 ---p 00000000 00:00 0 
7f52c1104000-7f52c1200000 rw-p 00000000 00:00 0 
7f52c1200000-7f52c1204000 ---p 00000000 00:00 0 
7f52c1204000-7f52c1300000 rw-p 00000000 00:00 0 
7f52c1300000-7f52c1304000 ---p 00000000 00:00 0 
7f52c1304000-7f52c1400000 rw-p 00000000 00:00 0 
7f52c1400000-7f52c1404000 ---p 00000000 00:00 0 
7f52c1404000-7f52c1500000 rw-p 00000000 00:00 0 
7f52c1500000-7f52c1504000 ---p 00000000 00:00 0 
7f52c1504000-7f52c1600000 rw-p 00000000 00:00 0 
7f52c1600000-7f52c1604000 ---p 00000000 00:00 0 
7f52c1604000-7f52c1700000 rw-p 00000000 00:00 0 
7f52c1b00000-7f52c1b04000 ---p 00000000 00:00 0 
7f52c1b04000-7f52c1c00000 rw-p 00000000 00:00 0 
7f52c1c00000-7f52c1c04000 ---p 00000000 00:00 0 
7f52c1c04000-7f52c1d00000 rw-p 00000000 00:00 0 
7f52c1e00000-7f52c1e04000 ---p 00000000 00:00 0 
7f52c1e04000-7f52c1f00000 rw-p 00000000 00:00 0 
7f52c2000000-7f52c2004000 ---p 00000000 00:00 0 
7f52c2004000-7f52c2100000 rw-p 00000000 00:00 0 
7f52c2100000-7f52c2104000 ---p 00000000 00:00 0 
7f52c2104000-7f52c2200000 rw-p 00000000 00:00 0 
7f52c2200000-7f52c2204000 ---p 00000000 00:00 0 
7f52c2204000-7f52c2300000 rw-p 00000000 00:00 0 
7f52c2300000-7f52c2304000 ---p 00000000 00:00 0 
7f52c2304000-7f52c2400000 rw-p 00000000 00:00 0 
7f52c2400000-7f52c2404000 ---p 00000000 00:00 0 
7f52c2404000-7f52c2500000 rw-p 00000000 00:00 0 
7f52c2500000-7f52c2504000 ---p 00000000 00:00 0 
7f52c2504000-7f52c2600000 rw-p 00000000 00:00 0 
7f52c2600000-7f52c2604000 ---p 00000000 00:00 0 
7f52c2604000-7f52c2700000 rw-p 00000000 00:00 0 
7f52c2700000-7f52c2704000 ---p 00000000 00:00 0 
7f52c2704000-7f52c2800000 rw-p 00000000 00:00 0 
7f52c2800000-7f52c2804000 ---p 00000000 00:00 0 
7f52c2804000-7f52c2900000 rw-p 00000000 00:00 0 
7f52c2900000-7f52c2904000 ---p 00000000 00:00 0 
7f52c2904000-7f52c2a00000 rw-p 00000000 00:00 0 
7f52c2a00000-7f52c2a04000 ---p 00000000 00:00 0 
7f52c2a04000-7f52c2b00000 rw-p 00000000 00:00 0 
7f52c2b00000-7f52c2b04000 ---p 00000000 00:00 0 
7f52c2b04000-7f52c2c00000 rw-p 00000000 00:00 0 
7f52c2c00000-7f52c2c04000 ---p 00000000 00:00 0 
7f52c2c04000-7f52c2d00000 rw-p 00000000 00:00 0 
7f52c2d00000-7f52c2d04000 ---p 00000000 00:00 0 
7f52c2d04000-7f52c2e00000 rw-p 00000000 00:00 0 
7f52c2e00000-7f52c2e04000 ---p 00000000 00:00 0 
7f52c2e04000-7f52c2f00000 rw-p 00000000 00:00 0 
7f52c2f00000-7f52c2f04000 ---p 00000000 00:00 0 
7f52c2f04000-7f52c3000000 rw-p 00000000 00:00 0 
7f52c3000000-7f52c3004000 ---p 00000000 00:00 0 
7f52c3004000-7f52c3100000 rw-p 00000000 00:00 0 
7f52c3100000-7f52c3104000 ---p 00000000 00:00 0 
7f52c3104000-7f52c3200000 rw-p 00000000 00:00 0 
7f52c3200000-7f52c3204000 ---p 00000000 00:00 0 
7f52c3204000-7f52c3300000 rw-p 00000000 00:00 0 
7f52c3300000-7f52c3304000 ---p 00000000 00:00 0 
7f52c3304000-7f52c3400000 rw-p 00000000 00:00 0 
7f52c3400000-7f52c3404000 ---p 00000000 00:00 0 
7f52c3404000-7f52c3500000 rw-p 00000000 00:00 0 
7f52c3500000-7f52c3504000 ---p 00000000 00:00 0 
7f52c3504000-7f52c3600000 rw-p 00000000 00:00 0 
7f52c3600000-7f52c3604000 ---p 00000000 00:00 0 
7f52c3604000-7f52c3700000 rw-p 00000000 00:00 0 
7f52c3700000-7f52c3704000 ---p 00000000 00:00 0 
7f52c3704000-7f52c3800000 rw-p 00000000 00:00 0 
7f52c3800000-7f52c3804000 ---p 00000000 00:00 0 
7f52c3804000-7f52c3900000 rw-p 00000000 00:00 0 
7f52c3900000-7f52c3904000 ---p 00000000 00:00 0 
7f52c3904000-7f52c3a00000 rw-p 00000000 00:00 0 
7f52c3a00000-7f52c3a04000 ---p 00000000 00:00 0 
7f52c3a04000-7f52c3b00000 rw-p 00000000 00:00 0 
7f52c3b00000-7f52c3b04000 ---p 00000000 00:00 0 
7f52c3b04000-7f52c3c00000 rw-p 00000000 00:00 0 
7f52c3c00000-7f52c3c04000 ---p 00000000 00:00 0 
7f52c3c04000-7f52c3d00000 rw-p 00000000 00:00 0 
7f52c3d00000-7f52c3d04000 ---p 00000000 00:00 0 
7f52c3d04000-7f52c4000000 rw-p 00000000 00:00 0 
7f52c4000000-7f52c4083000 rw-p 00000000 00:00 0 
7f52c4083000-7f52c8000000 ---p 00000000 00:00 0 
7f52c8000000-7f52c8027000 rw-p 00000000 00:00 0 
7f52c8027000-7f52cc000000 ---p 00000000 00:00 0 
7f52cc000000-7f52cc052000 rw-p 00000000 00:00 0 
7f52cc052000-7f52d0000000 ---p 00000000 00:00 0 
7f52d0000000-7f52d0055000 rw-p 00000000 00:00 0 
7f52d0055000-7f52d4000000 ---p 00000000 00:00 0 
7f52d4000000-7f52d4021000 rw-p 00000000 00:00 0 
7f52d4021000-7f52d8000000 ---p 00000000 00:00 0 
7f52d8000000-7f52d819e000 rw-p 00000000 00:00 0 
7f52d819e000-7f52dc000000 ---p 00000000 00:00 0 
7f52dc000000-7f52dc061000 rw-p 00000000 00:00 0 
7f52dc061000-7f52e0000000 ---p 00000000 00:00 0 
7f52e0000000-7f52e0021000 rw-p 00000000 00:00 0 
7f52e0021000-7f52e4000000 ---p 00000000 00:00 0 
7f52e4000000-7f52e42ff000 rw-p 00000000 00:00 0 
7f52e42ff000-7f52e8000000 ---p 00000000 00:00 0 
7f52e8000000-7f52e8089000 rw-p 00000000 00:00 0 
7f52e8089000-7f52ec000000 ---p 00000000 00:00 0 
7f52ec000000-7f52ec021000 rw-p 00000000 00:00 0 
7f52ec021000-7f52f0000000 ---p 00000000 00:00 0 
7f52f0000000-7f52f270b000 rw-p 00000000 00:00 0 
7f52f270b000-7f52f4000000 ---p 00000000 00:00 0 
7f52f4000000-7f52f4043000 rw-p 00000000 00:00 0 
7f52f4043000-7f52f8000000 ---p 00000000 00:00 0 
7f52f8000000-7f52f8021000 rw-p 00000000 00:00 0 
7f52f8021000-7f52fc000000 ---p 00000000 00:00 0 
7f52fc0b0000-7f52fc0b4000 ---p 00000000 00:00 0 
7f52fc0b4000-7f52fc3b0000 rw-p 00000000 00:00 0 
7f52fc3b0000-7f52fc3b4000 ---p 00000000 00:00 0 
7f52fc3b4000-7f52fc6b0000 rw-p 00000000 00:00 0 
7f52fc6b0000-7f52fc6b4000 ---p 00000000 00:00 0 
7f52fc6b4000-7f52fc970000 rw-p 00000000 00:00 0 
7f52fc970000-7f52fcb70000 rw-p 00000000 00:00 0 
7f52fcb70000-7f52fcd70000 rw-p 00000000 00:00 0 
7f52fcd70000-7f52fcfb0000 rw-p 00000000 00:00 0 
7f52fcfb0000-7f52fcfe9000 r-xp 00000000 00:743 4611686018756995801       /nix/store/d9zjaa4bsa3ld40bpfjxz6fssjlz5nv1-zulu-8.48.0.53/jre/lib/amd64/libsunec.so
7f52fcfe9000-7f52fd1e8000 ---p 00039000 00:743 4611686018756995801       /nix/store/d9zjaa4bsa3ld40bpfjxz6fssjlz5nv1-zulu-8.48.0.53/jre/lib/amd64/libsunec.so
7f52fd1e8000-7f52fd1ed000 r--p 00038000 00:743 4611686018756995801       /nix/store/d9zjaa4bsa3ld40bpfjxz6fssjlz5nv1-zulu-8.48.0.53/jre/lib/amd64/libsunec.so
7f52fd1ed000-7f52fd1ef000 rw-p 0003d000 00:743 4611686018756995801       /nix/store/d9zjaa4bsa3ld40bpfjxz6fssjlz5nv1-zulu-8.48.0.53/jre/lib/amd64/libsunec.so
7f52fd1ef000-7f52fd200000 rw-p 00000000 00:00 0 
7f52fd200000-7f52fd204000 ---p 00000000 00:00 0 
7f52fd204000-7f52fd300000 rw-p 00000000 00:00 0 
7f52fd300000-7f52fd304000 ---p 00000000 00:00 0 
7f52fd304000-7f52fd5fe000 rw-p 00000000 00:00 0 
7f52fd5fe000-7f52fd600000 ---p 00000000 00:00 0 
7f52fd600000-7f52fd800000 rw-p 00000000 00:00 0 
7f52fd800000-7f52fd811000 r-xp 00000000 00:6dc 504                       /tmp/libnetty_transport_native_epoll_x86_643687181083219488873.so (deleted)
7f52fd811000-7f52fda10000 ---p 00011000 00:6dc 504                       /tmp/libnetty_transport_native_epoll_x86_643687181083219488873.so (deleted)
7f52fda10000-7f52fda13000 r--p 00010000 00:6dc 504                       /tmp/libnetty_transport_native_epoll_x86_643687181083219488873.so (deleted)
7f52fda13000-7f52fda14000 rw-p 00000000 00:00 0 
7f52fdb00000-7f52fdb04000 ---p 00000000 00:00 0 
7f52fdb04000-7f52fde00000 rw-p 00000000 00:00 0 
7f52fde00000-7f52fde04000 ---p 00000000 00:00 0 
7f52fde04000-7f52fdf00000 rw-p 00000000 00:00 0 
7f52fdf00000-7f52fdf04000 ---p 00000000 00:00 0 
7f52fdf04000-7f52fe1c0000 rw-p 00000000 00:00 0 
7f52fe1c0000-7f52fe400000 rw-p 00000000 00:00 0 
7f52fe400000-7f52fe404000 ---p 00000000 00:00 0 
7f52fe404000-7f52fe500000 rw-p 00000000 00:00 0 
7f52fe500000-7f52fe504000 ---p 00000000 00:00 0 
7f52fe504000-7f52fe7c0000 rw-p 00000000 00:00 0 
7f52fe7c0000-7f52fe9c0000 rw-p 00000000 00:00 0 
7f52fe9c0000-7f52fec00000 rw-p 00000000 00:00 0 
7f52fec00000-7f52fec03000 r-xp 00000000 00:6dc 503                       /tmp/jansi-2.3.2-a4dc472207c9efcc-libjansi.so
7f52fec03000-7f52fee02000 ---p 00003000 00:6dc 503                       /tmp/jansi-2.3.2-a4dc472207c9efcc-libjansi.so
7f52fee02000-7f52fee03000 rw-p 00002000 00:6dc 503                       /tmp/jansi-2.3.2-a4dc472207c9efcc-libjansi.so
7f52feed9000-7f52feede000 r--s 0003d000 00:743 4611686018756995827       /nix/store/d9zjaa4bsa3ld40bpfjxz6fssjlz5nv1-zulu-8.48.0.53/jre/lib/ext/sunjce_provider.jar
7f52feede000-7f52feeff000 r--s 002b4000 00:ba7 5265                      /home/runner/eaglerx-server2/server/plugins/EssentialsX-2.19.7.jar
7f52feeff000-7f52fef03000 ---p 00000000 00:00 0 
7f52fef03000-7f52fefff000 rw-p 00000000 00:00 0 
7f52ff000000-7f52ff1c0000 rw-p 00000000 00:00 0 
7f52ff1c0000-7f52ff400000 rw-p 00000000 00:00 0 
7f52ff400000-7f52ff40d000 r-xp 00000000 00:6dc 506                       /tmp/liblz4-java5394641770270069246.so
7f52ff40d000-7f52ff60c000 ---p 0000d000 00:6dc 506                       /tmp/liblz4-java5394641770270069246.so
7f52ff60c000-7f52ff60d000 rw-p 0000c000 00:6dc 506                       /tmp/liblz4-java5394641770270069246.so
7f52ff69b000-7f52ff69f000 ---p 00000000 00:00 0 
7f52ff69f000-7f52ff6d5000 rw-p 00000000 00:00 0 
7f52ff6d5000-7f52ff6e2000 r--p 00000000 00:743 4611686018734299849       /nix/store/ky1764f3wljjz4x3jr48zab9zh2qnn5l-libxcb-1.14/lib/libxcb.so.1.1.0
7f52ff6e2000-7f52ff6f5000 r-xp 0000d000 00:743 4611686018734299849       /nix/store/ky1764f3wljjz4x3jr48zab9zh2qnn5l-libxcb-1.14/lib/libxcb.so.1.1.0
7f52ff6f5000-7f52ff6fe000 r--p 00020000 00:743 4611686018734299849       /nix/store/ky1764f3wljjz4x3jr48zab9zh2qnn5l-libxcb-1.14/lib/libxcb.so.1.1.0
7f52ff6fe000-7f52ff6ff000 r--p 00028000 00:743 4611686018734299849       /nix/store/ky1764f3wljjz4x3jr48zab9zh2qnn5l-libxcb-1.14/lib/libxcb.so.1.1.0
7f52ff6ff000-7f52ff700000 rw-p 00029000 00:743 4611686018734299849       /nix/store/ky1764f3wljjz4x3jr48zab9zh2qnn5l-libxcb-1.14/lib/libxcb.so.1.1.0
7f52ff700000-7f52ff704000 ---p 00000000 00:00 0 
7f52ff704000-7f52ff800000 rw-p 00000000 00:00 0 
7f52ff800000-7f52ff87e000 r-xp 00000000 00:6dc 505                       /tmp/libzstd6497929571527572467.so
7f52ff87e000-7f52ffa7e000 ---p 0007e000 00:6dc 505                       /tmp/libzstd6497929571527572467.so
7f52ffa7e000-7f52ffa7f000 r--p 0007e000 00:6dc 505                       /tmp/libzstd6497929571527572467.so
7f52ffa7f000-7f52ffa80000 rw-p 0007f000 00:6dc 505                       /tmp/libzstd6497929571527572467.so
7f52ffa90000-7f52ffa92000 r--p 00000000 00:743 4611686018734291913       /nix/store/0vjcj68syvk2pd87zjr8z17y4b3166b8-libXdmcp-1.1.3/lib/libXdmcp.so.6.0.0
7f52ffa92000-7f52ffa94000 r-xp 00002000 00:743 4611686018734291913       /nix/store/0vjcj68syvk2pd87zjr8z17y4b3166b8-libXdmcp-1.1.3/lib/libXdmcp.so.6.0.0
7f52ffa94000-7f52ffa96000 r--p 00004000 00:743 4611686018734291913       /nix/store/0vjcj68syvk2pd87zjr8z17y4b3166b8-libXdmcp-1.1.3/lib/libXdmcp.so.6.0.0
7f52ffa96000-7f52ffa97000 r--p 00005000 00:743 4611686018734291913       /nix/store/0vjcj68syvk2pd87zjr8z17y4b3166b8-libXdmcp-1.1.3/lib/libXdmcp.so.6.0.0
7f52ffa97000-7f52ffa98000 rw-p 00006000 00:743 4611686018734291913       /nix/store/0vjcj68syvk2pd87zjr8z17y4b3166b8-libXdmcp-1.1.3/lib/libXdmcp.so.6.0.0
7f52ffa98000-7f52ffa99000 r--p 00000000 00:743 4611686018734291810       /nix/store/b87snadfksdi8jpl5bndpyp6fz0195jy-libXau-1.0.9/lib/libXau.so.6.0.0
7f52ffa99000-7f52ffa9a000 r-xp 00001000 00:743 4611686018734291810       /nix/store/b87snadfksdi8jpl5bndpyp6fz0195jy-libXau-1.0.9/lib/libXau.so.6.0.0
7f52ffa9a000-7f52ffa9b000 r--p 00002000 00:743 4611686018734291810       /nix/store/b87snadfksdi8jpl5bndpyp6fz0195jy-libXau-1.0.9/lib/libXau.so.6.0.0
7f52ffa9b000-7f52ffa9c000 r--p 00002000 00:743 4611686018734291810       /nix/store/b87snadfksdi8jpl5bndpyp6fz0195jy-libXau-1.0.9/lib/libXau.so.6.0.0
7f52ffa9c000-7f52ffa9d000 rw-p 00003000 00:743 4611686018734291810       /nix/store/b87snadfksdi8jpl5bndpyp6fz0195jy-libXau-1.0.9/lib/libXau.so.6.0.0
7f52ffa9d000-7f52ffaa0000 r--p 00000000 00:743 4611686018734304912       /nix/store/gx4h8bqjsqmzxa44zsj7w3vjfydb28n6-libXi-1.8/lib/libXi.so.6.1.0
7f52ffaa0000-7f52ffaac000 r-xp 00003000 00:743 4611686018734304912       /nix/store/gx4h8bqjsqmzxa44zsj7w3vjfydb28n6-libXi-1.8/lib/libXi.so.6.1.0
7f52ffaac000-7f52ffaaf000 r--p 0000f000 00:743 4611686018734304912       /nix/store/gx4h8bqjsqmzxa44zsj7w3vjfydb28n6-libXi-1.8/lib/libXi.so.6.1.0
7f52ffaaf000-7f52ffab0000 r--p 00011000 00:743 4611686018734304912       /nix/store/gx4h8bqjsqmzxa44zsj7w3vjfydb28n6-libXi-1.8/lib/libXi.so.6.1.0
7f52ffab0000-7f52ffab1000 rw-p 00012000 00:743 4611686018734304912       /nix/store/gx4h8bqjsqmzxa44zsj7w3vjfydb28n6-libXi-1.8/lib/libXi.so.6.1.0
7f52ffab1000-7f52ffab3000 r--p 00000000 00:743 4611686018734305410       /nix/store/zxxfn6a37s53lpzxz9fnr1hjpczwkq2f-libXtst-1.2.3/lib/libXtst.so.6.1.0
7f52ffab3000-7f52ffab6000 r-xp 00002000 00:743 4611686018734305410       /nix/store/zxxfn6a37s53lpzxz9fnr1hjpczwkq2f-libXtst-1.2.3/lib/libXtst.so.6.1.0
7f52ffab6000-7f52ffab7000 r--p 00005000 00:743 4611686018734305410       /nix/store/zxxfn6a37s53lpzxz9fnr1hjpczwkq2f-libXtst-1.2.3/lib/libXtst.so.6.1.0
7f52ffab7000-7f52ffab8000 r--p 00005000 00:743 4611686018734305410       /nix/store/zxxfn6a37s53lpzxz9fnr1hjpczwkq2f-libXtst-1.2.3/lib/libXtst.so.6.1.0
7f52ffab8000-7f52ffab9000 rw-p 00006000 00:743 4611686018734305410       /nix/store/zxxfn6a37s53lpzxz9fnr1hjpczwkq2f-libXtst-1.2.3/lib/libXtst.so.6.1.0
7f52ffab9000-7f52ffabb000 r--p 00000000 00:743 4611686018734305265       /nix/store/0j5kn0y8w955spfjjkz4h82q6jdn387b-libXrender-0.9.10/lib/libXrender.so.1.3.0
7f52ffabb000-7f52ffac2000 r-xp 00002000 00:743 4611686018734305265       /nix/store/0j5kn0y8w955spfjjkz4h82q6jdn387b-libXrender-0.9.10/lib/libXrender.so.1.3.0
7f52ffac2000-7f52ffac4000 r--p 00009000 00:743 4611686018734305265       /nix/store/0j5kn0y8w955spfjjkz4h82q6jdn387b-libXrender-0.9.10/lib/libXrender.so.1.3.0
7f52ffac4000-7f52ffac5000 r--p 0000a000 00:743 4611686018734305265       /nix/store/0j5kn0y8w955spfjjkz4h82q6jdn387b-libXrender-0.9.10/lib/libXrender.so.1.3.0
7f52ffac5000-7f52ffac6000 rw-p 0000b000 00:743 4611686018734305265       /nix/store/0j5kn0y8w955spfjjkz4h82q6jdn387b-libXrender-0.9.10/lib/libXrender.so.1.3.0
7f52ffac6000-7f52ffaca000 r--p 00000000 00:743 4611686018734304799       /nix/store/7sx990hnww7jnwv51mgln2kv5ni6im8r-libXext-1.3.4/lib/libXext.so.6.4.0
7f52ffaca000-7f52ffad5000 r-xp 00004000 00:743 4611686018734304799       /nix/store/7sx990hnww7jnwv51mgln2kv5ni6im8r-libXext-1.3.4/lib/libXext.so.6.4.0
7f52ffad5000-7f52ffad9000 r--p 0000f000 00:743 4611686018734304799       /nix/store/7sx990hnww7jnwv51mgln2kv5ni6im8r-libXext-1.3.4/lib/libXext.so.6.4.0
7f52ffad9000-7f52ffada000 r--p 00012000 00:743 4611686018734304799       /nix/store/7sx990hnww7jnwv51mgln2kv5ni6im8r-libXext-1.3.4/lib/libXext.so.6.4.0
7f52ffada000-7f52ffadb000 rw-p 00013000 00:743 4611686018734304799       /nix/store/7sx990hnww7jnwv51mgln2kv5ni6im8r-libXext-1.3.4/lib/libXext.so.6.4.0
7f52ffadb000-7f52ffadf000 ---p 00000000 00:00 0 
7f52ffadf000-7f52ffd9b000 rw-p 00000000 00:00 0 
7f52ffd9b000-7f52fffdb000 rw-p 00000000 00:00 0 
7f52fffdb000-7f52ffff6000 r--s 00394000 00:743 4611686018756995818       /nix/store/d9zjaa4bsa3ld40bpfjxz6fssjlz5nv1-zulu-8.48.0.53/jre/lib/ext/cldrdata.jar
7f52ffff6000-7f5300000000 r--s 00117000 00:743 4611686018756995822       /nix/store/d9zjaa4bsa3ld40bpfjxz6fssjlz5nv1-zulu-8.48.0.53/jre/lib/ext/localedata.jar
7f5300000000-7f5300bb9000 rw-p 00000000 00:00 0 
7f5300bb9000-7f5304000000 ---p 00000000 00:00 0 
7f5304000000-7f5304021000 rw-p 00000000 00:00 0 
7f5304021000-7f5308000000 ---p 00000000 00:00 0 
7f5308000000-7f5308046000 rw-p 00000000 00:00 0 
7f5308046000-7f530c000000 ---p 00000000 00:00 0 
7f530c000000-7f530d896000 rw-p 00000000 00:00 0 
7f530d896000-7f5310000000 ---p 00000000 00:00 0 
7f5310000000-7f531004b000 rw-p 00000000 00:00 0 
7f531004b000-7f5314000000 ---p 00000000 00:00 0 
7f5314000000-7f5314047000 rw-p 00000000 00:00 0 
7f5314047000-7f5318000000 ---p 00000000 00:00 0 
7f5318000000-7f5318314000 rw-p 00000000 00:00 0 
7f5318314000-7f531c000000 ---p 00000000 00:00 0 
7f531c004000-7f531c005000 r--s 0000d000 00:743 4611686018756995826       /nix/store/d9zjaa4bsa3ld40bpfjxz6fssjlz5nv1-zulu-8.48.0.53/jre/lib/ext/sunec.jar
7f531c005000-7f531c009000 r--s 00040000 00:743 4611686018756995828       /nix/store/d9zjaa4bsa3ld40bpfjxz6fssjlz5nv1-zulu-8.48.0.53/jre/lib/ext/sunpkcs11.jar
7f531c009000-7f531c012000 r--s 0005d000 00:ba7 5278                      /home/runner/eaglerx-server2/server/plugins/BetterRTP-3.6.1.jar
7f531c012000-7f531c015000 r--s 0003b000 00:ba7 5347                      /home/runner/eaglerx-server2/server/plugins/GriefPrevention.jar
7f531c015000-7f531c01c000 r--s 000aa000 00:ba7 5342                      /home/runner/eaglerx-server2/server/plugins/EconomyShopGUI-5.1.3.jar
7f531c01c000-7f531c03d000 r--s 00185000 00:ba7 5485                      /home/runner/eaglerx-server2/server/plugins/WorldEdit.jar
7f531c03d000-7f531c043000 r--s 0005b000 00:ba7 5346                      /home/runner/eaglerx-server2/server/plugins/SilkSpawners.jar
7f531c043000-7f531c048000 r--s 00044000 00:ba7 5468                      /home/runner/eaglerx-server2/server/plugins/Vault.jar
7f531c048000-7f531c04a000 r--s 00009000 00:ba7 5481                      /home/runner/eaglerx-server2/server/plugins/FarmProtect-v1.9.0.jar
7f531c04a000-7f531c20a000 rw-p 00000000 00:00 0 
7f531c20a000-7f531c40a000 rw-p 00000000 00:00 0 
7f531c40a000-7f531c64a000 rw-p 00000000 00:00 0 
7f531c64a000-7f531c64e000 ---p 00000000 00:00 0 
7f531c64e000-7f531c74a000 rw-p 00000000 00:00 0 
7f531c74a000-7f531c752000 r-xp 00000000 00:743 4611686018756995793       /nix/store/d9zjaa4bsa3ld40bpfjxz6fssjlz5nv1-zulu-8.48.0.53/jre/lib/amd64/libmanagement.so
7f531c752000-7f531c952000 ---p 00008000 00:743 4611686018756995793       /nix/store/d9zjaa4bsa3ld40bpfjxz6fssjlz5nv1-zulu-8.48.0.53/jre/lib/amd64/libmanagement.so
7f531c952000-7f531c953000 r--p 00008000 00:743 4611686018756995793       /nix/store/d9zjaa4bsa3ld40bpfjxz6fssjlz5nv1-zulu-8.48.0.53/jre/lib/amd64/libmanagement.so
7f531c953000-7f531c954000 rw-p 00009000 00:743 4611686018756995793       /nix/store/d9zjaa4bsa3ld40bpfjxz6fssjlz5nv1-zulu-8.48.0.53/jre/lib/amd64/libmanagement.so
7f531c954000-7f531c956000 rw-p 0000d000 00:743 4611686018756995793       /nix/store/d9zjaa4bsa3ld40bpfjxz6fssjlz5nv1-zulu-8.48.0.53/jre/lib/amd64/libmanagement.so
7f531c956000-7f531cace000 r--s 01704000 00:ba7 5460                      /home/runner/eaglerx-server2/server/cache/patched_1.8.8.jar
7f531cace000-7f531cae6000 r-xp 00000000 00:743 4611686018756995795       /nix/store/d9zjaa4bsa3ld40bpfjxz6fssjlz5nv1-zulu-8.48.0.53/jre/lib/amd64/libnet.so
7f531cae6000-7f531cce5000 ---p 00018000 00:743 4611686018756995795       /nix/store/d9zjaa4bsa3ld40bpfjxz6fssjlz5nv1-zulu-8.48.0.53/jre/lib/amd64/libnet.so
7f531cce5000-7f531cce6000 r--p 00017000 00:743 4611686018756995795       /nix/store/d9zjaa4bsa3ld40bpfjxz6fssjlz5nv1-zulu-8.48.0.53/jre/lib/amd64/libnet.so
7f531cce6000-7f531cce7000 rw-p 00018000 00:743 4611686018756995795       /nix/store/d9zjaa4bsa3ld40bpfjxz6fssjlz5nv1-zulu-8.48.0.53/jre/lib/amd64/libnet.so
7f531cce7000-7f531cce9000 rw-p 0001e000 00:743 4611686018756995795       /nix/store/d9zjaa4bsa3ld40bpfjxz6fssjlz5nv1-zulu-8.48.0.53/jre/lib/amd64/libnet.so
7f531cce9000-7f531ccfa000 r-xp 00000000 00:743 4611686018756995796       /nix/store/d9zjaa4bsa3ld40bpfjxz6fssjlz5nv1-zulu-8.48.0.53/jre/lib/amd64/libnio.so
7f531ccfa000-7f531cefa000 ---p 00011000 00:743 4611686018756995796       /nix/store/d9zjaa4bsa3ld40bpfjxz6fssjlz5nv1-zulu-8.48.0.53/jre/lib/amd64/libnio.so
7f531cefa000-7f531cefb000 r--p 00011000 00:743 4611686018756995796       /nix/store/d9zjaa4bsa3ld40bpfjxz6fssjlz5nv1-zulu-8.48.0.53/jre/lib/amd64/libnio.so
7f531cefb000-7f531cefc000 rw-p 00012000 00:743 4611686018756995796       /nix/store/d9zjaa4bsa3ld40bpfjxz6fssjlz5nv1-zulu-8.48.0.53/jre/lib/amd64/libnio.so
7f531cefc000-7f531ceff000 rw-p 00019000 00:743 4611686018756995796       /nix/store/d9zjaa4bsa3ld40bpfjxz6fssjlz5nv1-zulu-8.48.0.53/jre/lib/amd64/libnio.so
7f531ceff000-7f531cf00000 ---p 00000000 00:00 0 
7f531cf00000-7f531d000000 rw-p 00000000 00:00 0 
7f531d000000-7f531e470000 rwxp 00000000 00:00 0 
7f531e470000-7f532c000000 ---p 00000000 00:00 0 
7f532c000000-7f532c71d000 rw-p 00000000 00:00 0 
7f532c71d000-7f5330000000 ---p 00000000 00:00 0 
7f5330000000-7f5330021000 r--s 001a4000 00:ba7 5402                      /home/runner/eaglerx-server2/server/plugins/toolstats-4.7.1.jar
7f5330021000-7f5330031000 r--s 000e8000 00:ba7 5501                      /home/runner/eaglerx-server2/server/plugins/item-nbt-api-plugin-2.11.1.jar
7f5330031000-7f5330033000 r--s 00006000 00:ba7 5482                      /home/runner/eaglerx-server2/server/plugins/ImgMap.jar
7f5330033000-7f5330036000 r--s 0001f000 00:ba7 5451                      /home/runner/eaglerx-server2/server/plugins/TreeAssist-1.8.jar
7f5330036000-7f5330037000 r--s 00004000 00:ba7 5344                      /home/runner/eaglerx-server2/server/plugins/VeinMiner.jar
7f5330037000-7f5330039000 r--s 00014000 00:ba7 5467                      /home/runner/eaglerx-server2/server/plugins/AntiCreeper.jar
7f5330039000-7f5330040000 r--s 00048000 00:ba7 5475                      /home/runner/eaglerx-server2/server/plugins/iDisguise.jar
7f5330040000-7f5330042000 r--s 00012000 00:ba7 5343                      /home/runner/eaglerx-server2/server/plugins/HealthBar.jar
7f5330042000-7f5330072000 r--s 0054f000 00:ba7 5392                      /home/runner/eaglerx-server2/server/plugins/FastAsyncWorldEdit-bukkit-21.03.09-a5e5590-1285-22.3.8.jar
7f5330072000-7f5330073000 r--s 00007000 00:ba7 5345                      /home/runner/eaglerx-server2/server/plugins/UberEnchant.jar
7f5330073000-7f5330075000 r--s 00006000 00:ba7 5589                      /home/runner/eaglerx-server2/server/plugins/OfflineManager.jar
7f5330075000-7f5330077000 r--s 00016000 00:743 4611686018756995848       /nix/store/d9zjaa4bsa3ld40bpfjxz6fssjlz5nv1-zulu-8.48.0.53/jre/lib/jce.jar
7f5330077000-7f533008a000 r--s 0034c000 00:743 4611686018756995865       /nix/store/d9zjaa4bsa3ld40bpfjxz6fssjlz5nv1-zulu-8.48.0.53/jre/lib/resources.jar
7f533008a000-7f53300a5000 r--s 001d6000 00:743 4611686018756995824       /nix/store/d9zjaa4bsa3ld40bpfjxz6fssjlz5nv1-zulu-8.48.0.53/jre/lib/ext/nashorn.jar
7f53300a5000-7f53300b7000 r--s 001c4000 00:743 4611686018756995853       /nix/store/d9zjaa4bsa3ld40bpfjxz6fssjlz5nv1-zulu-8.48.0.53/jre/lib/jsse.jar
7f53300b7000-7f53300c2000 r--s 01692000 00:ba7 5458                      /home/runner/eaglerx-server2/server/server.jar
7f53300c2000-7f53300da000 r--s 0012d000 00:743 4611686018756995825       /nix/store/d9zjaa4bsa3ld40bpfjxz6fssjlz5nv1-zulu-8.48.0.53/jre/lib/ext/openjsse.jar
7f53300da000-7f53300e0000 r--s 00065000 00:743 4611686018756995821       /nix/store/d9zjaa4bsa3ld40bpfjxz6fssjlz5nv1-zulu-8.48.0.53/jre/lib/ext/legacy8ujsse.jar
7f53300e0000-7f53300e4000 ---p 00000000 00:00 0 
7f53300e4000-7f53301e0000 rw-p 00000000 00:00 0 
7f53301e0000-7f53301e1000 ---p 00000000 00:00 0 
7f53301e1000-7f53301e5000 ---p 00000000 00:00 0 
7f53301e5000-7f53302e1000 rw-p 00000000 00:00 0 
7f53302e1000-7f53302e2000 ---p 00000000 00:00 0 
7f53302e2000-7f53302e6000 ---p 00000000 00:00 0 
7f53302e6000-7f53303e2000 rw-p 00000000 00:00 0 
7f53303e2000-7f53303e9000 r--s 000d3000 00:743 4611686018756995852       /nix/store/d9zjaa4bsa3ld40bpfjxz6fssjlz5nv1-zulu-8.48.0.53/jre/lib/jfr.jar
7f53303e9000-7f53303ed000 ---p 00000000 00:00 0 
7f53303ed000-7f53304e9000 rw-p 00000000 00:00 0 
7f53304e9000-7f53307cf000 r--p 00000000 00:6e7 28444448                  /usr/lib/locale/locale-archive
7f53307cf000-7f53307d3000 ---p 00000000 00:00 0 
7f53307d3000-7f53308cf000 rw-p 00000000 00:00 0 
7f53308cf000-7f53308d3000 ---p 00000000 00:00 0 
7f53308d3000-7f53309cf000 rw-p 00000000 00:00 0 
7f53309cf000-7f53309d0000 ---p 00000000 00:00 0 
7f53309d0000-7f5330b1e000 rw-p 00000000 00:00 0 
7f5330b1e000-7f5330cf1000 r--s 03cdf000 00:743 4611686018756995866       /nix/store/d9zjaa4bsa3ld40bpfjxz6fssjlz5nv1-zulu-8.48.0.53/jre/lib/rt.jar
7f5330cf1000-7f5331582000 rw-p 00000000 00:00 0 
7f5331582000-7f5331669000 rw-p 00000000 00:00 0 
7f5331669000-7f533166d000 ---p 00000000 00:00 0 
7f533166d000-7f53316c1000 rw-p 00000000 00:00 0 
7f53316c1000-7f53316c2000 ---p 00000000 00:00 0 
7f53316c2000-7f5331769000 rw-p 00000000 00:00 0 
7f5331769000-7f533176d000 ---p 00000000 00:00 0 
7f533176d000-7f53317c0000 rw-p 00000000 00:00 0 
7f53317c0000-7f5331b2e000 ---p 00000000 00:00 0 
7f5331b2e000-7f5331b49000 r-xp 00000000 00:743 4611686018756995804       /nix/store/d9zjaa4bsa3ld40bpfjxz6fssjlz5nv1-zulu-8.48.0.53/jre/lib/amd64/libzip.so
7f5331b49000-7f5331d49000 ---p 0001b000 00:743 4611686018756995804       /nix/store/d9zjaa4bsa3ld40bpfjxz6fssjlz5nv1-zulu-8.48.0.53/jre/lib/amd64/libzip.so
7f5331d49000-7f5331d4a000 r--p 0001b000 00:743 4611686018756995804       /nix/store/d9zjaa4bsa3ld40bpfjxz6fssjlz5nv1-zulu-8.48.0.53/jre/lib/amd64/libzip.so
7f5331d4a000-7f5331d4b000 rw-p 0001c000 00:743 4611686018756995804       /nix/store/d9zjaa4bsa3ld40bpfjxz6fssjlz5nv1-zulu-8.48.0.53/jre/lib/amd64/libzip.so
7f5331d4b000-7f5331d4c000 rw-p 00021000 00:743 4611686018756995804       /nix/store/d9zjaa4bsa3ld40bpfjxz6fssjlz5nv1-zulu-8.48.0.53/jre/lib/amd64/libzip.so
7f5331d4c000-7f5331d54000 rw-s 00000000 00:6dc 501                       /tmp/hsperfdata_runner/49
7f5331d54000-7f5331d55000 rw-p 00000000 00:00 0 
7f5331d55000-7f5331d56000 ---p 00000000 00:00 0 
7f5331d56000-7f5331d7e000 r-xp 00000000 00:743 4611686018756995783       /nix/store/d9zjaa4bsa3ld40bpfjxz6fssjlz5nv1-zulu-8.48.0.53/jre/lib/amd64/libjava.so
7f5331d7e000-7f5331f7d000 ---p 00028000 00:743 4611686018756995783       /nix/store/d9zjaa4bsa3ld40bpfjxz6fssjlz5nv1-zulu-8.48.0.53/jre/lib/amd64/libjava.so
7f5331f7d000-7f5331f7e000 r--p 00027000 00:743 4611686018756995783       /nix/store/d9zjaa4bsa3ld40bpfjxz6fssjlz5nv1-zulu-8.48.0.53/jre/lib/amd64/libjava.so
7f5331f7e000-7f5331f80000 rw-p 00028000 00:743 4611686018756995783       /nix/store/d9zjaa4bsa3ld40bpfjxz6fssjlz5nv1-zulu-8.48.0.53/jre/lib/amd64/libjava.so
7f5331f80000-7f5331f85000 rw-p 00033000 00:743 4611686018756995783       /nix/store/d9zjaa4bsa3ld40bpfjxz6fssjlz5nv1-zulu-8.48.0.53/jre/lib/amd64/libjava.so
7f5331f85000-7f5331f93000 r-xp 00000000 00:743 4611686018756995803       /nix/store/d9zjaa4bsa3ld40bpfjxz6fssjlz5nv1-zulu-8.48.0.53/jre/lib/amd64/libverify.so
7f5331f93000-7f5332192000 ---p 0000e000 00:743 4611686018756995803       /nix/store/d9zjaa4bsa3ld40bpfjxz6fssjlz5nv1-zulu-8.48.0.53/jre/lib/amd64/libverify.so
7f5332192000-7f5332194000 r--p 0000d000 00:743 4611686018756995803       /nix/store/d9zjaa4bsa3ld40bpfjxz6fssjlz5nv1-zulu-8.48.0.53/jre/lib/amd64/libverify.so
7f5332194000-7f5332195000 rw-p 0000f000 00:743 4611686018756995803       /nix/store/d9zjaa4bsa3ld40bpfjxz6fssjlz5nv1-zulu-8.48.0.53/jre/lib/amd64/libverify.so
7f5332195000-7f5332196000 rw-p 00012000 00:743 4611686018756995803       /nix/store/d9zjaa4bsa3ld40bpfjxz6fssjlz5nv1-zulu-8.48.0.53/jre/lib/amd64/libverify.so
7f5332196000-7f5332197000 r--p 00000000 00:743 4611686018734270204       /nix/store/scd5n7xsn0hh0lvhhnycr9gx0h8xfzsl-glibc-2.34-210/lib/librt.so.1
7f5332197000-7f5332198000 r-xp 00001000 00:743 4611686018734270204       /nix/store/scd5n7xsn0hh0lvhhnycr9gx0h8xfzsl-glibc-2.34-210/lib/librt.so.1
7f5332198000-7f5332199000 r--p 00002000 00:743 4611686018734270204       /nix/store/scd5n7xsn0hh0lvhhnycr9gx0h8xfzsl-glibc-2.34-210/lib/librt.so.1
7f5332199000-7f533219a000 r--p 00002000 00:743 4611686018734270204       /nix/store/scd5n7xsn0hh0lvhhnycr9gx0h8xfzsl-glibc-2.34-210/lib/librt.so.1
7f533219a000-7f533219b000 rw-p 00003000 00:743 4611686018734270204       /nix/store/scd5n7xsn0hh0lvhhnycr9gx0h8xfzsl-glibc-2.34-210/lib/librt.so.1
7f533219b000-7f533219c000 ---p 00000000 00:00 0 
7f533219c000-7f53321a0000 ---p 00000000 00:00 0 
7f53321a0000-7f533229c000 rw-p 00000000 00:00 0 
7f533229c000-7f53322a9000 r--p 00000000 00:743 4611686018734270069       /nix/store/scd5n7xsn0hh0lvhhnycr9gx0h8xfzsl-glibc-2.34-210/lib/libm.so.6
7f53322a9000-7f5332316000 r-xp 0000d000 00:743 4611686018734270069       /nix/store/scd5n7xsn0hh0lvhhnycr9gx0h8xfzsl-glibc-2.34-210/lib/libm.so.6
7f5332316000-7f5332373000 r--p 0007a000 00:743 4611686018734270069       /nix/store/scd5n7xsn0hh0lvhhnycr9gx0h8xfzsl-glibc-2.34-210/lib/libm.so.6
7f5332373000-7f5332374000 r--p 000d6000 00:743 4611686018734270069       /nix/store/scd5n7xsn0hh0lvhhnycr9gx0h8xfzsl-glibc-2.34-210/lib/libm.so.6
7f5332374000-7f5332375000 rw-p 000d7000 00:743 4611686018734270069       /nix/store/scd5n7xsn0hh0lvhhnycr9gx0h8xfzsl-glibc-2.34-210/lib/libm.so.6
7f5332375000-7f533307c000 r-xp 00000000 00:743 4611686018756995807       /nix/store/d9zjaa4bsa3ld40bpfjxz6fssjlz5nv1-zulu-8.48.0.53/jre/lib/amd64/server/libjvm.so
7f533307c000-7f533327b000 ---p 00d07000 00:743 4611686018756995807       /nix/store/d9zjaa4bsa3ld40bpfjxz6fssjlz5nv1-zulu-8.48.0.53/jre/lib/amd64/server/libjvm.so
7f533327b000-7f5333326000 r--p 00d06000 00:743 4611686018756995807       /nix/store/d9zjaa4bsa3ld40bpfjxz6fssjlz5nv1-zulu-8.48.0.53/jre/lib/amd64/server/libjvm.so
7f5333326000-7f533334f000 rw-p 00db1000 00:743 4611686018756995807       /nix/store/d9zjaa4bsa3ld40bpfjxz6fssjlz5nv1-zulu-8.48.0.53/jre/lib/amd64/server/libjvm.so
7f533334f000-7f5333396000 rw-p 00000000 00:00 0 
7f5333396000-7f53333be000 r--p 00000000 00:743 4611686018734269861       /nix/store/scd5n7xsn0hh0lvhhnycr9gx0h8xfzsl-glibc-2.34-210/lib/libc.so.6
7f53333be000-7f5333528000 r-xp 00028000 00:743 4611686018734269861       /nix/store/scd5n7xsn0hh0lvhhnycr9gx0h8xfzsl-glibc-2.34-210/lib/libc.so.6
7f5333528000-7f5333581000 r--p 00192000 00:743 4611686018734269861       /nix/store/scd5n7xsn0hh0lvhhnycr9gx0h8xfzsl-glibc-2.34-210/lib/libc.so.6
7f5333581000-7f5333585000 r--p 001ea000 00:743 4611686018734269861       /nix/store/scd5n7xsn0hh0lvhhnycr9gx0h8xfzsl-glibc-2.34-210/lib/libc.so.6
7f5333585000-7f5333587000 rw-p 001ee000 00:743 4611686018734269861       /nix/store/scd5n7xsn0hh0lvhhnycr9gx0h8xfzsl-glibc-2.34-210/lib/libc.so.6
7f5333587000-7f5333594000 rw-p 00000000 00:00 0 
7f5333594000-7f5333595000 r--p 00000000 00:743 4611686018734270053       /nix/store/scd5n7xsn0hh0lvhhnycr9gx0h8xfzsl-glibc-2.34-210/lib/libdl.so.2
7f5333595000-7f5333596000 r-xp 00001000 00:743 4611686018734270053       /nix/store/scd5n7xsn0hh0lvhhnycr9gx0h8xfzsl-glibc-2.34-210/lib/libdl.so.2
7f5333596000-7f5333597000 r--p 00002000 00:743 4611686018734270053       /nix/store/scd5n7xsn0hh0lvhhnycr9gx0h8xfzsl-glibc-2.34-210/lib/libdl.so.2
7f5333597000-7f5333598000 r--p 00002000 00:743 4611686018734270053       /nix/store/scd5n7xsn0hh0lvhhnycr9gx0h8xfzsl-glibc-2.34-210/lib/libdl.so.2
7f5333598000-7f5333599000 rw-p 00003000 00:743 4611686018734270053       /nix/store/scd5n7xsn0hh0lvhhnycr9gx0h8xfzsl-glibc-2.34-210/lib/libdl.so.2
7f5333599000-7f53335af000 r-xp 00000000 00:743 4611686018756995768       /nix/store/d9zjaa4bsa3ld40bpfjxz6fssjlz5nv1-zulu-8.48.0.53/jre/lib/amd64/jli/libjli.so
7f53335af000-7f53337ae000 ---p 00016000 00:743 4611686018756995768       /nix/store/d9zjaa4bsa3ld40bpfjxz6fssjlz5nv1-zulu-8.48.0.53/jre/lib/amd64/jli/libjli.so
7f53337ae000-7f53337af000 r--p 00015000 00:743 4611686018756995768       /nix/store/d9zjaa4bsa3ld40bpfjxz6fssjlz5nv1-zulu-8.48.0.53/jre/lib/amd64/jli/libjli.so
7f53337af000-7f53337b0000 rw-p 00016000 00:743 4611686018756995768       /nix/store/d9zjaa4bsa3ld40bpfjxz6fssjlz5nv1-zulu-8.48.0.53/jre/lib/amd64/jli/libjli.so
7f53337b0000-7f53337b1000 r--p 00000000 00:743 4611686018734270193       /nix/store/scd5n7xsn0hh0lvhhnycr9gx0h8xfzsl-glibc-2.34-210/lib/libpthread.so.0
7f53337b1000-7f53337b2000 r-xp 00001000 00:743 4611686018734270193       /nix/store/scd5n7xsn0hh0lvhhnycr9gx0h8xfzsl-glibc-2.34-210/lib/libpthread.so.0
7f53337b2000-7f53337b3000 r--p 00002000 00:743 4611686018734270193       /nix/store/scd5n7xsn0hh0lvhhnycr9gx0h8xfzsl-glibc-2.34-210/lib/libpthread.so.0
7f53337b3000-7f53337b4000 r--p 00002000 00:743 4611686018734270193       /nix/store/scd5n7xsn0hh0lvhhnycr9gx0h8xfzsl-glibc-2.34-210/lib/libpthread.so.0
7f53337b4000-7f53337b5000 rw-p 00003000 00:743 4611686018734270193       /nix/store/scd5n7xsn0hh0lvhhnycr9gx0h8xfzsl-glibc-2.34-210/lib/libpthread.so.0
7f53337b5000-7f53337b7000 rw-p 00000000 00:00 0 
7f53337b7000-7f53337b8000 r--p 00000000 00:743 4611686018734269826       /nix/store/scd5n7xsn0hh0lvhhnycr9gx0h8xfzsl-glibc-2.34-210/lib/ld-linux-x86-64.so.2
7f53337b8000-7f53337dd000 r-xp 00001000 00:743 4611686018734269826       /nix/store/scd5n7xsn0hh0lvhhnycr9gx0h8xfzsl-glibc-2.34-210/lib/ld-linux-x86-64.so.2
7f53337dd000-7f53337e7000 r--p 00026000 00:743 4611686018734269826       /nix/store/scd5n7xsn0hh0lvhhnycr9gx0h8xfzsl-glibc-2.34-210/lib/ld-linux-x86-64.so.2
7f53337e7000-7f53337e9000 r--p 0002f000 00:743 4611686018734269826       /nix/store/scd5n7xsn0hh0lvhhnycr9gx0h8xfzsl-glibc-2.34-210/lib/ld-linux-x86-64.so.2
7f53337e9000-7f53337eb000 rw-p 00031000 00:743 4611686018734269826       /nix/store/scd5n7xsn0hh0lvhhnycr9gx0h8xfzsl-glibc-2.34-210/lib/ld-linux-x86-64.so.2
7ffc83392000-7ffc833b6000 rw-p 00000000 00:00 0                          [stack]
7ffc833c6000-7ffc833ca000 r--p 00000000 00:00 0                          [vvar]
7ffc833ca000-7ffc833cc000 r-xp 00000000 00:00 0                          [vdso]
ffffffffff600000-ffffffffff601000 --xp 00000000 00:00 0                  [vsyscall]

VM Arguments:
jvm_args: -Xmx512M 
java_command: server.jar
java_class_path (initial): server.jar
Launcher Type: SUN_STANDARD

Environment Variables:
JAVA_HOME=/nix/store/d9zjaa4bsa3ld40bpfjxz6fssjlz5nv1-zulu-8.48.0.53
LD_LIBRARY_PATH=/nix/store/z7ff1q791ar3ghh8fcmiblaq654sw220-cups-2.4.2-lib/lib:/nix/store/yvzlx032kf9kn507y7iyrqxspfypvnnr-cairo-1.16.0/lib:/nix/store/s7yq6ngnxf4gsp4263q7xywfjihh5mpn-glib-2.72.2/lib:/nix/store/sqhmx15c0ici7qsy4ambqhkic76pc7fq-gtk+3-3.24.34/lib:/nix/store/hisqvx32cd57apbpcsnkpx6k3549wql1-libglvnd-1.4.0/lib:/nix/store/p36pgcv991mq5srvg765b78yqpxvk3qs-mesa-21.3.3-drivers/lib:/nix/store/mav4251if1ahjq5vkpwycyyvnmy459c4-pulseaudio-14.2/lib
DISPLAY=:0

Signal Handlers:
SIGSEGV: [libjvm.so+0xadc7d0], sa_mask[0]=11111111011111111101111111111110, sa_flags=SA_RESTART|SA_SIGINFO
SIGBUS: [libjvm.so+0xadc7d0], sa_mask[0]=11111111011111111101111111111110, sa_flags=SA_RESTART|SA_SIGINFO
SIGFPE: [libjvm.so+0x92ec30], sa_mask[0]=11111111011111111101111111111110, sa_flags=SA_RESTART|SA_SIGINFO
SIGPIPE: [libjvm.so+0x92ec30], sa_mask[0]=11111111011111111101111111111110, sa_flags=SA_RESTART|SA_SIGINFO
SIGXFSZ: [libjvm.so+0x92ec30], sa_mask[0]=11111111011111111101111111111110, sa_flags=SA_RESTART|SA_SIGINFO
SIGILL: [libjvm.so+0x92ec30], sa_mask[0]=11111111011111111101111111111110, sa_flags=SA_RESTART|SA_SIGINFO
SIGUSR1: SIG_DFL, sa_mask[0]=00000000000000000000000000000000, sa_flags=none
SIGUSR2: [libjvm.so+0x930510], sa_mask[0]=00000000000000000000000000000000, sa_flags=SA_RESTART|SA_SIGINFO
SIGHUP: [libjvm.so+0x931f10], sa_mask[0]=11111111011111111101111111111110, sa_flags=SA_RESTART|SA_SIGINFO
SIGINT: [libjvm.so+0x931f10], sa_mask[0]=11111111011111111101111111111110, sa_flags=SA_RESTART|SA_SIGINFO
SIGTERM: [libjvm.so+0x931f10], sa_mask[0]=11111111011111111101111111111110, sa_flags=SA_RESTART|SA_SIGINFO
SIGQUIT: [libjvm.so+0x931f10], sa_mask[0]=11111111011111111101111111111110, sa_flags=SA_RESTART|SA_SIGINFO


---------------  S Y S T E M  ---------------

OS:DISTRIB_ID=Ubuntu
DISTRIB_RELEASE=20.04
DISTRIB_CODENAME=focal
DISTRIB_DESCRIPTION="Ubuntu 20.04.2 LTS"

uname:Linux 6.2.0-1011-gcp #11~22.04.1-Ubuntu SMP Wed Aug  2 05:19:58 UTC 2023 x86_64
libc:glibc 2.34 NPTL 2.34 
rlimit: STACK 8192k, CORE infinity, NPROC infinity, NOFILE 5242, AS infinity
load average:10.11 7.36 7.04

/proc/meminfo:
MemTotal:       32856000 kB
MemFree:          797660 kB
MemAvailable:   20348512 kB
Buffers:          975728 kB
Cached:         16882704 kB
SwapCached:            0 kB
Active:          8247084 kB
Inactive:       20321540 kB
Active(anon):      11492 kB
Inactive(anon): 10450212 kB
Active(file):    8235592 kB
Inactive(file):  9871328 kB
Unevictable:       29184 kB
Mlocked:           29184 kB
SwapTotal:             0 kB
SwapFree:              0 kB
Zswap:                 0 kB
Zswapped:              0 kB
Dirty:             12896 kB
Writeback:           212 kB
AnonPages:      10582252 kB
Mapped:          1876636 kB
Shmem:             20432 kB
KReclaimable:    1909620 kB
Slab:            2697440 kB
SReclaimable:    1909620 kB
SUnreclaim:       787820 kB
KernelStack:      192008 kB
PageTables:       219924 kB
SecPageTables:         0 kB
NFS_Unstable:          0 kB
Bounce:                0 kB
WritebackTmp:          0 kB
CommitLimit:    16428000 kB
Committed_AS:   53507012 kB
VmallocTotal:   34359738367 kB
VmallocUsed:      220760 kB
VmallocChunk:          0 kB
Percpu:            18832 kB
HardwareCorrupted:     0 kB
AnonHugePages:    208896 kB
ShmemHugePages:        0 kB
ShmemPmdMapped:        0 kB
FileHugePages:         0 kB
FilePmdMapped:         0 kB
HugePages_Total:       0
HugePages_Free:        0
HugePages_Rsvd:        0
HugePages_Surp:        0
Hugepagesize:       2048 kB
Hugetlb:               0 kB
DirectMap4k:      308024 kB
DirectMap2M:    21708800 kB
DirectMap1G:    13631488 kB

container (cgroup) information:
container_type: cgroupv1
cpu_cpuset_cpus: 1-3
cpu_memory_nodes: 0
active_processor_count: 1
cpu_quota: 30000
cpu_period: 100000
cpu_shares: 307
memory_limit_in_bytes: 1073741824
memory_and_swap_limit_in_bytes: 1073741824
memory_soft_limit_in_bytes: 536870912
memory_usage_in_bytes: 715104256
memory_max_usage_in_bytes: 822276096

KVM virtualization detected

CPU:total 4 (initial active 1) (4 cores per cpu, 1 threads per core) family 23 model 49 stepping 0, cmov, cx8, fxsr, mmx, sse, sse2, sse3, ssse3, sse4.1, sse4.2, popcnt, avx, avx2, aes, clmul, mmxext, 3dnowpref, lzcnt, sse4a, tsc, tscinvbit, tscinv, bmi1

/proc/cpuinfo:
processor	: 0
vendor_id	: AuthenticAMD
cpu family	: 23
model		: 49
model name	: AMD EPYC 7B12
stepping	: 0
microcode	: 0xffffffff
cpu MHz		: 2249.998
cache size	: 512 KB
physical id	: 0
siblings	: 4
core id		: 0
cpu cores	: 2
apicid		: 0
initial apicid	: 0
fpu		: yes
fpu_exception	: yes
cpuid level	: 13
wp		: yes
flags		: fpu vme de pse tsc msr pae mce cx8 apic sep mtrr pge mca cmov pat pse36 clflush mmx fxsr sse sse2 ht syscall nx mmxext fxsr_opt pdpe1gb rdtscp lm constant_tsc rep_good nopl nonstop_tsc cpuid extd_apicid tsc_known_freq pni pclmulqdq ssse3 fma cx16 sse4_1 sse4_2 movbe popcnt aes xsave avx f16c rdrand hypervisor lahf_lm cmp_legacy cr8_legacy abm sse4a misalignsse 3dnowprefetch osvw topoext ssbd ibrs ibpb stibp vmmcall fsgsbase tsc_adjust bmi1 avx2 smep bmi2 rdseed adx smap clflushopt clwb sha_ni xsaveopt xsavec xgetbv1 clzero xsaveerptr arat npt nrip_save umip rdpid
bugs		: sysret_ss_attrs null_seg spectre_v1 spectre_v2 spec_store_bypass retbleed smt_rsb
bogomips	: 4499.99
TLB size	: 3072 4K pages
clflush size	: 64
cache_alignment	: 64
address sizes	: 48 bits physical, 48 bits virtual
power management:

processor	: 1
vendor_id	: AuthenticAMD
cpu family	: 23
model		: 49
model name	: AMD EPYC 7B12
stepping	: 0
microcode	: 0xffffffff
cpu MHz		: 2249.998
cache size	: 512 KB
physical id	: 0
siblings	: 4
core id		: 1
cpu cores	: 2
apicid		: 2
initial apicid	: 2
fpu		: yes
fpu_exception	: yes
cpuid level	: 13
wp		: yes
flags		: fpu vme de pse tsc msr pae mce cx8 apic sep mtrr pge mca cmov pat pse36 clflush mmx fxsr sse sse2 ht syscall nx mmxext fxsr_opt pdpe1gb rdtscp lm constant_tsc rep_good nopl nonstop_tsc cpuid extd_apicid tsc_known_freq pni pclmulqdq ssse3 fma cx16 sse4_1 sse4_2 movbe popcnt aes xsave avx f16c rdrand hypervisor lahf_lm cmp_legacy cr8_legacy abm sse4a misalignsse 3dnowprefetch osvw topoext ssbd ibrs ibpb stibp vmmcall fsgsbase tsc_adjust bmi1 avx2 smep bmi2 rdseed adx smap clflushopt clwb sha_ni xsaveopt xsavec xgetbv1 clzero xsaveerptr arat npt nrip_save umip rdpid
bugs		: sysret_ss_attrs null_seg spectre_v1 spectre_v2 spec_store_bypass retbleed smt_rsb
bogomips	: 4499.99
TLB size	: 3072 4K pages
clflush size	: 64
cache_alignment	: 64
address sizes	: 48 bits physical, 48 bits virtual
power management:

processor	: 2
vendor_id	: AuthenticAMD
cpu family	: 23
model		: 49
model name	: AMD EPYC 7B12
stepping	: 0
microcode	: 0xffffffff
cpu MHz		: 2249.998
cache size	: 512 KB
physical id	: 0
siblings	: 4
core id		: 0
cpu cores	: 2
apicid		: 1
initial apicid	: 1
fpu		: yes
fpu_exception	: yes
cpuid level	: 13
wp		: yes
flags		: fpu vme de pse tsc msr pae mce cx8 apic sep mtrr pge mca cmov pat pse36 clflush mmx fxsr sse sse2 ht syscall nx mmxext fxsr_opt pdpe1gb rdtscp lm constant_tsc rep_good nopl nonstop_tsc cpuid extd_apicid tsc_known_freq pni pclmulqdq ssse3 fma cx16 sse4_1 sse4_2 movbe popcnt aes xsave avx f16c rdrand hypervisor lahf_lm cmp_legacy cr8_legacy abm sse4a misalignsse 3dnowprefetch osvw topoext ssbd ibrs ibpb stibp vmmcall fsgsbase tsc_adjust bmi1 avx2 smep bmi2 rdseed adx smap clflushopt clwb sha_ni xsaveopt xsavec xgetbv1 clzero xsaveerptr arat npt nrip_save umip rdpid
bugs		: sysret_ss_attrs null_seg spectre_v1 spectre_v2 spec_store_bypass retbleed smt_rsb
bogomips	: 4499.99
TLB size	: 3072 4K pages
clflush size	: 64
cache_alignment	: 64
address sizes	: 48 bits physical, 48 bits virtual
power management:

processor	: 3
vendor_id	: AuthenticAMD
cpu family	: 23
model		: 49
model name	: AMD EPYC 7B12
stepping	: 0
microcode	: 0xffffffff
cpu MHz		: 2249.998
cache size	: 512 KB
physical id	: 0
siblings	: 4
core id		: 1
cpu cores	: 2
apicid		: 3
initial apicid	: 3
fpu		: yes
fpu_exception	: yes
cpuid level	: 13
wp		: yes
flags		: fpu vme de pse tsc msr pae mce cx8 apic sep mtrr pge mca cmov pat pse36 clflush mmx fxsr sse sse2 ht syscall nx mmxext fxsr_opt pdpe1gb rdtscp lm constant_tsc rep_good nopl nonstop_tsc cpuid extd_apicid tsc_known_freq pni pclmulqdq ssse3 fma cx16 sse4_1 sse4_2 movbe popcnt aes xsave avx f16c rdrand hypervisor lahf_lm cmp_legacy cr8_legacy abm sse4a misalignsse 3dnowprefetch osvw topoext ssbd ibrs ibpb stibp vmmcall fsgsbase tsc_adjust bmi1 avx2 smep bmi2 rdseed adx smap clflushopt clwb sha_ni xsaveopt xsavec xgetbv1 clzero xsaveerptr arat npt nrip_save umip rdpid
bugs		: sysret_ss_attrs null_seg spectre_v1 spectre_v2 spec_store_bypass retbleed smt_rsb
bogomips	: 4499.99
TLB size	: 3072 4K pages
clflush size	: 64
cache_alignment	: 64
address sizes	: 48 bits physical, 48 bits virtual
power management:



Memory: 4k page, physical 1048576k(350228k free), swap 0k(0k free)

vm_info: OpenJDK 64-Bit Server VM (25.265-b11) for linux-amd64 JRE (Zulu 8.48.0.53-CA-linux64) (1.8.0_265-b11), built on Jul 28 2020 03:24:25 by "zulu_re" with gcc 4.4.7 20120313 (Red Hat 4.4.7-3)

time: Thu Aug 24 13:02:46 2023
timezone: UTC
elapsed time: 1286 seconds (0d 0h 21m 26s)

