#
# A fatal error has been detected by the Java Runtime Environment:
#
#  SIGSEGV (0xb) at pc=0x00007f3d2426d290, pid=47, tid=0x00007f3d775ff640
#
# JRE version: OpenJDK Runtime Environment (Zulu 8.48.0.53-CA-linux64) (8.0_265-b11) (build 1.8.0_265-b11)
# Java VM: OpenJDK 64-Bit Server VM (25.265-b11 mixed mode linux-amd64 compressed oops)
# Problematic frame:
# C  [sqlite-3.7.2-libsqlitejdbc.so+0x6d290]
#
# Core dump written. Default location: /home/runner/eaglerx-server2/server/core or core.47
#
# If you would like to submit a bug report, please visit:
#   http://www.azulsystems.com/support/
# The crash happened outside the Java Virtual Machine in native code.
# See problematic frame for where to report the bug.
#

---------------  T H R E A D  ---------------

Current thread (0x00007f3d4c8f2000):  JavaThread "Craft Scheduler Thread - 1" [_thread_in_native, id=115, stack(0x00007f3d77500000,0x00007f3d77600000)]

siginfo: si_signo: 11 (SIGSEGV), si_code: 1 (SEGV_MAPERR), si_addr: 0x0000000000000000

Registers:
RAX=0x0000000000000000, RBX=0x00007f3d2c05c4e0, RCX=0x00007f3d4c302400, RDX=0x00007f3d4c302400
RSP=0x00007f3d775fc268, RBP=0x0000000000000004, RSI=0x00007ffe93602bf8, RDI=0x0000000000000004
R8 =0x00007f3d24202d70, R9 =0x00000000000012a8, R10=0x00007f3d24200000, R11=0x0000000000000206
R12=0x00007ffe93602bf8, R13=0x00007f3d4c302400, R14=0x00007f3d2c05c4e0, R15=0x0000000000000000
RIP=0x00007f3d2426d290, EFLAGS=0x0000000000010246, CSGSFS=0x002b000000000033, ERR=0x0000000000000006
  TRAPNO=0x000000000000000e

Top of Stack: (sp=0x00007f3d775fc268)
0x00007f3d775fc268:   00007f3d2420b36b 0000000080000001
0x00007f3d775fc278:   00007f3d9cf21f49 fffffffffffffff8
0x00007f3d775fc288:   0000000000000004 00007ffe93602bf8
0x00007f3d775fc298:   00007f3d4c302400 00007f3d2c05c4e0
0x00007f3d775fc2a8:   00007f3d9cf22074 6c71732f706d742f
0x00007f3d775fc2b8:   fffffffffffffff8 00007f3d775fc410
0x00007f3d775fc2c8:   00007f3d2c05c4e0 0000000080000001
0x00007f3d775fc2d8:   0000000000000004 00007ffe93602bf8
0x00007f3d775fc2e8:   00007f3d9cc47d5c 0000000000000000
0x00007f3d775fc2f8:   00007f3d775fc490 00007f3d9cf29100
0x00007f3d775fc308:   00007f3d775fc410 0000000000000000
0x00007f3d775fc318:   0000000000000000 00007f3d775fc410
0x00007f3d775fc328:   00007f3d775fc31c fffffffffffffff8
0x00007f3d775fc338:   1e585fb205c3c59d 00007f3d2c0593c0
0x00007f3d775fc348:   00007f3d9c41231d 0000000000000004
0x00007f3d775fc358:   00007ffe93602bf8 1e585fb20803c59d
0x00007f3d775fc368:   1e59888577e5c59d 00007f3d00000000
0x00007f3d775fc378:   00007f3d9928ff98 00007f3d00000002
0x00007f3d775fc388:   00007f3d34169730 00007f3d9928ff18
0x00007f3d775fc398:   00000000000003d8 00007f3d9c1d9ca0
0x00007f3d775fc3a8:   00007f3d5831b6c0 00007f3d5831ba98
0x00007f3d775fc3b8:   00007f3d992915a8 00007f3d775fc5b0
0x00007f3d775fc3c8:   00007f3d5831b6b0 00007f3d992909c8
0x00007f3d775fc3d8:   00007f3d4c8f2000 00007f3d9ca764d0
0x00007f3d775fc3e8:   00007f3d990c7a30 00000000775fc480
0x00007f3d775fc3f8:   00007f3d775fc5a0 00007f3d775fc5a0
0x00007f3d775fc408:   00007f3d9cf29346 00007f3d2c05c4e0
0x00007f3d775fc418:   0000000000000004 00007ffe93602bf8
0x00007f3d775fc428:   00007f3d4c302400 00007f3d775fc4e0
0x00007f3d775fc438:   0000000000000000 0000000080000001
0x00007f3d775fc448:   00007f3d2c0593c0 00007f3d9c41231d
0x00007f3d775fc458:   00007f3d9cc47d15 00007f3d775fc580 

Instructions: (pc=0x00007f3d2426d290)
0x00007f3d2426d270:   00 00 00 00 00 00 00 00 00 00 00 00 00 00 00 00
0x00007f3d2426d280:   00 00 00 00 00 00 00 00 00 00 00 00 00 00 00 00
0x00007f3d2426d290:   00 00 00 00 00 00 00 00 08 48 8b 05 68 72 21 00
0x00007f3d2426d2a0:   48 83 f8 ff 74 19 48 8d 1d 5b 72 21 00 0f 1f 00 

Register to memory mapping:

RAX=0x0000000000000000 is an unknown value
RBX=0x00007f3d2c05c4e0 is an unknown value
RCX=0x00007f3d4c302400 is an unknown value
RDX=0x00007f3d4c302400 is an unknown value
RSP=0x00007f3d775fc268 is pointing into the stack for thread: 0x00007f3d4c8f2000
RBP=0x0000000000000004 is an unknown value
RSI=0x00007ffe93602bf8 is an unknown value
RDI=0x0000000000000004 is an unknown value
R8 =0x00007f3d24202d70: <offset 0x2d70> in /tmp/sqlite-3.7.2-libsqlitejdbc.so at 0x00007f3d24200000
R9 =0x00000000000012a8 is an unknown value
R10=0x00007f3d24200000: <offset 0> in /tmp/sqlite-3.7.2-libsqlitejdbc.so at 0x00007f3d24200000
R11=0x0000000000000206 is an unknown value
R12=0x00007ffe93602bf8 is an unknown value
R13=0x00007f3d4c302400 is an unknown value
R14=0x00007f3d2c05c4e0 is an unknown value
R15=0x0000000000000000 is an unknown value


Stack: [0x00007f3d77500000,0x00007f3d77600000],  sp=0x00007f3d775fc268,  free space=1008k
Native frames: (J=compiled Java code, j=interpreted, Vv=VM code, C=native code)
C  [sqlite-3.7.2-libsqlitejdbc.so+0x6d290]

Java frames: (J=compiled Java code, j=interpreted, Vv=VM code)
j  java.lang.ClassLoader$NativeLibrary.load(Ljava/lang/String;Z)V+0
j  java.lang.ClassLoader.loadLibrary0(Ljava/lang/Class;Ljava/io/File;)Z+328
j  java.lang.ClassLoader.loadLibrary(Ljava/lang/Class;Ljava/lang/String;Z)V+92
j  java.lang.Runtime.load0(Ljava/lang/Class;Ljava/lang/String;)V+57
j  java.lang.System.load(Ljava/lang/String;)V+7
j  org.sqlite.SQLiteJDBCLoader.loadNativeLibrary(Ljava/lang/String;Ljava/lang/String;)Z+29
j  org.sqlite.SQLiteJDBCLoader.extractAndLoadLibraryFile(Ljava/lang/String;Ljava/lang/String;Ljava/lang/String;)Z+297
j  org.sqlite.SQLiteJDBCLoader.loadSQLiteNativeLibrary()V+137
j  org.sqlite.SQLiteJDBCLoader.initialize()Z+0
j  org.sqlite.NativeDB.load()Z+19
v  ~StubRoutines::call_stub
J 4854  sun.reflect.NativeMethodAccessorImpl.invoke0(Ljava/lang/reflect/Method;Ljava/lang/Object;[Ljava/lang/Object;)Ljava/lang/Object; (0 bytes) @ 0x00007f3d854f0737 [0x00007f3d854f06c0+0x77]
J 4853 C1 sun.reflect.NativeMethodAccessorImpl.invoke(Ljava/lang/Object;[Ljava/lang/Object;)Ljava/lang/Object; (104 bytes) @ 0x00007f3d856cd63c [0x00007f3d856cd2a0+0x39c]
J 2554 C1 sun.reflect.DelegatingMethodAccessorImpl.invoke(Ljava/lang/Object;[Ljava/lang/Object;)Ljava/lang/Object; (10 bytes) @ 0x00007f3d85757e44 [0x00007f3d85757d40+0x104]
J 2553 C1 java.lang.reflect.Method.invoke(Ljava/lang/Object;[Ljava/lang/Object;)Ljava/lang/Object; (62 bytes) @ 0x00007f3d8575a3cc [0x00007f3d85759fe0+0x3ec]
j  org.sqlite.Conn.open(I)V+347
j  org.sqlite.Conn.<init>(Ljava/lang/String;Ljava/lang/String;Ljava/util/Properties;)V+56
j  org.sqlite.JDBC.createConnection(Ljava/lang/String;Ljava/util/Properties;)Ljava/sql/Connection;+49
j  org.sqlite.JDBC.connect(Ljava/lang/String;Ljava/util/Properties;)Ljava/sql/Connection;+2
j  java.sql.DriverManager.getConnection(Ljava/lang/String;Ljava/util/Properties;Ljava/lang/Class;)Ljava/sql/Connection;+171
j  java.sql.DriverManager.getConnection(Ljava/lang/String;)Ljava/sql/Connection;+13
j  me.SuperRonanCraft.BetterRTP.references.database.SQLite.getLocal()Ljava/sql/Connection;+130
j  me.SuperRonanCraft.BetterRTP.references.database.SQLite.getSQLConnection()Ljava/sql/Connection;+1
j  me.SuperRonanCraft.BetterRTP.references.database.SQLite.lambda$load$0()V+1
j  me.SuperRonanCraft.BetterRTP.references.database.SQLite$$Lambda$536.run()V+4
j  org.bukkit.craftbukkit.v1_8_R3.scheduler.CraftTask.run()V+27
j  org.bukkit.craftbukkit.v1_8_R3.scheduler.CraftAsyncTask.run()V+55
j  org.github.paperspigot.ServerSchedulerReportingWrapper.run()V+4
j  java.util.concurrent.ThreadPoolExecutor.runWorker(Ljava/util/concurrent/ThreadPoolExecutor$Worker;)V+95
j  java.util.concurrent.ThreadPoolExecutor$Worker.run()V+5
j  java.lang.Thread.run()V+11
v  ~StubRoutines::call_stub

---------------  P R O C E S S  ---------------

Java Threads: ( => current thread )
  0x00007f3d2c058800 JavaThread "process reaper" daemon [_thread_blocked, id=176, stack(0x00007f3d7749b000,0x00007f3d774d5000)]
  0x00007f3d4c95b800 JavaThread "Timer-2" daemon [_thread_blocked, id=170, stack(0x00007f3d24f00000,0x00007f3d25000000)]
  0x00007f3d2c003000 JavaThread "pool-11-thread-1" [_thread_blocked, id=169, stack(0x00007f3d25500000,0x00007f3d25600000)]
  0x00007f3d30006800 JavaThread "Craft Scheduler Thread - 30" [_thread_blocked, id=157, stack(0x00007f3d25600000,0x00007f3d25700000)]
  0x00007f3d4c907800 JavaThread "Craft Scheduler Thread - 29" [_thread_blocked, id=149, stack(0x00007f3d25800000,0x00007f3d25900000)]
  0x00007f3d4c905800 JavaThread "Craft Scheduler Thread - 28" [_thread_blocked, id=148, stack(0x00007f3d25900000,0x00007f3d25a00000)]
  0x00007f3d4c903800 JavaThread "Craft Scheduler Thread - 27" [_thread_blocked, id=147, stack(0x00007f3d25a00000,0x00007f3d25b00000)]
  0x00007f3d4c901800 JavaThread "Craft Scheduler Thread - 26" [_thread_blocked, id=146, stack(0x00007f3d25b00000,0x00007f3d25c00000)]
  0x00007f3d4c8e4000 JavaThread "Craft Scheduler Thread - 25" [_thread_blocked, id=145, stack(0x00007f3d26800000,0x00007f3d26900000)]
  0x00007f3d4c8ff800 JavaThread "Craft Scheduler Thread - 24" [_thread_blocked, id=144, stack(0x00007f3d25c00000,0x00007f3d25d00000)]
  0x00007f3d4c8fd000 JavaThread "Craft Scheduler Thread - 23" [_thread_blocked, id=143, stack(0x00007f3d25d00000,0x00007f3d25e00000)]
  0x00007f3d4c8fb000 JavaThread "Craft Scheduler Thread - 22" [_thread_blocked, id=142, stack(0x00007f3d25e00000,0x00007f3d25f00000)]
  0x00007f3d4c8f9000 JavaThread "Craft Scheduler Thread - 21" [_thread_blocked, id=141, stack(0x00007f3d25f00000,0x00007f3d26000000)]
  0x00007f3d4c8f7800 JavaThread "Craft Scheduler Thread - 20" [_thread_blocked, id=140, stack(0x00007f3d26000000,0x00007f3d26100000)]
  0x00007f3d4c8f5800 JavaThread "Craft Scheduler Thread - 19" [_thread_blocked, id=139, stack(0x00007f3d26100000,0x00007f3d26200000)]
  0x00007f3d4c8f4800 JavaThread "Craft Scheduler Thread - 18" [_thread_blocked, id=138, stack(0x00007f3d26200000,0x00007f3d26300000)]
  0x00007f3d4c8ec800 JavaThread "Craft Scheduler Thread - 16" [_thread_blocked, id=136, stack(0x00007f3d26400000,0x00007f3d26500000)]
  0x00007f3d4c8eb000 JavaThread "Craft Scheduler Thread - 15" [_thread_blocked, id=135, stack(0x00007f3d26700000,0x00007f3d26800000)]
  0x00007f3d4c8e9800 JavaThread "Craft Scheduler Thread - 14" [_thread_blocked, id=134, stack(0x00007f3d26500000,0x00007f3d26600000)]
  0x00007f3d4c8e5800 JavaThread "Craft Scheduler Thread - 13" [_thread_blocked, id=132, stack(0x00007f3d26a00000,0x00007f3d26b00000)]
  0x00007f3d40023000 JavaThread "Keep-Alive-Timer" daemon [_thread_blocked, id=128, stack(0x00007f3d26900000,0x00007f3d26a00000)]
  0x00007f3d4c8e0800 JavaThread "Craft Scheduler Thread - 12" [_thread_blocked, id=126, stack(0x00007f3d26b00000,0x00007f3d26c00000)]
  0x00007f3d4c8e1800 JavaThread "Craft Scheduler Thread - 11" [_thread_blocked, id=125, stack(0x00007f3d26c00000,0x00007f3d26d00000)]
  0x00007f3d4c8e7800 JavaThread "Craft Scheduler Thread - 10" [_thread_blocked, id=124, stack(0x00007f3d26d00000,0x00007f3d26e00000)]
  0x00007f3d4c8dc800 JavaThread "Craft Scheduler Thread - 9" [_thread_blocked, id=123, stack(0x00007f3d26e00000,0x00007f3d26f00000)]
  0x00007f3d4c8da800 JavaThread "Craft Scheduler Thread - 8" [_thread_blocked, id=122, stack(0x00007f3d26f00000,0x00007f3d27000000)]
  0x00007f3d4c8d8800 JavaThread "Craft Scheduler Thread - 7" [_thread_blocked, id=121, stack(0x00007f3d27000000,0x00007f3d27100000)]
  0x00007f3d4c8d6800 JavaThread "Craft Scheduler Thread - 6" [_thread_blocked, id=120, stack(0x00007f3d27100000,0x00007f3d27200000)]
  0x00007f3d4c8d4800 JavaThread "Craft Scheduler Thread - 5" [_thread_blocked, id=119, stack(0x00007f3d27200000,0x00007f3d27300000)]
  0x00007f3d4c8d2000 JavaThread "Craft Scheduler Thread - 4" [_thread_blocked, id=118, stack(0x00007f3d27300000,0x00007f3d27400000)]
  0x00007f3d4c8d0800 JavaThread "Craft Scheduler Thread - 3" [_thread_blocked, id=117, stack(0x00007f3d27400000,0x00007f3d27500000)]
  0x00007f3d4c8f2800 JavaThread "Craft Scheduler Thread - 2" [_thread_in_native, id=116, stack(0x00007f3d27500000,0x00007f3d27600000)]
=>0x00007f3d4c8f2000 JavaThread "Craft Scheduler Thread - 1" [_thread_in_native, id=115, stack(0x00007f3d77500000,0x00007f3d77600000)]
  0x00007f3d4c8f1000 JavaThread "Craft Scheduler Thread - 0" [_thread_blocked, id=114, stack(0x00007f3d778db000,0x00007f3d779db000)]
  0x00007f3d4c8b2000 JavaThread "bStats-Metrics" [_thread_blocked, id=112, stack(0x00007f3d27800000,0x00007f3d27900000)]
  0x00007f3d4c885800 JavaThread "pool-10-thread-1" [_thread_blocked, id=111, stack(0x00007f3d27900000,0x00007f3d27a00000)]
  0x00007f3d4d3af800 JavaThread "Timer-1" [_thread_blocked, id=110, stack(0x00007f3d74a00000,0x00007f3d74b00000)]
  0x00007f3d4cbb1000 JavaThread "bStats-Metrics" [_thread_blocked, id=109, stack(0x00007f3d740b0000,0x00007f3d741b0000)]
  0x00007f3d4c4de000 JavaThread "Timer-0" daemon [_thread_blocked, id=90, stack(0x00007f3d74b00000,0x00007f3d74c00000)]
  0x00007f3d4c2d2800 JavaThread "Netty Epoll Server IO #0" daemon [_thread_in_native, id=89, stack(0x00007f3d75300000,0x00007f3d75400000)]
  0x00007f3d4c189000 JavaThread "bStats-Metrics" [_thread_blocked, id=88, stack(0x00007f3d75600000,0x00007f3d75700000)]
  0x00007f3d4c17d800 JavaThread "PandaSpigot Watchdog Thread" [_thread_blocked, id=86, stack(0x00007f3d75700000,0x00007f3d75800000)]
  0x00007f3d4c001800 JavaThread "Server console handler" daemon [_thread_blocked, id=85, stack(0x00007f3d75c00000,0x00007f3d75d00000)]
  0x00007f3d94009800 JavaThread "DestroyJavaVM" [_thread_blocked, id=65, stack(0x00007f3d9b903000,0x00007f3d9ba03000)]
  0x00007f3d94734800 JavaThread "Server thread" [_thread_in_vm, id=84, stack(0x00007f3d75d00000,0x00007f3d75e00000)]
  0x00007f3d94733000 JavaThread "Server Infinisleeper" daemon [_thread_blocked, id=83, stack(0x00007f3d768f3000,0x00007f3d769f3000)]
  0x00007f3d9468a800 JavaThread "Snooper Timer" daemon [_thread_blocked, id=82, stack(0x00007f3d84044000,0x00007f3d84144000)]
  0x00007f3d94171000 JavaThread "Service Thread" daemon [_thread_blocked, id=75, stack(0x00007f3d84818000,0x00007f3d84918000)]
  0x00007f3d94164000 JavaThread "C1 CompilerThread1" daemon [_thread_blocked, id=74, stack(0x00007f3d84919000,0x00007f3d84a19000)]
  0x00007f3d94161000 JavaThread "C2 CompilerThread0" daemon [_thread_blocked, id=73, stack(0x00007f3d84a1a000,0x00007f3d84b1a000)]
  0x00007f3d9415c000 JavaThread "Signal Dispatcher" daemon [_thread_blocked, id=72, stack(0x00007f3d84b1a000,0x00007f3d84c1a000)]
  0x00007f3d9412b800 JavaThread "Finalizer" daemon [_thread_blocked, id=71, stack(0x00007f3d84f00000,0x00007f3d85000000)]
  0x00007f3d94127000 JavaThread "Reference Handler" daemon [_thread_blocked, id=70, stack(0x00007f3d9801d000,0x00007f3d9811d000)]

Other Threads:
  0x00007f3d9411d800 VMThread [stack: 0x00007f3d9811e000,0x00007f3d9821e000] [id=69]
  0x00007f3d94173800 WatcherThread [stack: 0x00007f3d84718000,0x00007f3d84818000] [id=76]

VM state:synchronizing (normal execution)

VM Mutex/Monitor currently owned by a thread:  ([mutex/lock_event])
[0x00007f3d94007d10] Threads_lock - owner thread: 0x00007f3d9411d800

heap address: 0x00000000e0000000, size: 512 MB, Compressed Oops mode: 32-bit
Narrow klass base: 0x0000000000000000, Narrow klass shift: 3
Compressed class space size: 1073741824 Address: 0x0000000100000000

Heap:
 PSYoungGen      total 116736K, used 42903K [0x00000000f5580000, 0x0000000100000000, 0x0000000100000000)
  eden space 58880K, 67% used [0x00000000f5580000,0x00000000f7c71b20,0x00000000f8f00000)
  from space 57856K, 5% used [0x00000000fc780000,0x00000000fca74278,0x0000000100000000)
  to   space 57856K, 0% used [0x00000000f8f00000,0x00000000f8f00000,0x00000000fc780000)
 ParOldGen       total 324096K, used 223055K [0x00000000e0000000, 0x00000000f3c80000, 0x00000000f5580000)
  object space 324096K, 68% used [0x00000000e0000000,0x00000000ed9d3df0,0x00000000f3c80000)
 Metaspace       used 58201K, capacity 61098K, committed 61352K, reserved 1103872K
  class space    used 7252K, capacity 7852K, committed 7856K, reserved 1048576K

Card table byte_map: [0x00007f3d9add4000,0x00007f3d9aed5000] byte_map_base: 0x00007f3d9a6d4000

Marking Bits: (ParMarkBitMap*) 0x00007f3d9cacc880
 Begin Bits: [0x00007f3d99a26000, 0x00007f3d9a226000)
 End Bits:   [0x00007f3d9a226000, 0x00007f3d9aa26000)

Polling page: 0x00007f3d9b4bc000

CodeCache: size=245760Kb used=15963Kb max_used=16224Kb free=229796Kb
 bounds [0x00007f3d85000000, 0x00007f3d86000000, 0x00007f3d94000000]
 total_blobs=6194 nmethods=5415 adapters=691
 compilation: enabled

Compilation events (10 events):
Event: 96.244 Thread 0x00007f3d94164000 nmethod 7005 0x00007f3d85cc7510 code [0x00007f3d85cc7660, 0x00007f3d85cc7810]
Event: 96.244 Thread 0x00007f3d94164000 7000       2       com.sun.crypto.provider.CipherCore::getOutputSizeByOperation (177 bytes)
Event: 96.244 Thread 0x00007f3d94164000 nmethod 7000 0x00007f3d858b8a10 code [0x00007f3d858b8c00, 0x00007f3d858b9298]
Event: 96.244 Thread 0x00007f3d94164000 7006       2       net.minecraft.server.v1_8_R3.World::getType (7 bytes)
Event: 96.245 Thread 0x00007f3d94164000 nmethod 7006 0x00007f3d85c15550 code [0x00007f3d85c156c0, 0x00007f3d85c15848]
Event: 96.245 Thread 0x00007f3d94164000 7007       2       net.minecraft.server.v1_8_R3.World::getType (18 bytes)
Event: 96.245 Thread 0x00007f3d94164000 nmethod 7007 0x00007f3d85c15190 code [0x00007f3d85c15300, 0x00007f3d85c15488]
Event: 96.245 Thread 0x00007f3d94164000 7008       2       net.minecraft.server.v1_8_R3.World::getType (134 bytes)
Event: 96.340 Thread 0x00007f3d94161000 nmethod 6895 0x00007f3d85334490 code [0x00007f3d85334780, 0x00007f3d853363a0]
Event: 96.340 Thread 0x00007f3d94161000 6904       4       sun.nio.cs.UTF_8$Encoder::encodeArrayLoop (489 bytes)

GC Heap History (10 events):
Event: 81.628 GC heap before
{Heap before GC invocations=21 (full 2):
 PSYoungGen      total 116736K, used 13159K [0x00000000f5580000, 0x0000000100000000, 0x0000000100000000)
  eden space 58880K, 16% used [0x00000000f5580000,0x00000000f5edc380,0x00000000f8f00000)
  from space 57856K, 6% used [0x00000000fc780000,0x00000000fcafd920,0x0000000100000000)
  to   space 57856K, 0% used [0x00000000f8f00000,0x00000000f8f00000,0x00000000fc780000)
 ParOldGen       total 324096K, used 242687K [0x00000000e0000000, 0x00000000f3c80000, 0x00000000f5580000)
  object space 324096K, 74% used [0x00000000e0000000,0x00000000eecffda0,0x00000000f3c80000)
 Metaspace       used 55712K, capacity 58390K, committed 58536K, reserved 1099776K
  class space    used 6963K, capacity 7494K, committed 7600K, reserved 1048576K
Event: 81.649 GC heap after
Heap after GC invocations=21 (full 2):
 PSYoungGen      total 116736K, used 736K [0x00000000f5580000, 0x0000000100000000, 0x0000000100000000)
  eden space 58880K, 0% used [0x00000000f5580000,0x00000000f5580000,0x00000000f8f00000)
  from space 57856K, 1% used [0x00000000f8f00000,0x00000000f8fb80a8,0x00000000fc780000)
  to   space 57856K, 0% used [0x00000000fc780000,0x00000000fc780000,0x0000000100000000)
 ParOldGen       total 324096K, used 245326K [0x00000000e0000000, 0x00000000f3c80000, 0x00000000f5580000)
  object space 324096K, 75% used [0x00000000e0000000,0x00000000eef93bd0,0x00000000f3c80000)
 Metaspace       used 55712K, capacity 58390K, committed 58536K, reserved 1099776K
  class space    used 6963K, capacity 7494K, committed 7600K, reserved 1048576K
}
Event: 81.649 GC heap before
{Heap before GC invocations=22 (full 3):
 PSYoungGen      total 116736K, used 736K [0x00000000f5580000, 0x0000000100000000, 0x0000000100000000)
  eden space 58880K, 0% used [0x00000000f5580000,0x00000000f5580000,0x00000000f8f00000)
  from space 57856K, 1% used [0x00000000f8f00000,0x00000000f8fb80a8,0x00000000fc780000)
  to   space 57856K, 0% used [0x00000000fc780000,0x00000000fc780000,0x0000000100000000)
 ParOldGen       total 324096K, used 245326K [0x00000000e0000000, 0x00000000f3c80000, 0x00000000f5580000)
  object space 324096K, 75% used [0x00000000e0000000,0x00000000eef93bd0,0x00000000f3c80000)
 Metaspace       used 55712K, capacity 58390K, committed 58536K, reserved 1099776K
  class space    used 6963K, capacity 7494K, committed 7600K, reserved 1048576K
Event: 84.529 GC heap after
Heap after GC invocations=22 (full 3):
 PSYoungGen      total 116736K, used 0K [0x00000000f5580000, 0x0000000100000000, 0x0000000100000000)
  eden space 58880K, 0% used [0x00000000f5580000,0x00000000f5580000,0x00000000f8f00000)
  from space 57856K, 0% used [0x00000000f8f00000,0x00000000f8f00000,0x00000000fc780000)
  to   space 57856K, 0% used [0x00000000fc780000,0x00000000fc780000,0x0000000100000000)
 ParOldGen       total 324096K, used 221308K [0x00000000e0000000, 0x00000000f3c80000, 0x00000000f5580000)
  object space 324096K, 68% used [0x00000000e0000000,0x00000000ed81f0a0,0x00000000f3c80000)
 Metaspace       used 55712K, capacity 58390K, committed 58536K, reserved 1099776K
  class space    used 6963K, capacity 7494K, committed 7600K, reserved 1048576K
}
Event: 88.123 GC heap before
{Heap before GC invocations=23 (full 3):
 PSYoungGen      total 116736K, used 58880K [0x00000000f5580000, 0x0000000100000000, 0x0000000100000000)
  eden space 58880K, 100% used [0x00000000f5580000,0x00000000f8f00000,0x00000000f8f00000)
  from space 57856K, 0% used [0x00000000f8f00000,0x00000000f8f00000,0x00000000fc780000)
  to   space 57856K, 0% used [0x00000000fc780000,0x00000000fc780000,0x0000000100000000)
 ParOldGen       total 324096K, used 221308K [0x00000000e0000000, 0x00000000f3c80000, 0x00000000f5580000)
  object space 324096K, 68% used [0x00000000e0000000,0x00000000ed81f0a0,0x00000000f3c80000)
 Metaspace       used 55970K, capacity 58594K, committed 58792K, reserved 1099776K
  class space    used 6981K, capacity 7496K, committed 7600K, reserved 1048576K
Event: 88.134 GC heap after
Heap after GC invocations=23 (full 3):
 PSYoungGen      total 116736K, used 1521K [0x00000000f5580000, 0x0000000100000000, 0x0000000100000000)
  eden space 58880K, 0% used [0x00000000f5580000,0x00000000f5580000,0x00000000f8f00000)
  from space 57856K, 2% used [0x00000000fc780000,0x00000000fc8fc478,0x0000000100000000)
  to   space 57856K, 0% used [0x00000000f8f00000,0x00000000f8f00000,0x00000000fc780000)
 ParOldGen       total 324096K, used 221316K [0x00000000e0000000, 0x00000000f3c80000, 0x00000000f5580000)
  object space 324096K, 68% used [0x00000000e0000000,0x00000000ed8210a0,0x00000000f3c80000)
 Metaspace       used 55970K, capacity 58594K, committed 58792K, reserved 1099776K
  class space    used 6981K, capacity 7496K, committed 7600K, reserved 1048576K
}
Event: 90.122 GC heap before
{Heap before GC invocations=24 (full 3):
 PSYoungGen      total 116736K, used 60401K [0x00000000f5580000, 0x0000000100000000, 0x0000000100000000)
  eden space 58880K, 100% used [0x00000000f5580000,0x00000000f8f00000,0x00000000f8f00000)
  from space 57856K, 2% used [0x00000000fc780000,0x00000000fc8fc478,0x0000000100000000)
  to   space 57856K, 0% used [0x00000000f8f00000,0x00000000f8f00000,0x00000000fc780000)
 ParOldGen       total 324096K, used 221316K [0x00000000e0000000, 0x00000000f3c80000, 0x00000000f5580000)
  object space 324096K, 68% used [0x00000000e0000000,0x00000000ed8210a0,0x00000000f3c80000)
 Metaspace       used 56737K, capacity 59478K, committed 59688K, reserved 1101824K
  class space    used 7110K, capacity 7670K, committed 7728K, reserved 1048576K
Event: 90.130 GC heap after
Heap after GC invocations=24 (full 3):
 PSYoungGen      total 116736K, used 1692K [0x00000000f5580000, 0x0000000100000000, 0x0000000100000000)
  eden space 58880K, 0% used [0x00000000f5580000,0x00000000f5580000,0x00000000f8f00000)
  from space 57856K, 2% used [0x00000000f8f00000,0x00000000f90a7108,0x00000000fc780000)
  to   space 57856K, 0% used [0x00000000fc780000,0x00000000fc780000,0x0000000100000000)
 ParOldGen       total 324096K, used 221943K [0x00000000e0000000, 0x00000000f3c80000, 0x00000000f5580000)
  object space 324096K, 68% used [0x00000000e0000000,0x00000000ed8bdd78,0x00000000f3c80000)
 Metaspace       used 56737K, capacity 59478K, committed 59688K, reserved 1101824K
  class space    used 7110K, capacity 7670K, committed 7728K, reserved 1048576K
}
Event: 92.349 GC heap before
{Heap before GC invocations=25 (full 3):
 PSYoungGen      total 116736K, used 60572K [0x00000000f5580000, 0x0000000100000000, 0x0000000100000000)
  eden space 58880K, 100% used [0x00000000f5580000,0x00000000f8f00000,0x00000000f8f00000)
  from space 57856K, 2% used [0x00000000f8f00000,0x00000000f90a7108,0x00000000fc780000)
  to   space 57856K, 0% used [0x00000000fc780000,0x00000000fc780000,0x0000000100000000)
 ParOldGen       total 324096K, used 221943K [0x00000000e0000000, 0x00000000f3c80000, 0x00000000f5580000)
  object space 324096K, 68% used [0x00000000e0000000,0x00000000ed8bdd78,0x00000000f3c80000)
 Metaspace       used 57080K, capacity 59902K, committed 59944K, reserved 1101824K
  class space    used 7144K, capacity 7714K, committed 7728K, reserved 1048576K
Event: 92.357 GC heap after
Heap after GC invocations=25 (full 3):
 PSYoungGen      total 116736K, used 3024K [0x00000000f5580000, 0x0000000100000000, 0x0000000100000000)
  eden space 58880K, 0% used [0x00000000f5580000,0x00000000f5580000,0x00000000f8f00000)
  from space 57856K, 5% used [0x00000000fc780000,0x00000000fca74278,0x0000000100000000)
  to   space 57856K, 0% used [0x00000000f8f00000,0x00000000f8f00000,0x00000000fc780000)
 ParOldGen       total 324096K, used 223055K [0x00000000e0000000, 0x00000000f3c80000, 0x00000000f5580000)
  object space 324096K, 68% used [0x00000000e0000000,0x00000000ed9d3df0,0x00000000f3c80000)
 Metaspace       used 57080K, capacity 59902K, committed 59944K, reserved 1101824K
  class space    used 7144K, capacity 7714K, committed 7728K, reserved 1048576K
}

Deoptimization events (10 events):
Event: 90.639 Thread 0x00007f3d4c8e7800 Uncommon trap: reason=speculate_class_check action=maybe_recompile pc=0x00007f3d859f83e8 method=sun.security.util.math.intpoly.IntegerPolynomial.multByInt([JJ)V @ 26
Event: 90.639 Thread 0x00007f3d4c8e7800 Uncommon trap: reason=speculate_class_check action=maybe_recompile pc=0x00007f3d859f83e8 method=sun.security.util.math.intpoly.IntegerPolynomial.multByInt([JJ)V @ 26
Event: 91.721 Thread 0x00007f3d4c8ee800 Uncommon trap: reason=unstable_if action=reinterpret pc=0x00007f3d85d7e0bc method=java.lang.Class.arrayContentsEq([Ljava/lang/Object;[Ljava/lang/Object;)Z @ 1
Event: 95.045 Thread 0x00007f3d94734800 Uncommon trap: reason=unstable_if action=reinterpret pc=0x00007f3d859a0160 method=com.sk89q.worldedit.internal.gson.stream.JsonReader.nextNonWhitespace(Z)I @ 110
Event: 95.121 Thread 0x00007f3d94734800 Uncommon trap: reason=unstable_if action=reinterpret pc=0x00007f3d85a26e88 method=gnu.trove.impl.hash.TIntHash.index(I)I @ 57
Event: 95.121 Thread 0x00007f3d94734800 Uncommon trap: reason=unstable_if action=reinterpret pc=0x00007f3d85a4d380 method=gnu.trove.impl.hash.TIntHash.insertKey(I)I @ 31
Event: 95.142 Thread 0x00007f3d94734800 Uncommon trap: reason=bimorphic action=maybe_recompile pc=0x00007f3d8542f418 method=java.util.HashMap$TreeNode.putTreeVal(Ljava/util/HashMap;[Ljava/util/HashMap$Node;ILjava/lang/Object;Ljava/lang/Object;)Ljava/util/HashMap$TreeNode; @ 79
Event: 95.142 Thread 0x00007f3d94734800 Uncommon trap: reason=bimorphic action=maybe_recompile pc=0x00007f3d8542f418 method=java.util.HashMap$TreeNode.putTreeVal(Ljava/util/HashMap;[Ljava/util/HashMap$Node;ILjava/lang/Object;Ljava/lang/Object;)Ljava/util/HashMap$TreeNode; @ 79
Event: 95.142 Thread 0x00007f3d94734800 Uncommon trap: reason=bimorphic action=maybe_recompile pc=0x00007f3d8542f418 method=java.util.HashMap$TreeNode.putTreeVal(Ljava/util/HashMap;[Ljava/util/HashMap$Node;ILjava/lang/Object;Ljava/lang/Object;)Ljava/util/HashMap$TreeNode; @ 79
Event: 95.142 Thread 0x00007f3d94734800 Uncommon trap: reason=bimorphic action=maybe_recompile pc=0x00007f3d8542f418 method=java.util.HashMap$TreeNode.putTreeVal(Ljava/util/HashMap;[Ljava/util/HashMap$Node;ILjava/lang/Object;Ljava/lang/Object;)Ljava/util/HashMap$TreeNode; @ 79

Classes redefined (0 events):
No events

Internal exceptions (10 events):
Event: 95.344 Thread 0x00007f3d4c8f2000 Exception <a 'java/lang/NullPointerException'> (0x00000000f5dac140) thrown at [/export/home/tester/jenkins/workspace/zulu8-silver-build-rhel64/zulu-src/hotspot/src/share/vm/interpreter/linkResolver.cpp, line 1185]
Event: 95.425 Thread 0x00007f3d4c8ec800 Exception <a 'java/lang/NullPointerException'> (0x00000000f55c4ed8) thrown at [/export/home/tester/jenkins/workspace/zulu8-silver-build-rhel64/zulu-src/hotspot/src/share/vm/interpreter/linkResolver.cpp, line 1185]
Event: 95.426 Thread 0x00007f3d4c8e4000 Exception <a 'java/lang/NullPointerException'> (0x00000000f568f9e8) thrown at [/export/home/tester/jenkins/workspace/zulu8-silver-build-rhel64/zulu-src/hotspot/src/share/vm/interpreter/linkResolver.cpp, line 1185]
Event: 95.433 Thread 0x00007f3d4c8e5800 Exception <a 'java/lang/NullPointerException'> (0x00000000f55fbb30) thrown at [/export/home/tester/jenkins/workspace/zulu8-silver-build-rhel64/zulu-src/hotspot/src/share/vm/interpreter/linkResolver.cpp, line 1185]
Event: 95.467 Thread 0x00007f3d4c907800 Exception <a 'java/lang/NullPointerException'> (0x00000000f716ab28) thrown at [/export/home/tester/jenkins/workspace/zulu8-silver-build-rhel64/zulu-src/hotspot/src/share/vm/interpreter/linkResolver.cpp, line 1185]
Event: 95.523 Thread 0x00007f3d4c8f2000 Exception <a 'java/lang/NullPointerException'> (0x00000000f71cd990) thrown at [/export/home/tester/jenkins/workspace/zulu8-silver-build-rhel64/zulu-src/hotspot/src/share/vm/interpreter/linkResolver.cpp, line 1185]
Event: 95.529 Thread 0x00007f3d4c903800 Exception <a 'java/lang/NullPointerException'> (0x00000000f562d5e0) thrown at [/export/home/tester/jenkins/workspace/zulu8-silver-build-rhel64/zulu-src/hotspot/src/share/vm/interpreter/linkResolver.cpp, line 1185]
Event: 95.543 Thread 0x00007f3d4c8eb000 Exception <a 'java/lang/NullPointerException'> (0x00000000f71b49e0) thrown at [/export/home/tester/jenkins/workspace/zulu8-silver-build-rhel64/zulu-src/hotspot/src/share/vm/interpreter/linkResolver.cpp, line 1185]
Event: 95.622 Thread 0x00007f3d4c8e4000 Exception <a 'java/lang/NullPointerException'> (0x00000000f733b5e8) thrown at [/export/home/tester/jenkins/workspace/zulu8-silver-build-rhel64/zulu-src/hotspot/src/share/vm/interpreter/linkResolver.cpp, line 1185]
Event: 96.215 Thread 0x00007f3d4c905800 Exception <a 'java/lang/NullPointerException'> (0x00000000f7b15180) thrown at [/export/home/tester/jenkins/workspace/zulu8-silver-build-rhel64/zulu-src/hotspot/src/share/vm/interpreter/linkResolver.cpp, line 1185]

Events (10 events):
Event: 96.255 loading class java/lang/UNIXProcess$ProcessPipeOutputStream
Event: 96.255 loading class java/lang/UNIXProcess$ProcessPipeOutputStream done
Event: 96.255 loading class java/lang/UNIXProcess$ProcessPipeInputStream
Event: 96.255 loading class java/lang/UNIXProcess$ProcessPipeInputStream done
Event: 96.324 Thread 0x00007f3d3419b800 Thread added: 0x00007f3d3419b800
Event: 96.336 Executing coalesced safepoint VM operation: Deoptimize
Event: 96.337 Executing coalesced safepoint VM operation: Deoptimize done
Event: 96.337 Executing VM operation: RevokeBias done
Event: 96.339 Thread 0x00007f3d2800a800 Thread exited: 0x00007f3d2800a800
Event: 96.348 Thread 0x00007f3d2c058800 Thread added: 0x00007f3d2c058800


Dynamic libraries:
e0000000-f3c80000 rw-p 00000000 00:00 0 
f3c80000-f5580000 ---p 00000000 00:00 0 
f5580000-ffc80000 rw-p 00000000 00:00 0 
ffc80000-1007ac000 rw-p 00000000 00:00 0 
1007ac000-140000000 ---p 00000000 00:00 0 
563925c00000-563925c01000 r-xp 00000000 00:2064 329607587                /nix/store/d9zjaa4bsa3ld40bpfjxz6fssjlz5nv1-zulu-8.48.0.53/bin/.java-wrapped
563925e00000-563925e01000 r--p 00000000 00:2064 329607587                /nix/store/d9zjaa4bsa3ld40bpfjxz6fssjlz5nv1-zulu-8.48.0.53/bin/.java-wrapped
563925e01000-563925e02000 rw-p 00001000 00:2064 329607587                /nix/store/d9zjaa4bsa3ld40bpfjxz6fssjlz5nv1-zulu-8.48.0.53/bin/.java-wrapped
563925e02000-563925e03000 rw-p 00002000 00:2064 329607587                /nix/store/d9zjaa4bsa3ld40bpfjxz6fssjlz5nv1-zulu-8.48.0.53/bin/.java-wrapped
563925e03000-563925e04000 rw-p 00003000 00:2064 329607587                /nix/store/d9zjaa4bsa3ld40bpfjxz6fssjlz5nv1-zulu-8.48.0.53/bin/.java-wrapped
563927752000-563927773000 rw-p 00000000 00:00 0                          [heap]
7f3d24200000-7f3d24284000 r-xp 00000000 00:1ff3 535                      /tmp/sqlite-3.7.2-libsqlitejdbc.so
7f3d24284000-7f3d24484000 ---p 00084000 00:1ff3 535                      /tmp/sqlite-3.7.2-libsqlitejdbc.so
7f3d24484000-7f3d24485000 r--p 00084000 00:1ff3 535                      /tmp/sqlite-3.7.2-libsqlitejdbc.so
7f3d24485000-7f3d24488000 rw-p 00085000 00:1ff3 535                      /tmp/sqlite-3.7.2-libsqlitejdbc.so
7f3d2466e000-7f3d246ae000 rw-p 00000000 00:00 0 
7f3d246ae000-7f3d2486e000 ---p 00000000 00:00 0 
7f3d2486e000-7f3d2488c000 r--p 00000000 00:2064 306915187                /nix/store/31359c9yjmw4c45172z6xmpjz2wsh0zk-libX11-1.7.2/lib/libX11.so.6.4.0
7f3d2488c000-7f3d24918000 r-xp 0001e000 00:2064 306915187                /nix/store/31359c9yjmw4c45172z6xmpjz2wsh0zk-libX11-1.7.2/lib/libX11.so.6.4.0
7f3d24918000-7f3d249ac000 r--p 000aa000 00:2064 306915187                /nix/store/31359c9yjmw4c45172z6xmpjz2wsh0zk-libX11-1.7.2/lib/libX11.so.6.4.0
7f3d249ac000-7f3d249ad000 ---p 0013e000 00:2064 306915187                /nix/store/31359c9yjmw4c45172z6xmpjz2wsh0zk-libX11-1.7.2/lib/libX11.so.6.4.0
7f3d249ad000-7f3d249ae000 r--p 0013e000 00:2064 306915187                /nix/store/31359c9yjmw4c45172z6xmpjz2wsh0zk-libX11-1.7.2/lib/libX11.so.6.4.0
7f3d249ae000-7f3d249b3000 rw-p 0013f000 00:2064 306915187                /nix/store/31359c9yjmw4c45172z6xmpjz2wsh0zk-libX11-1.7.2/lib/libX11.so.6.4.0
7f3d249b3000-7f3d24a15000 r-xp 00000000 00:2064 329607869                /nix/store/d9zjaa4bsa3ld40bpfjxz6fssjlz5nv1-zulu-8.48.0.53/jre/lib/amd64/libawt_xawt.so
7f3d24a15000-7f3d24c15000 ---p 00062000 00:2064 329607869                /nix/store/d9zjaa4bsa3ld40bpfjxz6fssjlz5nv1-zulu-8.48.0.53/jre/lib/amd64/libawt_xawt.so
7f3d24c15000-7f3d24c16000 r--p 00062000 00:2064 329607869                /nix/store/d9zjaa4bsa3ld40bpfjxz6fssjlz5nv1-zulu-8.48.0.53/jre/lib/amd64/libawt_xawt.so
7f3d24c16000-7f3d24c19000 rw-p 00063000 00:2064 329607869                /nix/store/d9zjaa4bsa3ld40bpfjxz6fssjlz5nv1-zulu-8.48.0.53/jre/lib/amd64/libawt_xawt.so
7f3d24c19000-7f3d24c1b000 rw-p 00000000 00:00 0 
7f3d24c1b000-7f3d24c23000 rw-p 0007d000 00:2064 329607869                /nix/store/d9zjaa4bsa3ld40bpfjxz6fssjlz5nv1-zulu-8.48.0.53/jre/lib/amd64/libawt_xawt.so
7f3d24c23000-7f3d24cc7000 r-xp 00000000 00:2064 329607867                /nix/store/d9zjaa4bsa3ld40bpfjxz6fssjlz5nv1-zulu-8.48.0.53/jre/lib/amd64/libawt.so
7f3d24cc7000-7f3d24ec6000 ---p 000a4000 00:2064 329607867                /nix/store/d9zjaa4bsa3ld40bpfjxz6fssjlz5nv1-zulu-8.48.0.53/jre/lib/amd64/libawt.so
7f3d24ec6000-7f3d24ec7000 r--p 000a3000 00:2064 329607867                /nix/store/d9zjaa4bsa3ld40bpfjxz6fssjlz5nv1-zulu-8.48.0.53/jre/lib/amd64/libawt.so
7f3d24ec7000-7f3d24ed2000 rw-p 000a4000 00:2064 329607867                /nix/store/d9zjaa4bsa3ld40bpfjxz6fssjlz5nv1-zulu-8.48.0.53/jre/lib/amd64/libawt.so
7f3d24ed2000-7f3d24ef7000 rw-p 00000000 00:00 0 
7f3d24ef7000-7f3d24f00000 rw-p 000be000 00:2064 329607867                /nix/store/d9zjaa4bsa3ld40bpfjxz6fssjlz5nv1-zulu-8.48.0.53/jre/lib/amd64/libawt.so
7f3d24f00000-7f3d24f04000 ---p 00000000 00:00 0 
7f3d24f04000-7f3d25000000 rw-p 00000000 00:00 0 
7f3d25000000-7f3d25004000 ---p 00000000 00:00 0 
7f3d25004000-7f3d25100000 rw-p 00000000 00:00 0 
7f3d25100000-7f3d25104000 ---p 00000000 00:00 0 
7f3d25104000-7f3d25200000 rw-p 00000000 00:00 0 
7f3d25200000-7f3d25204000 ---p 00000000 00:00 0 
7f3d25204000-7f3d25300000 rw-p 00000000 00:00 0 
7f3d25300000-7f3d25304000 ---p 00000000 00:00 0 
7f3d25304000-7f3d25400000 rw-p 00000000 00:00 0 
7f3d25400000-7f3d25404000 ---p 00000000 00:00 0 
7f3d25404000-7f3d25500000 rw-p 00000000 00:00 0 
7f3d25500000-7f3d25504000 ---p 00000000 00:00 0 
7f3d25504000-7f3d25600000 rw-p 00000000 00:00 0 
7f3d25600000-7f3d25604000 ---p 00000000 00:00 0 
7f3d25604000-7f3d25700000 rw-p 00000000 00:00 0 
7f3d25700000-7f3d25704000 ---p 00000000 00:00 0 
7f3d25704000-7f3d25800000 rw-p 00000000 00:00 0 
7f3d25800000-7f3d25804000 ---p 00000000 00:00 0 
7f3d25804000-7f3d25900000 rw-p 00000000 00:00 0 
7f3d25900000-7f3d25904000 ---p 00000000 00:00 0 
7f3d25904000-7f3d25a00000 rw-p 00000000 00:00 0 
7f3d25a00000-7f3d25a04000 ---p 00000000 00:00 0 
7f3d25a04000-7f3d25b00000 rw-p 00000000 00:00 0 
7f3d25b00000-7f3d25b04000 ---p 00000000 00:00 0 
7f3d25b04000-7f3d25c00000 rw-p 00000000 00:00 0 
7f3d25c00000-7f3d25c04000 ---p 00000000 00:00 0 
7f3d25c04000-7f3d25d00000 rw-p 00000000 00:00 0 
7f3d25d00000-7f3d25d04000 ---p 00000000 00:00 0 
7f3d25d04000-7f3d25e00000 rw-p 00000000 00:00 0 
7f3d25e00000-7f3d25e04000 ---p 00000000 00:00 0 
7f3d25e04000-7f3d25f00000 rw-p 00000000 00:00 0 
7f3d25f00000-7f3d25f04000 ---p 00000000 00:00 0 
7f3d25f04000-7f3d26000000 rw-p 00000000 00:00 0 
7f3d26000000-7f3d26004000 ---p 00000000 00:00 0 
7f3d26004000-7f3d26100000 rw-p 00000000 00:00 0 
7f3d26100000-7f3d26104000 ---p 00000000 00:00 0 
7f3d26104000-7f3d26200000 rw-p 00000000 00:00 0 
7f3d26200000-7f3d26204000 ---p 00000000 00:00 0 
7f3d26204000-7f3d26300000 rw-p 00000000 00:00 0 
7f3d26300000-7f3d26304000 ---p 00000000 00:00 0 
7f3d26304000-7f3d26400000 rw-p 00000000 00:00 0 
7f3d26400000-7f3d26404000 ---p 00000000 00:00 0 
7f3d26404000-7f3d26500000 rw-p 00000000 00:00 0 
7f3d26500000-7f3d26504000 ---p 00000000 00:00 0 
7f3d26504000-7f3d26600000 rw-p 00000000 00:00 0 
7f3d26600000-7f3d26604000 ---p 00000000 00:00 0 
7f3d26604000-7f3d26700000 rw-p 00000000 00:00 0 
7f3d26700000-7f3d26704000 ---p 00000000 00:00 0 
7f3d26704000-7f3d26800000 rw-p 00000000 00:00 0 
7f3d26800000-7f3d26804000 ---p 00000000 00:00 0 
7f3d26804000-7f3d26900000 rw-p 00000000 00:00 0 
7f3d26900000-7f3d26904000 ---p 00000000 00:00 0 
7f3d26904000-7f3d26a00000 rw-p 00000000 00:00 0 
7f3d26a00000-7f3d26a04000 ---p 00000000 00:00 0 
7f3d26a04000-7f3d26b00000 rw-p 00000000 00:00 0 
7f3d26b00000-7f3d26b04000 ---p 00000000 00:00 0 
7f3d26b04000-7f3d26c00000 rw-p 00000000 00:00 0 
7f3d26c00000-7f3d26c04000 ---p 00000000 00:00 0 
7f3d26c04000-7f3d26d00000 rw-p 00000000 00:00 0 
7f3d26d00000-7f3d26d04000 ---p 00000000 00:00 0 
7f3d26d04000-7f3d26e00000 rw-p 00000000 00:00 0 
7f3d26e00000-7f3d26e04000 ---p 00000000 00:00 0 
7f3d26e04000-7f3d26f00000 rw-p 00000000 00:00 0 
7f3d26f00000-7f3d26f04000 ---p 00000000 00:00 0 
7f3d26f04000-7f3d27000000 rw-p 00000000 00:00 0 
7f3d27000000-7f3d27004000 ---p 00000000 00:00 0 
7f3d27004000-7f3d27100000 rw-p 00000000 00:00 0 
7f3d27100000-7f3d27104000 ---p 00000000 00:00 0 
7f3d27104000-7f3d27200000 rw-p 00000000 00:00 0 
7f3d27200000-7f3d27204000 ---p 00000000 00:00 0 
7f3d27204000-7f3d27300000 rw-p 00000000 00:00 0 
7f3d27300000-7f3d27304000 ---p 00000000 00:00 0 
7f3d27304000-7f3d27400000 rw-p 00000000 00:00 0 
7f3d27400000-7f3d27404000 ---p 00000000 00:00 0 
7f3d27404000-7f3d27500000 rw-p 00000000 00:00 0 
7f3d27500000-7f3d27504000 ---p 00000000 00:00 0 
7f3d27504000-7f3d27800000 rw-p 00000000 00:00 0 
7f3d27800000-7f3d27804000 ---p 00000000 00:00 0 
7f3d27804000-7f3d27900000 rw-p 00000000 00:00 0 
7f3d27900000-7f3d27904000 ---p 00000000 00:00 0 
7f3d27904000-7f3d27bc0000 rw-p 00000000 00:00 0 
7f3d27bc0000-7f3d27dc0000 rw-p 00000000 00:00 0 
7f3d27dc0000-7f3d28000000 rw-p 00000000 00:00 0 
7f3d28000000-7f3d28056000 rw-p 00000000 00:00 0 
7f3d28056000-7f3d2c000000 ---p 00000000 00:00 0 
7f3d2c000000-7f3d2c060000 rw-p 00000000 00:00 0 
7f3d2c060000-7f3d30000000 ---p 00000000 00:00 0 
7f3d30000000-7f3d30021000 rw-p 00000000 00:00 0 
7f3d30021000-7f3d34000000 ---p 00000000 00:00 0 
7f3d34000000-7f3d341da000 rw-p 00000000 00:00 0 
7f3d341da000-7f3d38000000 ---p 00000000 00:00 0 
7f3d38000000-7f3d38021000 rw-p 00000000 00:00 0 
7f3d38021000-7f3d3c000000 ---p 00000000 00:00 0 
7f3d3c000000-7f3d3c021000 rw-p 00000000 00:00 0 
7f3d3c021000-7f3d40000000 ---p 00000000 00:00 0 
7f3d40000000-7f3d402fa000 rw-p 00000000 00:00 0 
7f3d402fa000-7f3d44000000 ---p 00000000 00:00 0 
7f3d44000000-7f3d44021000 rw-p 00000000 00:00 0 
7f3d44021000-7f3d48000000 ---p 00000000 00:00 0 
7f3d48000000-7f3d48021000 rw-p 00000000 00:00 0 
7f3d48021000-7f3d4c000000 ---p 00000000 00:00 0 
7f3d4c000000-7f3d4d3f8000 rw-p 00000000 00:00 0 
7f3d4d3f8000-7f3d50000000 ---p 00000000 00:00 0 
7f3d50000000-7f3d50021000 rw-p 00000000 00:00 0 
7f3d50021000-7f3d54000000 ---p 00000000 00:00 0 
7f3d54000000-7f3d54053000 rw-p 00000000 00:00 0 
7f3d54053000-7f3d58000000 ---p 00000000 00:00 0 
7f3d58000000-7f3d58968000 rw-p 00000000 00:00 0 
7f3d58968000-7f3d5c000000 ---p 00000000 00:00 0 
7f3d5c000000-7f3d5c021000 rw-p 00000000 00:00 0 
7f3d5c021000-7f3d60000000 ---p 00000000 00:00 0 
7f3d60000000-7f3d60021000 rw-p 00000000 00:00 0 
7f3d60021000-7f3d64000000 ---p 00000000 00:00 0 
7f3d64000000-7f3d653cb000 rw-p 00000000 00:00 0 
7f3d653cb000-7f3d68000000 ---p 00000000 00:00 0 
7f3d68000000-7f3d68021000 rw-p 00000000 00:00 0 
7f3d68021000-7f3d6c000000 ---p 00000000 00:00 0 
7f3d6c000000-7f3d6c021000 rw-p 00000000 00:00 0 
7f3d6c021000-7f3d70000000 ---p 00000000 00:00 0 
7f3d70000000-7f3d70021000 rw-p 00000000 00:00 0 
7f3d70021000-7f3d74000000 ---p 00000000 00:00 0 
7f3d740b0000-7f3d740b4000 ---p 00000000 00:00 0 
7f3d740b4000-7f3d74370000 rw-p 00000000 00:00 0 
7f3d74370000-7f3d74570000 rw-p 00000000 00:00 0 
7f3d74570000-7f3d747b0000 rw-p 00000000 00:00 0 
7f3d747b0000-7f3d747e9000 r-xp 00000000 00:2064 329607897                /nix/store/d9zjaa4bsa3ld40bpfjxz6fssjlz5nv1-zulu-8.48.0.53/jre/lib/amd64/libsunec.so
7f3d747e9000-7f3d749e8000 ---p 00039000 00:2064 329607897                /nix/store/d9zjaa4bsa3ld40bpfjxz6fssjlz5nv1-zulu-8.48.0.53/jre/lib/amd64/libsunec.so
7f3d749e8000-7f3d749ed000 r--p 00038000 00:2064 329607897                /nix/store/d9zjaa4bsa3ld40bpfjxz6fssjlz5nv1-zulu-8.48.0.53/jre/lib/amd64/libsunec.so
7f3d749ed000-7f3d749ef000 rw-p 0003d000 00:2064 329607897                /nix/store/d9zjaa4bsa3ld40bpfjxz6fssjlz5nv1-zulu-8.48.0.53/jre/lib/amd64/libsunec.so
7f3d749ef000-7f3d74a00000 rw-p 00000000 00:00 0 
7f3d74a00000-7f3d74a04000 ---p 00000000 00:00 0 
7f3d74a04000-7f3d74b00000 rw-p 00000000 00:00 0 
7f3d74b00000-7f3d74b04000 ---p 00000000 00:00 0 
7f3d74b04000-7f3d74dfe000 rw-p 00000000 00:00 0 
7f3d74dfe000-7f3d74e00000 ---p 00000000 00:00 0 
7f3d74e00000-7f3d75000000 rw-p 00000000 00:00 0 
7f3d75000000-7f3d75011000 r-xp 00000000 00:1ff3 532                      /tmp/libnetty_transport_native_epoll_x86_647297964778111877081.so (deleted)
7f3d75011000-7f3d75210000 ---p 00011000 00:1ff3 532                      /tmp/libnetty_transport_native_epoll_x86_647297964778111877081.so (deleted)
7f3d75210000-7f3d75213000 r--p 00010000 00:1ff3 532                      /tmp/libnetty_transport_native_epoll_x86_647297964778111877081.so (deleted)
7f3d75213000-7f3d75214000 rw-p 00000000 00:00 0 
7f3d75300000-7f3d75304000 ---p 00000000 00:00 0 
7f3d75304000-7f3d75600000 rw-p 00000000 00:00 0 
7f3d75600000-7f3d75604000 ---p 00000000 00:00 0 
7f3d75604000-7f3d75700000 rw-p 00000000 00:00 0 
7f3d75700000-7f3d75704000 ---p 00000000 00:00 0 
7f3d75704000-7f3d759c0000 rw-p 00000000 00:00 0 
7f3d759c0000-7f3d75c00000 rw-p 00000000 00:00 0 
7f3d75c00000-7f3d75c04000 ---p 00000000 00:00 0 
7f3d75c04000-7f3d75d00000 rw-p 00000000 00:00 0 
7f3d75d00000-7f3d75d04000 ---p 00000000 00:00 0 
7f3d75d04000-7f3d75fc0000 rw-p 00000000 00:00 0 
7f3d75fc0000-7f3d761c0000 rw-p 00000000 00:00 0 
7f3d761c0000-7f3d763c0000 rw-p 00000000 00:00 0 
7f3d763c0000-7f3d76600000 rw-p 00000000 00:00 0 
7f3d76600000-7f3d76603000 r-xp 00000000 00:1ff3 531                      /tmp/jansi-2.3.2-4b58a0e083320c67-libjansi.so
7f3d76603000-7f3d76802000 ---p 00003000 00:1ff3 531                      /tmp/jansi-2.3.2-4b58a0e083320c67-libjansi.so
7f3d76802000-7f3d76803000 rw-p 00002000 00:1ff3 531                      /tmp/jansi-2.3.2-4b58a0e083320c67-libjansi.so
7f3d7682b000-7f3d76830000 r--s 0003d000 00:2064 329607923                /nix/store/d9zjaa4bsa3ld40bpfjxz6fssjlz5nv1-zulu-8.48.0.53/jre/lib/ext/sunjce_provider.jar
7f3d76830000-7f3d76831000 r--s 0000d000 00:2064 329607922                /nix/store/d9zjaa4bsa3ld40bpfjxz6fssjlz5nv1-zulu-8.48.0.53/jre/lib/ext/sunec.jar
7f3d76831000-7f3d76835000 r--s 00040000 00:2064 329607924                /nix/store/d9zjaa4bsa3ld40bpfjxz6fssjlz5nv1-zulu-8.48.0.53/jre/lib/ext/sunpkcs11.jar
7f3d76835000-7f3d7683e000 r--s 0005d000 00:206c 5278                     /home/runner/eaglerx-server2/server/plugins/BetterRTP-3.6.1.jar
7f3d7683e000-7f3d76845000 r--s 000aa000 00:206c 5342                     /home/runner/eaglerx-server2/server/plugins/EconomyShopGUI-5.1.3.jar
7f3d76845000-7f3d76866000 r--s 002b4000 00:206c 5265                     /home/runner/eaglerx-server2/server/plugins/EssentialsX-2.19.7.jar
7f3d76866000-7f3d76887000 r--s 00185000 00:206c 5485                     /home/runner/eaglerx-server2/server/plugins/WorldEdit.jar
7f3d76887000-7f3d7688d000 r--s 0005b000 00:206c 5346                     /home/runner/eaglerx-server2/server/plugins/SilkSpawners.jar
7f3d7688d000-7f3d76892000 r--s 00044000 00:206c 5468                     /home/runner/eaglerx-server2/server/plugins/Vault.jar
7f3d76892000-7f3d768b3000 r--s 001a4000 00:206c 5402                     /home/runner/eaglerx-server2/server/plugins/toolstats-4.7.1.jar
7f3d768b3000-7f3d768c3000 r--s 000e8000 00:206c 5501                     /home/runner/eaglerx-server2/server/plugins/item-nbt-api-plugin-2.11.1.jar
7f3d768c3000-7f3d768f3000 r--s 0054f000 00:206c 5392                     /home/runner/eaglerx-server2/server/plugins/FastAsyncWorldEdit-bukkit-21.03.09-a5e5590-1285-22.3.8.jar
7f3d768f3000-7f3d768f7000 ---p 00000000 00:00 0 
7f3d768f7000-7f3d76bb3000 rw-p 00000000 00:00 0 
7f3d76bb3000-7f3d76df3000 rw-p 00000000 00:00 0 
7f3d76df3000-7f3d76dfb000 r-xp 00000000 00:2064 329607889                /nix/store/d9zjaa4bsa3ld40bpfjxz6fssjlz5nv1-zulu-8.48.0.53/jre/lib/amd64/libmanagement.so
7f3d76dfb000-7f3d76ffb000 ---p 00008000 00:2064 329607889                /nix/store/d9zjaa4bsa3ld40bpfjxz6fssjlz5nv1-zulu-8.48.0.53/jre/lib/amd64/libmanagement.so
7f3d76ffb000-7f3d76ffc000 r--p 00008000 00:2064 329607889                /nix/store/d9zjaa4bsa3ld40bpfjxz6fssjlz5nv1-zulu-8.48.0.53/jre/lib/amd64/libmanagement.so
7f3d76ffc000-7f3d76ffd000 rw-p 00009000 00:2064 329607889                /nix/store/d9zjaa4bsa3ld40bpfjxz6fssjlz5nv1-zulu-8.48.0.53/jre/lib/amd64/libmanagement.so
7f3d76ffd000-7f3d76fff000 rw-p 0000d000 00:2064 329607889                /nix/store/d9zjaa4bsa3ld40bpfjxz6fssjlz5nv1-zulu-8.48.0.53/jre/lib/amd64/libmanagement.so
7f3d77000000-7f3d77200000 rw-p 00000000 00:00 0 
7f3d77200000-7f3d7720d000 r-xp 00000000 00:1ff3 534                      /tmp/liblz4-java4896590954869949379.so
7f3d7720d000-7f3d7740c000 ---p 0000d000 00:1ff3 534                      /tmp/liblz4-java4896590954869949379.so
7f3d7740c000-7f3d7740d000 rw-p 0000c000 00:1ff3 534                      /tmp/liblz4-java4896590954869949379.so
7f3d7749b000-7f3d7749f000 ---p 00000000 00:00 0 
7f3d7749f000-7f3d774d5000 rw-p 00000000 00:00 0 
7f3d774d5000-7f3d774e2000 r--p 00000000 00:2064 306911945                /nix/store/ky1764f3wljjz4x3jr48zab9zh2qnn5l-libxcb-1.14/lib/libxcb.so.1.1.0
7f3d774e2000-7f3d774f5000 r-xp 0000d000 00:2064 306911945                /nix/store/ky1764f3wljjz4x3jr48zab9zh2qnn5l-libxcb-1.14/lib/libxcb.so.1.1.0
7f3d774f5000-7f3d774fe000 r--p 00020000 00:2064 306911945                /nix/store/ky1764f3wljjz4x3jr48zab9zh2qnn5l-libxcb-1.14/lib/libxcb.so.1.1.0
7f3d774fe000-7f3d774ff000 r--p 00028000 00:2064 306911945                /nix/store/ky1764f3wljjz4x3jr48zab9zh2qnn5l-libxcb-1.14/lib/libxcb.so.1.1.0
7f3d774ff000-7f3d77500000 rw-p 00029000 00:2064 306911945                /nix/store/ky1764f3wljjz4x3jr48zab9zh2qnn5l-libxcb-1.14/lib/libxcb.so.1.1.0
7f3d77500000-7f3d77504000 ---p 00000000 00:00 0 
7f3d77504000-7f3d77600000 rw-p 00000000 00:00 0 
7f3d77600000-7f3d7767e000 r-xp 00000000 00:1ff3 533                      /tmp/libzstd3729207455985791814.so
7f3d7767e000-7f3d7787e000 ---p 0007e000 00:1ff3 533                      /tmp/libzstd3729207455985791814.so
7f3d7787e000-7f3d7787f000 r--p 0007e000 00:1ff3 533                      /tmp/libzstd3729207455985791814.so
7f3d7787f000-7f3d77880000 rw-p 0007f000 00:1ff3 533                      /tmp/libzstd3729207455985791814.so
7f3d77890000-7f3d77892000 r--p 00000000 00:2064 306904009                /nix/store/0vjcj68syvk2pd87zjr8z17y4b3166b8-libXdmcp-1.1.3/lib/libXdmcp.so.6.0.0
7f3d77892000-7f3d77894000 r-xp 00002000 00:2064 306904009                /nix/store/0vjcj68syvk2pd87zjr8z17y4b3166b8-libXdmcp-1.1.3/lib/libXdmcp.so.6.0.0
7f3d77894000-7f3d77896000 r--p 00004000 00:2064 306904009                /nix/store/0vjcj68syvk2pd87zjr8z17y4b3166b8-libXdmcp-1.1.3/lib/libXdmcp.so.6.0.0
7f3d77896000-7f3d77897000 r--p 00005000 00:2064 306904009                /nix/store/0vjcj68syvk2pd87zjr8z17y4b3166b8-libXdmcp-1.1.3/lib/libXdmcp.so.6.0.0
7f3d77897000-7f3d77898000 rw-p 00006000 00:2064 306904009                /nix/store/0vjcj68syvk2pd87zjr8z17y4b3166b8-libXdmcp-1.1.3/lib/libXdmcp.so.6.0.0
7f3d77898000-7f3d77899000 r--p 00000000 00:2064 306903906                /nix/store/b87snadfksdi8jpl5bndpyp6fz0195jy-libXau-1.0.9/lib/libXau.so.6.0.0
7f3d77899000-7f3d7789a000 r-xp 00001000 00:2064 306903906                /nix/store/b87snadfksdi8jpl5bndpyp6fz0195jy-libXau-1.0.9/lib/libXau.so.6.0.0
7f3d7789a000-7f3d7789b000 r--p 00002000 00:2064 306903906                /nix/store/b87snadfksdi8jpl5bndpyp6fz0195jy-libXau-1.0.9/lib/libXau.so.6.0.0
7f3d7789b000-7f3d7789c000 r--p 00002000 00:2064 306903906                /nix/store/b87snadfksdi8jpl5bndpyp6fz0195jy-libXau-1.0.9/lib/libXau.so.6.0.0
7f3d7789c000-7f3d7789d000 rw-p 00003000 00:2064 306903906                /nix/store/b87snadfksdi8jpl5bndpyp6fz0195jy-libXau-1.0.9/lib/libXau.so.6.0.0
7f3d7789d000-7f3d778a0000 r--p 00000000 00:2064 306917008                /nix/store/gx4h8bqjsqmzxa44zsj7w3vjfydb28n6-libXi-1.8/lib/libXi.so.6.1.0
7f3d778a0000-7f3d778ac000 r-xp 00003000 00:2064 306917008                /nix/store/gx4h8bqjsqmzxa44zsj7w3vjfydb28n6-libXi-1.8/lib/libXi.so.6.1.0
7f3d778ac000-7f3d778af000 r--p 0000f000 00:2064 306917008                /nix/store/gx4h8bqjsqmzxa44zsj7w3vjfydb28n6-libXi-1.8/lib/libXi.so.6.1.0
7f3d778af000-7f3d778b0000 r--p 00011000 00:2064 306917008                /nix/store/gx4h8bqjsqmzxa44zsj7w3vjfydb28n6-libXi-1.8/lib/libXi.so.6.1.0
7f3d778b0000-7f3d778b1000 rw-p 00012000 00:2064 306917008                /nix/store/gx4h8bqjsqmzxa44zsj7w3vjfydb28n6-libXi-1.8/lib/libXi.so.6.1.0
7f3d778b1000-7f3d778b3000 r--p 00000000 00:2064 306917506                /nix/store/zxxfn6a37s53lpzxz9fnr1hjpczwkq2f-libXtst-1.2.3/lib/libXtst.so.6.1.0
7f3d778b3000-7f3d778b6000 r-xp 00002000 00:2064 306917506                /nix/store/zxxfn6a37s53lpzxz9fnr1hjpczwkq2f-libXtst-1.2.3/lib/libXtst.so.6.1.0
7f3d778b6000-7f3d778b7000 r--p 00005000 00:2064 306917506                /nix/store/zxxfn6a37s53lpzxz9fnr1hjpczwkq2f-libXtst-1.2.3/lib/libXtst.so.6.1.0
7f3d778b7000-7f3d778b8000 r--p 00005000 00:2064 306917506                /nix/store/zxxfn6a37s53lpzxz9fnr1hjpczwkq2f-libXtst-1.2.3/lib/libXtst.so.6.1.0
7f3d778b8000-7f3d778b9000 rw-p 00006000 00:2064 306917506                /nix/store/zxxfn6a37s53lpzxz9fnr1hjpczwkq2f-libXtst-1.2.3/lib/libXtst.so.6.1.0
7f3d778b9000-7f3d778bb000 r--p 00000000 00:2064 306917361                /nix/store/0j5kn0y8w955spfjjkz4h82q6jdn387b-libXrender-0.9.10/lib/libXrender.so.1.3.0
7f3d778bb000-7f3d778c2000 r-xp 00002000 00:2064 306917361                /nix/store/0j5kn0y8w955spfjjkz4h82q6jdn387b-libXrender-0.9.10/lib/libXrender.so.1.3.0
7f3d778c2000-7f3d778c4000 r--p 00009000 00:2064 306917361                /nix/store/0j5kn0y8w955spfjjkz4h82q6jdn387b-libXrender-0.9.10/lib/libXrender.so.1.3.0
7f3d778c4000-7f3d778c5000 r--p 0000a000 00:2064 306917361                /nix/store/0j5kn0y8w955spfjjkz4h82q6jdn387b-libXrender-0.9.10/lib/libXrender.so.1.3.0
7f3d778c5000-7f3d778c6000 rw-p 0000b000 00:2064 306917361                /nix/store/0j5kn0y8w955spfjjkz4h82q6jdn387b-libXrender-0.9.10/lib/libXrender.so.1.3.0
7f3d778c6000-7f3d778ca000 r--p 00000000 00:2064 306916895                /nix/store/7sx990hnww7jnwv51mgln2kv5ni6im8r-libXext-1.3.4/lib/libXext.so.6.4.0
7f3d778ca000-7f3d778d5000 r-xp 00004000 00:2064 306916895                /nix/store/7sx990hnww7jnwv51mgln2kv5ni6im8r-libXext-1.3.4/lib/libXext.so.6.4.0
7f3d778d5000-7f3d778d9000 r--p 0000f000 00:2064 306916895                /nix/store/7sx990hnww7jnwv51mgln2kv5ni6im8r-libXext-1.3.4/lib/libXext.so.6.4.0
7f3d778d9000-7f3d778da000 r--p 00012000 00:2064 306916895                /nix/store/7sx990hnww7jnwv51mgln2kv5ni6im8r-libXext-1.3.4/lib/libXext.so.6.4.0
7f3d778da000-7f3d778db000 rw-p 00013000 00:2064 306916895                /nix/store/7sx990hnww7jnwv51mgln2kv5ni6im8r-libXext-1.3.4/lib/libXext.so.6.4.0
7f3d778db000-7f3d778df000 ---p 00000000 00:00 0 
7f3d778df000-7f3d77b9b000 rw-p 00000000 00:00 0 
7f3d77b9b000-7f3d77d9b000 rw-p 00000000 00:00 0 
7f3d77d9b000-7f3d77fdb000 rw-p 00000000 00:00 0 
7f3d77fdb000-7f3d77ff6000 r--s 00394000 00:2064 329607914                /nix/store/d9zjaa4bsa3ld40bpfjxz6fssjlz5nv1-zulu-8.48.0.53/jre/lib/ext/cldrdata.jar
7f3d77ff6000-7f3d78000000 r--s 00117000 00:2064 329607918                /nix/store/d9zjaa4bsa3ld40bpfjxz6fssjlz5nv1-zulu-8.48.0.53/jre/lib/ext/localedata.jar
7f3d78000000-7f3d7804a000 rw-p 00000000 00:00 0 
7f3d7804a000-7f3d7c000000 ---p 00000000 00:00 0 
7f3d7c000000-7f3d7c0bc000 rw-p 00000000 00:00 0 
7f3d7c0bc000-7f3d80000000 ---p 00000000 00:00 0 
7f3d80000000-7f3d80021000 rw-p 00000000 00:00 0 
7f3d80021000-7f3d84000000 ---p 00000000 00:00 0 
7f3d84000000-7f3d84003000 r--s 0003b000 00:206c 5347                     /home/runner/eaglerx-server2/server/plugins/GriefPrevention.jar
7f3d84003000-7f3d84005000 r--s 00009000 00:206c 5481                     /home/runner/eaglerx-server2/server/plugins/FarmProtect-v1.9.0.jar
7f3d84005000-7f3d84007000 r--s 00006000 00:206c 5482                     /home/runner/eaglerx-server2/server/plugins/ImgMap.jar
7f3d84007000-7f3d8400a000 r--s 0001f000 00:206c 5451                     /home/runner/eaglerx-server2/server/plugins/TreeAssist-1.8.jar
7f3d8400a000-7f3d8400b000 r--s 00004000 00:206c 5344                     /home/runner/eaglerx-server2/server/plugins/VeinMiner.jar
7f3d8400b000-7f3d8400d000 r--s 00014000 00:206c 5467                     /home/runner/eaglerx-server2/server/plugins/AntiCreeper.jar
7f3d8400d000-7f3d84014000 r--s 00048000 00:206c 5475                     /home/runner/eaglerx-server2/server/plugins/iDisguise.jar
7f3d84014000-7f3d84016000 r--s 00012000 00:206c 5343                     /home/runner/eaglerx-server2/server/plugins/HealthBar.jar
7f3d84016000-7f3d84029000 r--s 0034c000 00:2064 329607961                /nix/store/d9zjaa4bsa3ld40bpfjxz6fssjlz5nv1-zulu-8.48.0.53/jre/lib/resources.jar
7f3d84029000-7f3d84044000 r--s 001d6000 00:2064 329607920                /nix/store/d9zjaa4bsa3ld40bpfjxz6fssjlz5nv1-zulu-8.48.0.53/jre/lib/ext/nashorn.jar
7f3d84044000-7f3d84048000 ---p 00000000 00:00 0 
7f3d84048000-7f3d84144000 rw-p 00000000 00:00 0 
7f3d84144000-7f3d842bc000 r--s 01704000 00:206c 5460                     /home/runner/eaglerx-server2/server/cache/patched_1.8.8.jar
7f3d842bc000-7f3d842ce000 r--s 001c4000 00:2064 329607949                /nix/store/d9zjaa4bsa3ld40bpfjxz6fssjlz5nv1-zulu-8.48.0.53/jre/lib/jsse.jar
7f3d842ce000-7f3d842e6000 r-xp 00000000 00:2064 329607891                /nix/store/d9zjaa4bsa3ld40bpfjxz6fssjlz5nv1-zulu-8.48.0.53/jre/lib/amd64/libnet.so
7f3d842e6000-7f3d844e5000 ---p 00018000 00:2064 329607891                /nix/store/d9zjaa4bsa3ld40bpfjxz6fssjlz5nv1-zulu-8.48.0.53/jre/lib/amd64/libnet.so
7f3d844e5000-7f3d844e6000 r--p 00017000 00:2064 329607891                /nix/store/d9zjaa4bsa3ld40bpfjxz6fssjlz5nv1-zulu-8.48.0.53/jre/lib/amd64/libnet.so
7f3d844e6000-7f3d844e7000 rw-p 00018000 00:2064 329607891                /nix/store/d9zjaa4bsa3ld40bpfjxz6fssjlz5nv1-zulu-8.48.0.53/jre/lib/amd64/libnet.so
7f3d844e7000-7f3d844e9000 rw-p 0001e000 00:2064 329607891                /nix/store/d9zjaa4bsa3ld40bpfjxz6fssjlz5nv1-zulu-8.48.0.53/jre/lib/amd64/libnet.so
7f3d844e9000-7f3d844fa000 r-xp 00000000 00:2064 329607892                /nix/store/d9zjaa4bsa3ld40bpfjxz6fssjlz5nv1-zulu-8.48.0.53/jre/lib/amd64/libnio.so
7f3d844fa000-7f3d846fa000 ---p 00011000 00:2064 329607892                /nix/store/d9zjaa4bsa3ld40bpfjxz6fssjlz5nv1-zulu-8.48.0.53/jre/lib/amd64/libnio.so
7f3d846fa000-7f3d846fb000 r--p 00011000 00:2064 329607892                /nix/store/d9zjaa4bsa3ld40bpfjxz6fssjlz5nv1-zulu-8.48.0.53/jre/lib/amd64/libnio.so
7f3d846fb000-7f3d846fc000 rw-p 00012000 00:2064 329607892                /nix/store/d9zjaa4bsa3ld40bpfjxz6fssjlz5nv1-zulu-8.48.0.53/jre/lib/amd64/libnio.so
7f3d846fc000-7f3d846ff000 rw-p 00019000 00:2064 329607892                /nix/store/d9zjaa4bsa3ld40bpfjxz6fssjlz5nv1-zulu-8.48.0.53/jre/lib/amd64/libnio.so
7f3d846ff000-7f3d84717000 r--s 0012d000 00:2064 329607921                /nix/store/d9zjaa4bsa3ld40bpfjxz6fssjlz5nv1-zulu-8.48.0.53/jre/lib/ext/openjsse.jar
7f3d84717000-7f3d84718000 ---p 00000000 00:00 0 
7f3d84718000-7f3d84818000 rw-p 00000000 00:00 0 
7f3d84818000-7f3d8481c000 ---p 00000000 00:00 0 
7f3d8481c000-7f3d84918000 rw-p 00000000 00:00 0 
7f3d84918000-7f3d84919000 ---p 00000000 00:00 0 
7f3d84919000-7f3d8491d000 ---p 00000000 00:00 0 
7f3d8491d000-7f3d84a19000 rw-p 00000000 00:00 0 
7f3d84a19000-7f3d84a1a000 ---p 00000000 00:00 0 
7f3d84a1a000-7f3d84a1e000 ---p 00000000 00:00 0 
7f3d84a1e000-7f3d84b1a000 rw-p 00000000 00:00 0 
7f3d84b1a000-7f3d84b1e000 ---p 00000000 00:00 0 
7f3d84b1e000-7f3d84c1a000 rw-p 00000000 00:00 0 
7f3d84c1a000-7f3d84f00000 r--p 00000000 00:1ff6 28444448                 /usr/lib/locale/locale-archive
7f3d84f00000-7f3d84f04000 ---p 00000000 00:00 0 
7f3d84f04000-7f3d85000000 rw-p 00000000 00:00 0 
7f3d85000000-7f3d86000000 rwxp 00000000 00:00 0 
7f3d86000000-7f3d94000000 ---p 00000000 00:00 0 
7f3d94000000-7f3d94737000 rw-p 00000000 00:00 0 
7f3d94737000-7f3d98000000 ---p 00000000 00:00 0 
7f3d98000000-7f3d98001000 r--s 00007000 00:206c 5345                     /home/runner/eaglerx-server2/server/plugins/UberEnchant.jar
7f3d98001000-7f3d98003000 r--s 00006000 00:206c 5589                     /home/runner/eaglerx-server2/server/plugins/OfflineManager.jar
7f3d98003000-7f3d98005000 r--s 00016000 00:2064 329607944                /nix/store/d9zjaa4bsa3ld40bpfjxz6fssjlz5nv1-zulu-8.48.0.53/jre/lib/jce.jar
7f3d98005000-7f3d98010000 r--s 01692000 00:206c 5458                     /home/runner/eaglerx-server2/server/server.jar
7f3d98010000-7f3d98016000 r--s 00065000 00:2064 329607917                /nix/store/d9zjaa4bsa3ld40bpfjxz6fssjlz5nv1-zulu-8.48.0.53/jre/lib/ext/legacy8ujsse.jar
7f3d98016000-7f3d9801d000 r--s 000d3000 00:2064 329607948                /nix/store/d9zjaa4bsa3ld40bpfjxz6fssjlz5nv1-zulu-8.48.0.53/jre/lib/jfr.jar
7f3d9801d000-7f3d98021000 ---p 00000000 00:00 0 
7f3d98021000-7f3d9811d000 rw-p 00000000 00:00 0 
7f3d9811d000-7f3d9811e000 ---p 00000000 00:00 0 
7f3d9811e000-7f3d98e78000 rw-p 00000000 00:00 0 
7f3d98e78000-7f3d9904b000 r--s 03cdf000 00:2064 329607962                /nix/store/d9zjaa4bsa3ld40bpfjxz6fssjlz5nv1-zulu-8.48.0.53/jre/lib/rt.jar
7f3d9904b000-7f3d9aa26000 rw-p 00000000 00:00 0 
7f3d9aa26000-7f3d9aa27000 ---p 00000000 00:00 0 
7f3d9aa27000-7f3d9ab27000 rw-p 00000000 00:00 0 
7f3d9ab27000-7f3d9ab28000 ---p 00000000 00:00 0 
7f3d9ab28000-7f3d9ac28000 rw-p 00000000 00:00 0 
7f3d9ac28000-7f3d9ac29000 ---p 00000000 00:00 0 
7f3d9ac29000-7f3d9adc8000 rw-p 00000000 00:00 0 
7f3d9adc8000-7f3d9add4000 ---p 00000000 00:00 0 
7f3d9add4000-7f3d9ae73000 rw-p 00000000 00:00 0 
7f3d9ae73000-7f3d9ae7e000 ---p 00000000 00:00 0 
7f3d9ae7e000-7f3d9aed3000 rw-p 00000000 00:00 0 
7f3d9aed3000-7f3d9af15000 rw-p 00000000 00:00 0 
7f3d9af15000-7f3d9b295000 ---p 00000000 00:00 0 
7f3d9b295000-7f3d9b2b0000 r-xp 00000000 00:2064 329607900                /nix/store/d9zjaa4bsa3ld40bpfjxz6fssjlz5nv1-zulu-8.48.0.53/jre/lib/amd64/libzip.so
7f3d9b2b0000-7f3d9b4b0000 ---p 0001b000 00:2064 329607900                /nix/store/d9zjaa4bsa3ld40bpfjxz6fssjlz5nv1-zulu-8.48.0.53/jre/lib/amd64/libzip.so
7f3d9b4b0000-7f3d9b4b1000 r--p 0001b000 00:2064 329607900                /nix/store/d9zjaa4bsa3ld40bpfjxz6fssjlz5nv1-zulu-8.48.0.53/jre/lib/amd64/libzip.so
7f3d9b4b1000-7f3d9b4b2000 rw-p 0001c000 00:2064 329607900                /nix/store/d9zjaa4bsa3ld40bpfjxz6fssjlz5nv1-zulu-8.48.0.53/jre/lib/amd64/libzip.so
7f3d9b4b2000-7f3d9b4b3000 rw-p 00021000 00:2064 329607900                /nix/store/d9zjaa4bsa3ld40bpfjxz6fssjlz5nv1-zulu-8.48.0.53/jre/lib/amd64/libzip.so
7f3d9b4b3000-7f3d9b4bb000 rw-s 00000000 00:1ff3 529                      /tmp/hsperfdata_runner/47
7f3d9b4bb000-7f3d9b4bc000 rw-p 00000000 00:00 0 
7f3d9b4bc000-7f3d9b4bd000 ---p 00000000 00:00 0 
7f3d9b4bd000-7f3d9b4e5000 r-xp 00000000 00:2064 329607879                /nix/store/d9zjaa4bsa3ld40bpfjxz6fssjlz5nv1-zulu-8.48.0.53/jre/lib/amd64/libjava.so
7f3d9b4e5000-7f3d9b6e4000 ---p 00028000 00:2064 329607879                /nix/store/d9zjaa4bsa3ld40bpfjxz6fssjlz5nv1-zulu-8.48.0.53/jre/lib/amd64/libjava.so
7f3d9b6e4000-7f3d9b6e5000 r--p 00027000 00:2064 329607879                /nix/store/d9zjaa4bsa3ld40bpfjxz6fssjlz5nv1-zulu-8.48.0.53/jre/lib/amd64/libjava.so
7f3d9b6e5000-7f3d9b6e7000 rw-p 00028000 00:2064 329607879                /nix/store/d9zjaa4bsa3ld40bpfjxz6fssjlz5nv1-zulu-8.48.0.53/jre/lib/amd64/libjava.so
7f3d9b6e7000-7f3d9b6ec000 rw-p 00033000 00:2064 329607879                /nix/store/d9zjaa4bsa3ld40bpfjxz6fssjlz5nv1-zulu-8.48.0.53/jre/lib/amd64/libjava.so
7f3d9b6ec000-7f3d9b6fa000 r-xp 00000000 00:2064 329607899                /nix/store/d9zjaa4bsa3ld40bpfjxz6fssjlz5nv1-zulu-8.48.0.53/jre/lib/amd64/libverify.so
7f3d9b6fa000-7f3d9b8f9000 ---p 0000e000 00:2064 329607899                /nix/store/d9zjaa4bsa3ld40bpfjxz6fssjlz5nv1-zulu-8.48.0.53/jre/lib/amd64/libverify.so
7f3d9b8f9000-7f3d9b8fb000 r--p 0000d000 00:2064 329607899                /nix/store/d9zjaa4bsa3ld40bpfjxz6fssjlz5nv1-zulu-8.48.0.53/jre/lib/amd64/libverify.so
7f3d9b8fb000-7f3d9b8fc000 rw-p 0000f000 00:2064 329607899                /nix/store/d9zjaa4bsa3ld40bpfjxz6fssjlz5nv1-zulu-8.48.0.53/jre/lib/amd64/libverify.so
7f3d9b8fc000-7f3d9b8fd000 rw-p 00012000 00:2064 329607899                /nix/store/d9zjaa4bsa3ld40bpfjxz6fssjlz5nv1-zulu-8.48.0.53/jre/lib/amd64/libverify.so
7f3d9b8fd000-7f3d9b8fe000 r--p 00000000 00:2064 306882300                /nix/store/scd5n7xsn0hh0lvhhnycr9gx0h8xfzsl-glibc-2.34-210/lib/librt.so.1
7f3d9b8fe000-7f3d9b8ff000 r-xp 00001000 00:2064 306882300                /nix/store/scd5n7xsn0hh0lvhhnycr9gx0h8xfzsl-glibc-2.34-210/lib/librt.so.1
7f3d9b8ff000-7f3d9b900000 r--p 00002000 00:2064 306882300                /nix/store/scd5n7xsn0hh0lvhhnycr9gx0h8xfzsl-glibc-2.34-210/lib/librt.so.1
7f3d9b900000-7f3d9b901000 r--p 00002000 00:2064 306882300                /nix/store/scd5n7xsn0hh0lvhhnycr9gx0h8xfzsl-glibc-2.34-210/lib/librt.so.1
7f3d9b901000-7f3d9b902000 rw-p 00003000 00:2064 306882300                /nix/store/scd5n7xsn0hh0lvhhnycr9gx0h8xfzsl-glibc-2.34-210/lib/librt.so.1
7f3d9b902000-7f3d9b903000 ---p 00000000 00:00 0 
7f3d9b903000-7f3d9b907000 ---p 00000000 00:00 0 
7f3d9b907000-7f3d9ba03000 rw-p 00000000 00:00 0 
7f3d9ba03000-7f3d9ba10000 r--p 00000000 00:2064 306882165                /nix/store/scd5n7xsn0hh0lvhhnycr9gx0h8xfzsl-glibc-2.34-210/lib/libm.so.6
7f3d9ba10000-7f3d9ba7d000 r-xp 0000d000 00:2064 306882165                /nix/store/scd5n7xsn0hh0lvhhnycr9gx0h8xfzsl-glibc-2.34-210/lib/libm.so.6
7f3d9ba7d000-7f3d9bada000 r--p 0007a000 00:2064 306882165                /nix/store/scd5n7xsn0hh0lvhhnycr9gx0h8xfzsl-glibc-2.34-210/lib/libm.so.6
7f3d9bada000-7f3d9badb000 r--p 000d6000 00:2064 306882165                /nix/store/scd5n7xsn0hh0lvhhnycr9gx0h8xfzsl-glibc-2.34-210/lib/libm.so.6
7f3d9badb000-7f3d9badc000 rw-p 000d7000 00:2064 306882165                /nix/store/scd5n7xsn0hh0lvhhnycr9gx0h8xfzsl-glibc-2.34-210/lib/libm.so.6
7f3d9badc000-7f3d9c7e3000 r-xp 00000000 00:2064 329607903                /nix/store/d9zjaa4bsa3ld40bpfjxz6fssjlz5nv1-zulu-8.48.0.53/jre/lib/amd64/server/libjvm.so
7f3d9c7e3000-7f3d9c9e2000 ---p 00d07000 00:2064 329607903                /nix/store/d9zjaa4bsa3ld40bpfjxz6fssjlz5nv1-zulu-8.48.0.53/jre/lib/amd64/server/libjvm.so
7f3d9c9e2000-7f3d9ca8d000 r--p 00d06000 00:2064 329607903                /nix/store/d9zjaa4bsa3ld40bpfjxz6fssjlz5nv1-zulu-8.48.0.53/jre/lib/amd64/server/libjvm.so
7f3d9ca8d000-7f3d9cab6000 rw-p 00db1000 00:2064 329607903                /nix/store/d9zjaa4bsa3ld40bpfjxz6fssjlz5nv1-zulu-8.48.0.53/jre/lib/amd64/server/libjvm.so
7f3d9cab6000-7f3d9cafd000 rw-p 00000000 00:00 0 
7f3d9cafd000-7f3d9cb25000 r--p 00000000 00:2064 306881957                /nix/store/scd5n7xsn0hh0lvhhnycr9gx0h8xfzsl-glibc-2.34-210/lib/libc.so.6
7f3d9cb25000-7f3d9cc8f000 r-xp 00028000 00:2064 306881957                /nix/store/scd5n7xsn0hh0lvhhnycr9gx0h8xfzsl-glibc-2.34-210/lib/libc.so.6
7f3d9cc8f000-7f3d9cce8000 r--p 00192000 00:2064 306881957                /nix/store/scd5n7xsn0hh0lvhhnycr9gx0h8xfzsl-glibc-2.34-210/lib/libc.so.6
7f3d9cce8000-7f3d9ccec000 r--p 001ea000 00:2064 306881957                /nix/store/scd5n7xsn0hh0lvhhnycr9gx0h8xfzsl-glibc-2.34-210/lib/libc.so.6
7f3d9ccec000-7f3d9ccee000 rw-p 001ee000 00:2064 306881957                /nix/store/scd5n7xsn0hh0lvhhnycr9gx0h8xfzsl-glibc-2.34-210/lib/libc.so.6
7f3d9ccee000-7f3d9ccfb000 rw-p 00000000 00:00 0 
7f3d9ccfb000-7f3d9ccfc000 r--p 00000000 00:2064 306882149                /nix/store/scd5n7xsn0hh0lvhhnycr9gx0h8xfzsl-glibc-2.34-210/lib/libdl.so.2
7f3d9ccfc000-7f3d9ccfd000 r-xp 00001000 00:2064 306882149                /nix/store/scd5n7xsn0hh0lvhhnycr9gx0h8xfzsl-glibc-2.34-210/lib/libdl.so.2
7f3d9ccfd000-7f3d9ccfe000 r--p 00002000 00:2064 306882149                /nix/store/scd5n7xsn0hh0lvhhnycr9gx0h8xfzsl-glibc-2.34-210/lib/libdl.so.2
7f3d9ccfe000-7f3d9ccff000 r--p 00002000 00:2064 306882149                /nix/store/scd5n7xsn0hh0lvhhnycr9gx0h8xfzsl-glibc-2.34-210/lib/libdl.so.2
7f3d9ccff000-7f3d9cd00000 rw-p 00003000 00:2064 306882149                /nix/store/scd5n7xsn0hh0lvhhnycr9gx0h8xfzsl-glibc-2.34-210/lib/libdl.so.2
7f3d9cd00000-7f3d9cd16000 r-xp 00000000 00:2064 329607864                /nix/store/d9zjaa4bsa3ld40bpfjxz6fssjlz5nv1-zulu-8.48.0.53/jre/lib/amd64/jli/libjli.so
7f3d9cd16000-7f3d9cf15000 ---p 00016000 00:2064 329607864                /nix/store/d9zjaa4bsa3ld40bpfjxz6fssjlz5nv1-zulu-8.48.0.53/jre/lib/amd64/jli/libjli.so
7f3d9cf15000-7f3d9cf16000 r--p 00015000 00:2064 329607864                /nix/store/d9zjaa4bsa3ld40bpfjxz6fssjlz5nv1-zulu-8.48.0.53/jre/lib/amd64/jli/libjli.so
7f3d9cf16000-7f3d9cf17000 rw-p 00016000 00:2064 329607864                /nix/store/d9zjaa4bsa3ld40bpfjxz6fssjlz5nv1-zulu-8.48.0.53/jre/lib/amd64/jli/libjli.so
7f3d9cf17000-7f3d9cf18000 r--p 00000000 00:2064 306882289                /nix/store/scd5n7xsn0hh0lvhhnycr9gx0h8xfzsl-glibc-2.34-210/lib/libpthread.so.0
7f3d9cf18000-7f3d9cf19000 r-xp 00001000 00:2064 306882289                /nix/store/scd5n7xsn0hh0lvhhnycr9gx0h8xfzsl-glibc-2.34-210/lib/libpthread.so.0
7f3d9cf19000-7f3d9cf1a000 r--p 00002000 00:2064 306882289                /nix/store/scd5n7xsn0hh0lvhhnycr9gx0h8xfzsl-glibc-2.34-210/lib/libpthread.so.0
7f3d9cf1a000-7f3d9cf1b000 r--p 00002000 00:2064 306882289                /nix/store/scd5n7xsn0hh0lvhhnycr9gx0h8xfzsl-glibc-2.34-210/lib/libpthread.so.0
7f3d9cf1b000-7f3d9cf1c000 rw-p 00003000 00:2064 306882289                /nix/store/scd5n7xsn0hh0lvhhnycr9gx0h8xfzsl-glibc-2.34-210/lib/libpthread.so.0
7f3d9cf1c000-7f3d9cf1e000 rw-p 00000000 00:00 0 
7f3d9cf1e000-7f3d9cf1f000 r--p 00000000 00:2064 306881922                /nix/store/scd5n7xsn0hh0lvhhnycr9gx0h8xfzsl-glibc-2.34-210/lib/ld-linux-x86-64.so.2
7f3d9cf1f000-7f3d9cf44000 r-xp 00001000 00:2064 306881922                /nix/store/scd5n7xsn0hh0lvhhnycr9gx0h8xfzsl-glibc-2.34-210/lib/ld-linux-x86-64.so.2
7f3d9cf44000-7f3d9cf4e000 r--p 00026000 00:2064 306881922                /nix/store/scd5n7xsn0hh0lvhhnycr9gx0h8xfzsl-glibc-2.34-210/lib/ld-linux-x86-64.so.2
7f3d9cf4e000-7f3d9cf50000 r--p 0002f000 00:2064 306881922                /nix/store/scd5n7xsn0hh0lvhhnycr9gx0h8xfzsl-glibc-2.34-210/lib/ld-linux-x86-64.so.2
7f3d9cf50000-7f3d9cf52000 rw-p 00031000 00:2064 306881922                /nix/store/scd5n7xsn0hh0lvhhnycr9gx0h8xfzsl-glibc-2.34-210/lib/ld-linux-x86-64.so.2
7ffe935e4000-7ffe93608000 rw-p 00000000 00:00 0                          [stack]
7ffe9376d000-7ffe93771000 r--p 00000000 00:00 0                          [vvar]
7ffe93771000-7ffe93773000 r-xp 00000000 00:00 0                          [vdso]
ffffffffff600000-ffffffffff601000 --xp 00000000 00:00 0                  [vsyscall]

VM Arguments:
jvm_args: -Xmx512M 
java_command: server.jar
java_class_path (initial): server.jar
Launcher Type: SUN_STANDARD

Environment Variables:
JAVA_HOME=/nix/store/d9zjaa4bsa3ld40bpfjxz6fssjlz5nv1-zulu-8.48.0.53
LD_LIBRARY_PATH=/nix/store/z7ff1q791ar3ghh8fcmiblaq654sw220-cups-2.4.2-lib/lib:/nix/store/yvzlx032kf9kn507y7iyrqxspfypvnnr-cairo-1.16.0/lib:/nix/store/s7yq6ngnxf4gsp4263q7xywfjihh5mpn-glib-2.72.2/lib:/nix/store/sqhmx15c0ici7qsy4ambqhkic76pc7fq-gtk+3-3.24.34/lib:/nix/store/hisqvx32cd57apbpcsnkpx6k3549wql1-libglvnd-1.4.0/lib:/nix/store/p36pgcv991mq5srvg765b78yqpxvk3qs-mesa-21.3.3-drivers/lib:/nix/store/mav4251if1ahjq5vkpwycyyvnmy459c4-pulseaudio-14.2/lib
DISPLAY=:0

Signal Handlers:
SIGSEGV: [libjvm.so+0xadc7d0], sa_mask[0]=11111111011111111101111111111110, sa_flags=SA_RESTART|SA_SIGINFO
SIGBUS: [libjvm.so+0xadc7d0], sa_mask[0]=11111111011111111101111111111110, sa_flags=SA_RESTART|SA_SIGINFO
SIGFPE: [libjvm.so+0x92ec30], sa_mask[0]=11111111011111111101111111111110, sa_flags=SA_RESTART|SA_SIGINFO
SIGPIPE: [libjvm.so+0x92ec30], sa_mask[0]=11111111011111111101111111111110, sa_flags=SA_RESTART|SA_SIGINFO
SIGXFSZ: [libjvm.so+0x92ec30], sa_mask[0]=11111111011111111101111111111110, sa_flags=SA_RESTART|SA_SIGINFO
SIGILL: [libjvm.so+0x92ec30], sa_mask[0]=11111111011111111101111111111110, sa_flags=SA_RESTART|SA_SIGINFO
SIGUSR1: SIG_DFL, sa_mask[0]=00000000000000000000000000000000, sa_flags=none
SIGUSR2: [libjvm.so+0x930510], sa_mask[0]=00000000000000000000000000000000, sa_flags=SA_RESTART|SA_SIGINFO
SIGHUP: [libjvm.so+0x931f10], sa_mask[0]=11111111011111111101111111111110, sa_flags=SA_RESTART|SA_SIGINFO
SIGINT: [libjvm.so+0x931f10], sa_mask[0]=11111111011111111101111111111110, sa_flags=SA_RESTART|SA_SIGINFO
SIGTERM: [libjvm.so+0x931f10], sa_mask[0]=11111111011111111101111111111110, sa_flags=SA_RESTART|SA_SIGINFO
SIGQUIT: [libjvm.so+0x931f10], sa_mask[0]=11111111011111111101111111111110, sa_flags=SA_RESTART|SA_SIGINFO


---------------  S Y S T E M  ---------------

OS:DISTRIB_ID=Ubuntu
DISTRIB_RELEASE=20.04
DISTRIB_CODENAME=focal
DISTRIB_DESCRIPTION="Ubuntu 20.04.2 LTS"

uname:Linux 6.2.0-1017-gcp #19~22.04.1-Ubuntu SMP Fri Oct 13 15:33:25 UTC 2023 x86_64
libc:glibc 2.34 NPTL 2.34 
rlimit: STACK 8192k, CORE infinity, NPROC infinity, NOFILE 5242, AS infinity
load average:7.37 5.79 6.64

/proc/meminfo:
MemTotal:       32855984 kB
MemFree:         1669688 kB
MemAvailable:   14006828 kB
Buffers:          487380 kB
Cached:         10457936 kB
SwapCached:            0 kB
Active:          4937768 kB
Inactive:       22900340 kB
Active(anon):      17392 kB
Inactive(anon): 16379816 kB
Active(file):    4920376 kB
Inactive(file):  6520524 kB
Unevictable:       28624 kB
Mlocked:           28624 kB
SwapTotal:             0 kB
SwapFree:              0 kB
Zswap:                 0 kB
Zswapped:              0 kB
Dirty:              8212 kB
Writeback:             0 kB
AnonPages:      16779692 kB
Mapped:          1433888 kB
Shmem:             37356 kB
KReclaimable:    1467252 kB
Slab:            2262092 kB
SReclaimable:    1467252 kB
SUnreclaim:       794840 kB
KernelStack:      258424 kB
PageTables:       412536 kB
SecPageTables:         0 kB
NFS_Unstable:          0 kB
Bounce:                0 kB
WritebackTmp:          0 kB
CommitLimit:    16427992 kB
Committed_AS:   75435776 kB
VmallocTotal:   34359738367 kB
VmallocUsed:      292904 kB
VmallocChunk:          0 kB
Percpu:            20848 kB
HardwareCorrupted:     0 kB
AnonHugePages:   1089536 kB
ShmemHugePages:        0 kB
ShmemPmdMapped:        0 kB
FileHugePages:         0 kB
FilePmdMapped:         0 kB
HugePages_Total:       0
HugePages_Free:        0
HugePages_Rsvd:        0
HugePages_Surp:        0
Hugepagesize:       2048 kB
Hugetlb:               0 kB
DirectMap4k:      658232 kB
DirectMap2M:    22407168 kB
DirectMap1G:    12582912 kB

KVM virtualization detected

CPU:total 4 (initial active 3) (4 cores per cpu, 1 threads per core) family 23 model 49 stepping 0, cmov, cx8, fxsr, mmx, sse, sse2, sse3, ssse3, sse4.1, sse4.2, popcnt, avx, avx2, aes, clmul, mmxext, 3dnowpref, lzcnt, sse4a, tsc, tscinvbit, tscinv, bmi1

/proc/cpuinfo:
processor	: 0
vendor_id	: AuthenticAMD
cpu family	: 23
model		: 49
model name	: AMD EPYC 7B12
stepping	: 0
microcode	: 0xffffffff
cpu MHz		: 2249.998
cache size	: 512 KB
physical id	: 0
siblings	: 4
core id		: 0
cpu cores	: 2
apicid		: 0
initial apicid	: 0
fpu		: yes
fpu_exception	: yes
cpuid level	: 13
wp		: yes
flags		: fpu vme de pse tsc msr pae mce cx8 apic sep mtrr pge mca cmov pat pse36 clflush mmx fxsr sse sse2 ht syscall nx mmxext fxsr_opt pdpe1gb rdtscp lm constant_tsc rep_good nopl nonstop_tsc cpuid extd_apicid tsc_known_freq pni pclmulqdq ssse3 fma cx16 sse4_1 sse4_2 movbe popcnt aes xsave avx f16c rdrand hypervisor lahf_lm cmp_legacy cr8_legacy abm sse4a misalignsse 3dnowprefetch osvw topoext ssbd ibrs ibpb stibp vmmcall fsgsbase tsc_adjust bmi1 avx2 smep bmi2 rdseed adx smap clflushopt clwb sha_ni xsaveopt xsavec xgetbv1 clzero xsaveerptr arat npt nrip_save umip rdpid
bugs		: sysret_ss_attrs null_seg spectre_v1 spectre_v2 spec_store_bypass retbleed smt_rsb srso
bogomips	: 4499.99
TLB size	: 3072 4K pages
clflush size	: 64
cache_alignment	: 64
address sizes	: 48 bits physical, 48 bits virtual
power management:

processor	: 1
vendor_id	: AuthenticAMD
cpu family	: 23
model		: 49
model name	: AMD EPYC 7B12
stepping	: 0
microcode	: 0xffffffff
cpu MHz		: 2249.998
cache size	: 512 KB
physical id	: 0
siblings	: 4
core id		: 1
cpu cores	: 2
apicid		: 2
initial apicid	: 2
fpu		: yes
fpu_exception	: yes
cpuid level	: 13
wp		: yes
flags		: fpu vme de pse tsc msr pae mce cx8 apic sep mtrr pge mca cmov pat pse36 clflush mmx fxsr sse sse2 ht syscall nx mmxext fxsr_opt pdpe1gb rdtscp lm constant_tsc rep_good nopl nonstop_tsc cpuid extd_apicid tsc_known_freq pni pclmulqdq ssse3 fma cx16 sse4_1 sse4_2 movbe popcnt aes xsave avx f16c rdrand hypervisor lahf_lm cmp_legacy cr8_legacy abm sse4a misalignsse 3dnowprefetch osvw topoext ssbd ibrs ibpb stibp vmmcall fsgsbase tsc_adjust bmi1 avx2 smep bmi2 rdseed adx smap clflushopt clwb sha_ni xsaveopt xsavec xgetbv1 clzero xsaveerptr arat npt nrip_save umip rdpid
bugs		: sysret_ss_attrs null_seg spectre_v1 spectre_v2 spec_store_bypass retbleed smt_rsb srso
bogomips	: 4499.99
TLB size	: 3072 4K pages
clflush size	: 64
cache_alignment	: 64
address sizes	: 48 bits physical, 48 bits virtual
power management:

processor	: 2
vendor_id	: AuthenticAMD
cpu family	: 23
model		: 49
model name	: AMD EPYC 7B12
stepping	: 0
microcode	: 0xffffffff
cpu MHz		: 2249.998
cache size	: 512 KB
physical id	: 0
siblings	: 4
core id		: 0
cpu cores	: 2
apicid		: 1
initial apicid	: 1
fpu		: yes
fpu_exception	: yes
cpuid level	: 13
wp		: yes
flags		: fpu vme de pse tsc msr pae mce cx8 apic sep mtrr pge mca cmov pat pse36 clflush mmx fxsr sse sse2 ht syscall nx mmxext fxsr_opt pdpe1gb rdtscp lm constant_tsc rep_good nopl nonstop_tsc cpuid extd_apicid tsc_known_freq pni pclmulqdq ssse3 fma cx16 sse4_1 sse4_2 movbe popcnt aes xsave avx f16c rdrand hypervisor lahf_lm cmp_legacy cr8_legacy abm sse4a misalignsse 3dnowprefetch osvw topoext ssbd ibrs ibpb stibp vmmcall fsgsbase tsc_adjust bmi1 avx2 smep bmi2 rdseed adx smap clflushopt clwb sha_ni xsaveopt xsavec xgetbv1 clzero xsaveerptr arat npt nrip_save umip rdpid
bugs		: sysret_ss_attrs null_seg spectre_v1 spectre_v2 spec_store_bypass retbleed smt_rsb srso
bogomips	: 4499.99
TLB size	: 3072 4K pages
clflush size	: 64
cache_alignment	: 64
address sizes	: 48 bits physical, 48 bits virtual
power management:

processor	: 3
vendor_id	: AuthenticAMD
cpu family	: 23
model		: 49
model name	: AMD EPYC 7B12
stepping	: 0
microcode	: 0xffffffff
cpu MHz		: 2249.998
cache size	: 512 KB
physical id	: 0
siblings	: 4
core id		: 1
cpu cores	: 2
apicid		: 3
initial apicid	: 3
fpu		: yes
fpu_exception	: yes
cpuid level	: 13
wp		: yes
flags		: fpu vme de pse tsc msr pae mce cx8 apic sep mtrr pge mca cmov pat pse36 clflush mmx fxsr sse sse2 ht syscall nx mmxext fxsr_opt pdpe1gb rdtscp lm constant_tsc rep_good nopl nonstop_tsc cpuid extd_apicid tsc_known_freq pni pclmulqdq ssse3 fma cx16 sse4_1 sse4_2 movbe popcnt aes xsave avx f16c rdrand hypervisor lahf_lm cmp_legacy cr8_legacy abm sse4a misalignsse 3dnowprefetch osvw topoext ssbd ibrs ibpb stibp vmmcall fsgsbase tsc_adjust bmi1 avx2 smep bmi2 rdseed adx smap clflushopt clwb sha_ni xsaveopt xsavec xgetbv1 clzero xsaveerptr arat npt nrip_save umip rdpid
bugs		: sysret_ss_attrs null_seg spectre_v1 spectre_v2 spec_store_bypass retbleed smt_rsb srso
bogomips	: 4499.99
TLB size	: 3072 4K pages
clflush size	: 64
cache_alignment	: 64
address sizes	: 48 bits physical, 48 bits virtual
power management:



Memory: 4k page, physical 32855984k(1669436k free), swap 0k(0k free)

vm_info: OpenJDK 64-Bit Server VM (25.265-b11) for linux-amd64 JRE (Zulu 8.48.0.53-CA-linux64) (1.8.0_265-b11), built on Jul 28 2020 03:24:25 by "zulu_re" with gcc 4.4.7 20120313 (Red Hat 4.4.7-3)

time: Mon Oct 30 22:50:02 2023
timezone: UTC
elapsed time: 96 seconds (0d 0h 1m 36s)

